2019-12-16T13:31:23.297Z [info] 	TrueAutomation.IO Client is listening on port 9515
2019-12-16T13:31:24.382Z [info] 	Starting TrueAutomation.IO client
2019-12-16T13:31:24.382Z [info] 	API key: 33426fca-8197-44eb-918f-356cc72ba53f
2019-12-16T13:31:24.382Z [info] 	Project name: mw-trueautomation
2019-12-16T13:31:24.382Z [info] 	Cloud server: https://app.trueautomation.io
2019-12-16T13:31:24.382Z [info] 	Starting chromeDriver /Users/tempuser/.trueautomation/chromedriver/chromedriver_mac64_78.0.3904.105 on port 9516...
2019-12-16T13:31:31.581Z [info] 	1 Create session response: {"value":{"capabilities":{"acceptInsecureCerts":false,"browserName":"chrome","browserVersion":"79.0.3945.79","chrome":{"chromedriverVersion":"78.0.3904.105 (60e2d8774a8151efa6a00b1f358371b1e0e07ee2-refs/branch-heads/3904@{#877})","userDataDir":"/var/folders/72/sz7nwm191gddft3cvjk557h40000gn/T/.com.google.Chrome.0J0hOi"},"goog:chromeOptions":{"debuggerAddress":"localhost:58143"},"networkConnectionEnabled":false,"pageLoadStrategy":"normal","platformName":"mac os x","proxy":{},"setWindowRect":true,"strictFileInteractability":false,"timeouts":{"implicit":0,"pageLoad":300000,"script":30000},"unhandledPromptBehavior":"dismiss and notify"},"sessionId":"dbda55b3592d96eb6b69e0b5108125df"}}
2019-12-16T13:31:31.602Z [info] 	1 Sending POST request to http://localhost:9516/session/dbda55b3592d96eb6b69e0b5108125df/url:  {"url":"https://ariat-dev.moovweb.cloud/"}
2019-12-16T13:31:32.728Z [info] 	3 Sending element request to http://localhost:9516/session/dbda55b3592d96eb6b69e0b5108125df:  {"using":"xpath","value":"//a[@href and contains(text(), 'Men')]__ta__ariat:header:crousel_categories:men__ta__"}
2019-12-16T13:31:33.746Z [info] 	3 Element locator: {"value":"/*[1]/*[2]/*[3]/*[1]/*[2]/*[1]/*[1]/*[1]/*[3]/*[1]/*[1]","using":"xpath","fromTa":true}
2019-12-16T13:31:33.995Z [info] 	Element response: {"value":[]}
2019-12-16T13:31:34.013Z [info] 	4 Sending element request to http://localhost:9516/session/dbda55b3592d96eb6b69e0b5108125df:  {"using":"xpath","value":"//a[@href and contains(text(), 'Men')]__ta__ariat:header:crousel_categories:men__ta__"}
2019-12-16T13:31:34.640Z [info] 	4 Element locator: {"value":"/*[1]/*[2]/*[2]/*[1]/*[2]/*[1]/*[1]/*[1]/*[3]/*[1]/*[1]","using":"xpath","fromTa":true}
2019-12-16T13:31:34.892Z [info] 	Element response: {"value":[]}
2019-12-16T13:31:34.908Z [info] 	5 Sending element request to http://localhost:9516/session/dbda55b3592d96eb6b69e0b5108125df:  {"using":"xpath","value":"//a[@href and contains(text(), 'Men')]__ta__ariat:header:crousel_categories:men__ta__"}
2019-12-16T13:31:35.563Z [info] 	5 Element locator: {"value":"/*[1]/*[2]/*[2]/*[1]/*[2]/*[1]/*[1]/*[1]/*[3]/*[1]/*[1]","using":"xpath","fromTa":true}
2019-12-16T13:31:35.814Z [info] 	Element response: {"value":[]}
2019-12-16T13:31:35.830Z [info] 	6 Sending element request to http://localhost:9516/session/dbda55b3592d96eb6b69e0b5108125df:  {"using":"xpath","value":"//a[@href and contains(text(), 'Men')]__ta__ariat:header:crousel_categories:men__ta__"}
2019-12-16T13:31:36.447Z [info] 	6 Element locator: {"value":"/*[1]/*[2]/*[2]/*[1]/*[2]/*[1]/*[1]/*[1]/*[3]/*[1]/*[1]","using":"xpath","fromTa":true}
2019-12-16T13:31:36.697Z [info] 	Element response: {"value":[]}
2019-12-16T13:31:36.712Z [info] 	7 Sending element request to http://localhost:9516/session/dbda55b3592d96eb6b69e0b5108125df:  {"using":"xpath","value":"//a[@href and contains(text(), 'Men')]__ta__ariat:header:crousel_categories:men__ta__"}
2019-12-16T13:31:37.330Z [info] 	7 Element locator: {"value":"/*[1]/*[2]/*[2]/*[1]/*[2]/*[1]/*[1]/*[1]/*[3]/*[1]/*[1]","using":"xpath","fromTa":true}
2019-12-16T13:31:37.584Z [info] 	Element response: {"value":[]}
2019-12-16T13:31:37.604Z [info] 	8 Sending element request to http://localhost:9516/session/dbda55b3592d96eb6b69e0b5108125df:  {"using":"xpath","value":"//a[@href and contains(text(), 'Men')]__ta__ariat:header:crousel_categories:men__ta__"}
2019-12-16T13:31:38.247Z [info] 	8 Element locator: {"value":"/*[1]/*[2]/*[2]/*[1]/*[2]/*[1]/*[1]/*[1]/*[3]/*[1]/*[1]","using":"xpath","fromTa":true}
2019-12-16T13:31:38.503Z [info] 	Element response: {"value":[]}
2019-12-16T13:31:38.522Z [info] 	9 Sending element request to http://localhost:9516/session/dbda55b3592d96eb6b69e0b5108125df:  {"using":"xpath","value":"//a[@href and contains(text(), 'Men')]__ta__ariat:header:crousel_categories:men__ta__"}
2019-12-16T13:31:39.083Z [info] 	9 Element locator: {"value":"/*[1]/*[2]/*[2]/*[1]/*[2]/*[1]/*[1]/*[1]/*[3]/*[1]/*[1]","using":"xpath","fromTa":true}
2019-12-16T13:31:39.338Z [info] 	Element response: {"value":[]}
2019-12-16T13:31:39.354Z [info] 	10 Sending element request to http://localhost:9516/session/dbda55b3592d96eb6b69e0b5108125df:  {"using":"xpath","value":"//a[@href and contains(text(), 'Men')]__ta__ariat:header:crousel_categories:men__ta__"}
2019-12-16T13:31:39.927Z [info] 	10 Element locator: {"value":"/*[1]/*[2]/*[2]/*[1]/*[2]/*[1]/*[1]/*[1]/*[3]/*[1]/*[1]","using":"xpath","fromTa":true}
2019-12-16T13:31:40.183Z [info] 	Element response: {"value":[]}
2019-12-16T13:31:40.200Z [info] 	11 Sending element request to http://localhost:9516/session/dbda55b3592d96eb6b69e0b5108125df:  {"using":"xpath","value":"//a[@href and contains(text(), 'Men')]__ta__ariat:header:crousel_categories:men__ta__"}
2019-12-16T13:31:40.768Z [info] 	11 Element locator: {"value":"/*[1]/*[2]/*[2]/*[1]/*[2]/*[1]/*[1]/*[1]/*[3]/*[1]/*[1]","using":"xpath","fromTa":true}
2019-12-16T13:31:41.018Z [info] 	Element response: {"value":[]}
2019-12-16T13:31:41.036Z [info] 	12 Sending element request to http://localhost:9516/session/dbda55b3592d96eb6b69e0b5108125df:  {"using":"xpath","value":"//a[@href and contains(text(), 'Men')]__ta__ariat:header:crousel_categories:men__ta__"}
2019-12-16T13:31:41.637Z [info] 	12 Element locator: {"value":"/*[1]/*[2]/*[2]/*[1]/*[2]/*[1]/*[1]/*[1]/*[3]/*[1]/*[1]","using":"xpath","fromTa":true}
2019-12-16T13:31:42.018Z [info] 	Element response: {"value":[]}
2019-12-16T13:31:42.035Z [info] 	13 Sending element request to http://localhost:9516/session/dbda55b3592d96eb6b69e0b5108125df:  {"using":"xpath","value":"//a[@href and contains(text(), 'Men')]__ta__ariat:header:crousel_categories:men__ta__"}
2019-12-16T13:31:43.108Z [info] 	13 Element locator: {"value":"/*[1]/*[2]/*[2]/*[1]/*[2]/*[1]/*[1]/*[1]/*[3]/*[1]/*[1]","using":"xpath","fromTa":true}
2019-12-16T13:31:43.359Z [info] 	Element response: {"value":[]}
2019-12-16T13:31:43.376Z [info] 	14 Sending element request to http://localhost:9516/session/dbda55b3592d96eb6b69e0b5108125df:  {"using":"xpath","value":"//a[@href and contains(text(), 'Men')]__ta__ariat:header:crousel_categories:men__ta__"}
2019-12-16T13:31:44.065Z [info] 	14 Element locator: {"value":"/*[1]/*[2]/*[3]/*[1]/*[2]/*[1]/*[1]/*[1]/*[3]/*[1]/*[1]","using":"xpath","fromTa":true}
2019-12-16T13:31:44.317Z [info] 	Element response: {"value":[]}
2019-12-16T13:31:44.334Z [info] 	15 Sending element request to http://localhost:9516/session/dbda55b3592d96eb6b69e0b5108125df:  {"using":"xpath","value":"//a[@href and contains(text(), 'Men')]__ta__ariat:header:crousel_categories:men__ta__"}
2019-12-16T13:31:44.965Z [info] 	15 Element locator: {"value":"/*[1]/*[2]/*[3]/*[1]/*[2]/*[1]/*[1]/*[1]/*[3]/*[1]/*[1]","using":"xpath","fromTa":true}
2019-12-16T13:31:45.224Z [info] 	Element response: {"value":[]}
2019-12-16T13:31:45.229Z [info] 	15 Sending GET request to http://localhost:9516/session/dbda55b3592d96eb6b69e0b5108125df/window/handles:  {}
2019-12-16T13:31:45.234Z [info] 	16 Sending POST request to http://localhost:9516/session/dbda55b3592d96eb6b69e0b5108125df/window:  {"handle":"CDwindow-40F59ACE250277523A2F85FC0ADB8118"}
2019-12-16T13:31:45.241Z [info] 	17 Sending GET request to http://localhost:9516/session/dbda55b3592d96eb6b69e0b5108125df/window/handles:  {}
2019-12-16T13:31:45.244Z [info] 	18 Sending POST request to http://localhost:9516/session/dbda55b3592d96eb6b69e0b5108125df/url:  {"url":"about:blank"}
2019-12-16T13:31:45.296Z [info] 	20 Sending element request to http://localhost:9516/session/dbda55b3592d96eb6b69e0b5108125df:  {"using":"xpath","value":"/html/body/*"}
2019-12-16T13:31:45.297Z [info] 	20 Element locator: {"value":"/html/body/*","using":"xpath","fromTa":false}
2019-12-16T13:31:45.547Z [info] 	Element response: {"value":[]}
2019-12-16T13:31:45.549Z [info] 	20 Sending POST request to http://localhost:9516/session/dbda55b3592d96eb6b69e0b5108125df/goog/cdp/execute:  {"cmd":"Storage.clearDataForOrigin","params":{"origin":"*","storageTypes":"cookies,local_storage"}}
2019-12-16T13:31:45.587Z [info] 	Sync elements
