2020-01-13T14:46:47.398Z [info] 	TrueAutomation.IO Client is listening on port 9515
2020-01-13T14:46:48.543Z [info] 	Starting TrueAutomation.IO client
2020-01-13T14:46:48.543Z [info] 	API key: 8ceb34cf-4ee4-46dd-8ccb-9f733013341a
2020-01-13T14:46:48.543Z [info] 	Project name: newnewnew
2020-01-13T14:46:48.543Z [info] 	Cloud server: http://app-dev.trueautomation.io
2020-01-13T14:46:48.544Z [info] 	Starting chromeDriver /Users/juliaarapova/.trueautomation/chromedriver/chromedriver_mac64_79.0.3945.36 on port 9516...
2020-01-13T14:46:50.686Z [info] 	1 Create session response: {"value":{"capabilities":{"acceptInsecureCerts":false,"browserName":"chrome","browserVersion":"79.0.3945.117","chrome":{"chromedriverVersion":"79.0.3945.36 (3582db32b33893869b8c1339e8f4d9ed1816f143-refs/branch-heads/3945@{#614})","userDataDir":"/var/folders/vv/_x0x6cds6_l48m8ntvvw30sw0000gn/T/.com.google.Chrome.6ZLaTG"},"goog:chromeOptions":{"debuggerAddress":"localhost:62705"},"networkConnectionEnabled":false,"pageLoadStrategy":"normal","platformName":"mac os x","proxy":{},"setWindowRect":true,"strictFileInteractability":false,"timeouts":{"implicit":0,"pageLoad":300000,"script":30000},"unhandledPromptBehavior":"dismiss and notify"},"sessionId":"9ba6be03c7513f6520bd052ac5b7ee3a"}}
2020-01-13T14:46:50.703Z [info] 	1 Sending POST request to http://localhost:9516/session/9ba6be03c7513f6520bd052ac5b7ee3a/url:  {"url":"https://mw-dev.ariat.com/"}
2020-01-13T14:46:54.593Z [info] 	3 Sending element request to http://localhost:9516/session/9ba6be03c7513f6520bd052ac5b7ee3a:  {"using":"xpath","value":"(//*[contains(@class, 'hamburger')])[1]"}
2020-01-13T14:46:54.595Z [info] 	3 Element locator: {"value":"(//*[contains(@class, 'hamburger')])[1]","using":"xpath","fromTa":false}
2020-01-13T14:46:54.610Z [info] 	Element response: {"value":[{"element-6066-11e4-a52e-4f735466cecf":"a6eec184-d87a-49e6-8033-c78f2db54731"}]}
2020-01-13T14:46:54.614Z [info] 	3 Sending POST request to http://localhost:9516/session/9ba6be03c7513f6520bd052ac5b7ee3a/execute/sync:  {"script":"return ((function(){function d(t,e,n){function r(t){var e=x(t);if(0<e.height&&0<e.width)return!0;if(\"PATH\"==t.tagName.toUpperCase()&&(0<e.height||0<e.width)){var n=window.getComputedStyle(t)[\"stroke-width\"];return!!n&&0<parseInt(n,10)}return\"hidden\"!=window.getComputedStyle(t).overflow&&Array.prototype.slice.call(t.childNodes).some(function(t){return t.nodeType==Node.TEXT_NODE||t.nodeType==Node.ELEMENT_NODE&&r(t)})}function i(t){return C(t)==T.HIDDEN&&Array.prototype.slice.call(t.childNodes).every(function(t){return t.nodeType!=Node.ELEMENT_NODE||i(t)||!r(t)})}var o=t.tagName.toUpperCase();if(\"BODY\"==o)return!0;if(\"OPTION\"==o||\"OPTGROUP\"==o){var a=c(t,function(t){return\"SELECT\"==t.tagName.toUpperCase()});return!!a&&d(a,!0,n)}var u=s(t);if(u)return!!u.image&&0<u.rect.width&&0<u.rect.height&&d(u.image,e,n);if(\"INPUT\"==o&&\"hidden\"==t.type.toLowerCase())return!1;if(\"NOSCRIPT\"==o)return!1;var l=window.getComputedStyle(t).visibility;return\"collapse\"!=l&&\"hidden\"!=l&&(!!n(t)&&(!(!e&&0==f(t))&&(!!r(t)&&!i(t))))}function E(t){var e=x(t);return{left:e.left,right:e.left+e.width,top:e.top,bottom:e.top+e.height}}function D(t){return t.parentElement}function C(t){function e(t){function e(t){if(t==u)return!0;var e=window.getComputedStyle(t),n=e.display;return 0!=n.indexOf(\"inline\")&&\"contents\"!=n&&(\"absolute\"!=r||\"static\"!=e.position)}var r=window.getComputedStyle(t).position;if(\"fixed\"==r)return i=!0,t==u?null:u;for(var n=D(t);n&&!e(n);)n=D(n);return n}function n(t){var e=t;if(\"visible\"==d)if(t==u&&l)e=l;else if(t==l)return{x:\"visible\",y:\"visible\"};var n=window.getComputedStyle(e),r={x:n[\"overflow-x\"],y:n[\"overflow-y\"]};return t==u&&(r.x=\"visible\"==r.x?\"auto\":r.x,r.y=\"visible\"==r.y?\"auto\":r.y),r}function r(t){return t==u?{x:window.scrollX,y:window.scrollY}:{x:t.scrollLeft,y:t.scrollTop}}for(var i,o=E(t),a=t.ownerDocument,u=a.documentElement,l=a.body,d=window.getComputedStyle(u).overflow,f=e(t);f;f=e(f)){var h=n(f);if(\"visible\"!=h.x||\"visible\"!=h.y){var s=x(f);if(0==s.width||0==s.height)return T.HIDDEN;var p=o.right<s.left,c=o.bottom<s.top;if(p&&\"hidden\"==h.x||c&&\"hidden\"==h.y)return T.HIDDEN;if(p&&\"visible\"!=h.x||c&&\"visible\"!=h.y){var v=r(f),g=o.right<s.left-v.x,w=o.bottom<s.top-v.y;return g&&\"visible\"!=h.x||w&&\"visible\"!=h.x?T.HIDDEN:C(f)==T.HIDDEN?T.HIDDEN:T.SCROLL}var N=o.left>=s.left+s.width,m=o.top>=s.top+s.height;if(N&&\"hidden\"==h.x||m&&\"hidden\"==h.y)return T.HIDDEN;if(N&&\"visible\"!=h.x||m&&\"visible\"!=h.y){if(i){var y=r(f);if(o.left>=u.scrollWidth-y.x||o.right>=u.scrollHeight-y.y)return T.HIDDEN}return C(f)==T.HIDDEN?T.HIDDEN:T.SCROLL}}}return T.NONE}function o(t){var e=t.document.documentElement;return{width:e.clientWidth,height:e.clientHeight}}function p(t,e,n,r){return{left:t,top:e,width:n,height:r}}function x(t){var e,n=s(t);if(n)return n.rect;if(\"HTML\"==t.tagName.toUpperCase()){t.ownerDocument;var r=o(window);return p(0,0,r.width,r.height)}try{e=t.getBoundingClientRect()}catch(i){return p(0,0,0,0)}return p(e.left,e.top,e.right-e.left,e.bottom-e.top)}function f(t){var e=1,n=window.getComputedStyle(t).opacity;n&&(e=Number(n));var r=D(t);return r&&r.nodeType==Node.ELEMENT_NODE&&(e*=f(r)),e}function h(t){var e=t.shape.toLowerCase(),n=t.coords.split(\",\");if(\"rect\"==e&&4==n.length){var r=n[0],i=n[1];return p(r,i,n[2]-r,n[3]-i)}if(\"circle\"==e&&3==n.length){var o=n[0],a=n[1],u=n[2];return p(o-u,a-u,2*u,2*u)}if(\"poly\"==e&&2<n.length){for(var l=n[0],d=n[1],f=l,h=d,s=2;s+1<n.length;s+=2)l=Math.min(l,n[s]),f=Math.max(f,n[s]),d=Math.min(d,n[s+1]),h=Math.max(h,n[s+1]);return p(l,d,f-l,h-d)}return p(0,0,0,0)}function s(t){var e=t.tagName.toUpperCase(),n=\"MAP\"==e;if(!n&&\"AREA\"!=e)return null;var r=n?t:\"MAP\"==D(t).tagName.toUpperCase()?D(t):null,i=null,o=null;if(r&&r.name&&((i=r.ownerDocument.querySelector(\"*[usemap='#\"+r.name+\"']\"))&&(o=x(i),!n&&\"default\"!=t.shape.toLowerCase()))){var a=h(t),u=Math.min(Math.max(a.left,0),o.width),l=Math.min(Math.max(a.top,0),o.height),d=Math.min(a.width,o.width-u),f=Math.min(a.height,o.height-l);o=p(u+o.left,l+o.top,d,f)}return{image:i,rect:o||p(0,0,0,0)}}function c(t,e){for(t&&(t=D(t));t;){if(e(t))return t;t=D(t)}return null}function r(t){var e=t.parentNode;if(e&&e.shadowRoot&&t.assignedSlot!==undefined)return t.assignedSlot?t.assignedSlot.parentNode:null;if(t.getDestinationInsertionPoints){var n=t.getDestinationInsertionPoints();if(0<n.length)return n[n.length-1]}return e}var T={NONE:\"none\",HIDDEN:\"hidden\",SCROLL:\"scroll\"};return function i(t,e){function n(t){if(\"none\"==window.getComputedStyle(t).display)return!1;var e=r(t);if(\"function\"==typeof ShadowRoot&&e instanceof ShadowRoot){if(e.host.shadowRoot!==e)return!1;e=e.host}return!(!e||e.nodeType!=Node.DOCUMENT_NODE&&e.nodeType!=Node.DOCUMENT_FRAGMENT_NODE)||!(e&&e.tagName&&\"DETAILS\"==e.tagName.toUpperCase()&&!e.open&&\"SUMMARY\"!=t.tagName)&&(e&&n(e))}return d(t,!!e,n)}})()).apply(null, arguments)","args":[{"element-6066-11e4-a52e-4f735466cecf":"a6eec184-d87a-49e6-8033-c78f2db54731"}]}
2020-01-13T14:46:54.624Z [info] 	4 Sending POST request to http://localhost:9516/session/9ba6be03c7513f6520bd052ac5b7ee3a/element/a6eec184-d87a-49e6-8033-c78f2db54731/click:  {}
2020-01-13T14:46:55.745Z [info] 	6 Sending element request to http://localhost:9516/session/9ba6be03c7513f6520bd052ac5b7ee3a:  {"using":"xpath","value":"//*[@role='document']//*[text() = 'Find a retailer']"}
2020-01-13T14:46:55.747Z [info] 	6 Element locator: {"value":"//*[@role='document']//*[text() = 'Find a retailer']","using":"xpath","fromTa":false}
2020-01-13T14:46:55.758Z [info] 	Element response: {"value":[{"element-6066-11e4-a52e-4f735466cecf":"1844ffd2-6ea7-4a6c-a518-97570e82f874"}]}
2020-01-13T14:46:55.761Z [info] 	6 Sending POST request to http://localhost:9516/session/9ba6be03c7513f6520bd052ac5b7ee3a/execute/sync:  {"script":"return ((function(){function d(t,e,n){function r(t){var e=x(t);if(0<e.height&&0<e.width)return!0;if(\"PATH\"==t.tagName.toUpperCase()&&(0<e.height||0<e.width)){var n=window.getComputedStyle(t)[\"stroke-width\"];return!!n&&0<parseInt(n,10)}return\"hidden\"!=window.getComputedStyle(t).overflow&&Array.prototype.slice.call(t.childNodes).some(function(t){return t.nodeType==Node.TEXT_NODE||t.nodeType==Node.ELEMENT_NODE&&r(t)})}function i(t){return C(t)==T.HIDDEN&&Array.prototype.slice.call(t.childNodes).every(function(t){return t.nodeType!=Node.ELEMENT_NODE||i(t)||!r(t)})}var o=t.tagName.toUpperCase();if(\"BODY\"==o)return!0;if(\"OPTION\"==o||\"OPTGROUP\"==o){var a=c(t,function(t){return\"SELECT\"==t.tagName.toUpperCase()});return!!a&&d(a,!0,n)}var u=s(t);if(u)return!!u.image&&0<u.rect.width&&0<u.rect.height&&d(u.image,e,n);if(\"INPUT\"==o&&\"hidden\"==t.type.toLowerCase())return!1;if(\"NOSCRIPT\"==o)return!1;var l=window.getComputedStyle(t).visibility;return\"collapse\"!=l&&\"hidden\"!=l&&(!!n(t)&&(!(!e&&0==f(t))&&(!!r(t)&&!i(t))))}function E(t){var e=x(t);return{left:e.left,right:e.left+e.width,top:e.top,bottom:e.top+e.height}}function D(t){return t.parentElement}function C(t){function e(t){function e(t){if(t==u)return!0;var e=window.getComputedStyle(t),n=e.display;return 0!=n.indexOf(\"inline\")&&\"contents\"!=n&&(\"absolute\"!=r||\"static\"!=e.position)}var r=window.getComputedStyle(t).position;if(\"fixed\"==r)return i=!0,t==u?null:u;for(var n=D(t);n&&!e(n);)n=D(n);return n}function n(t){var e=t;if(\"visible\"==d)if(t==u&&l)e=l;else if(t==l)return{x:\"visible\",y:\"visible\"};var n=window.getComputedStyle(e),r={x:n[\"overflow-x\"],y:n[\"overflow-y\"]};return t==u&&(r.x=\"visible\"==r.x?\"auto\":r.x,r.y=\"visible\"==r.y?\"auto\":r.y),r}function r(t){return t==u?{x:window.scrollX,y:window.scrollY}:{x:t.scrollLeft,y:t.scrollTop}}for(var i,o=E(t),a=t.ownerDocument,u=a.documentElement,l=a.body,d=window.getComputedStyle(u).overflow,f=e(t);f;f=e(f)){var h=n(f);if(\"visible\"!=h.x||\"visible\"!=h.y){var s=x(f);if(0==s.width||0==s.height)return T.HIDDEN;var p=o.right<s.left,c=o.bottom<s.top;if(p&&\"hidden\"==h.x||c&&\"hidden\"==h.y)return T.HIDDEN;if(p&&\"visible\"!=h.x||c&&\"visible\"!=h.y){var v=r(f),g=o.right<s.left-v.x,w=o.bottom<s.top-v.y;return g&&\"visible\"!=h.x||w&&\"visible\"!=h.x?T.HIDDEN:C(f)==T.HIDDEN?T.HIDDEN:T.SCROLL}var N=o.left>=s.left+s.width,m=o.top>=s.top+s.height;if(N&&\"hidden\"==h.x||m&&\"hidden\"==h.y)return T.HIDDEN;if(N&&\"visible\"!=h.x||m&&\"visible\"!=h.y){if(i){var y=r(f);if(o.left>=u.scrollWidth-y.x||o.right>=u.scrollHeight-y.y)return T.HIDDEN}return C(f)==T.HIDDEN?T.HIDDEN:T.SCROLL}}}return T.NONE}function o(t){var e=t.document.documentElement;return{width:e.clientWidth,height:e.clientHeight}}function p(t,e,n,r){return{left:t,top:e,width:n,height:r}}function x(t){var e,n=s(t);if(n)return n.rect;if(\"HTML\"==t.tagName.toUpperCase()){t.ownerDocument;var r=o(window);return p(0,0,r.width,r.height)}try{e=t.getBoundingClientRect()}catch(i){return p(0,0,0,0)}return p(e.left,e.top,e.right-e.left,e.bottom-e.top)}function f(t){var e=1,n=window.getComputedStyle(t).opacity;n&&(e=Number(n));var r=D(t);return r&&r.nodeType==Node.ELEMENT_NODE&&(e*=f(r)),e}function h(t){var e=t.shape.toLowerCase(),n=t.coords.split(\",\");if(\"rect\"==e&&4==n.length){var r=n[0],i=n[1];return p(r,i,n[2]-r,n[3]-i)}if(\"circle\"==e&&3==n.length){var o=n[0],a=n[1],u=n[2];return p(o-u,a-u,2*u,2*u)}if(\"poly\"==e&&2<n.length){for(var l=n[0],d=n[1],f=l,h=d,s=2;s+1<n.length;s+=2)l=Math.min(l,n[s]),f=Math.max(f,n[s]),d=Math.min(d,n[s+1]),h=Math.max(h,n[s+1]);return p(l,d,f-l,h-d)}return p(0,0,0,0)}function s(t){var e=t.tagName.toUpperCase(),n=\"MAP\"==e;if(!n&&\"AREA\"!=e)return null;var r=n?t:\"MAP\"==D(t).tagName.toUpperCase()?D(t):null,i=null,o=null;if(r&&r.name&&((i=r.ownerDocument.querySelector(\"*[usemap='#\"+r.name+\"']\"))&&(o=x(i),!n&&\"default\"!=t.shape.toLowerCase()))){var a=h(t),u=Math.min(Math.max(a.left,0),o.width),l=Math.min(Math.max(a.top,0),o.height),d=Math.min(a.width,o.width-u),f=Math.min(a.height,o.height-l);o=p(u+o.left,l+o.top,d,f)}return{image:i,rect:o||p(0,0,0,0)}}function c(t,e){for(t&&(t=D(t));t;){if(e(t))return t;t=D(t)}return null}function r(t){var e=t.parentNode;if(e&&e.shadowRoot&&t.assignedSlot!==undefined)return t.assignedSlot?t.assignedSlot.parentNode:null;if(t.getDestinationInsertionPoints){var n=t.getDestinationInsertionPoints();if(0<n.length)return n[n.length-1]}return e}var T={NONE:\"none\",HIDDEN:\"hidden\",SCROLL:\"scroll\"};return function i(t,e){function n(t){if(\"none\"==window.getComputedStyle(t).display)return!1;var e=r(t);if(\"function\"==typeof ShadowRoot&&e instanceof ShadowRoot){if(e.host.shadowRoot!==e)return!1;e=e.host}return!(!e||e.nodeType!=Node.DOCUMENT_NODE&&e.nodeType!=Node.DOCUMENT_FRAGMENT_NODE)||!(e&&e.tagName&&\"DETAILS\"==e.tagName.toUpperCase()&&!e.open&&\"SUMMARY\"!=t.tagName)&&(e&&n(e))}return d(t,!!e,n)}})()).apply(null, arguments)","args":[{"element-6066-11e4-a52e-4f735466cecf":"1844ffd2-6ea7-4a6c-a518-97570e82f874"}]}
2020-01-13T14:46:55.768Z [info] 	7 Sending POST request to http://localhost:9516/session/9ba6be03c7513f6520bd052ac5b7ee3a/element/1844ffd2-6ea7-4a6c-a518-97570e82f874/click:  {}
2020-01-13T14:47:06.882Z [info] 	9 Sending element request to http://localhost:9516/session/9ba6be03c7513f6520bd052ac5b7ee3a:  {"using":"xpath","value":"(//*[contains(@class, 'hamburger')])[1]"}
2020-01-13T14:47:06.884Z [info] 	9 Element locator: {"value":"(//*[contains(@class, 'hamburger')])[1]","using":"xpath","fromTa":false}
2020-01-13T14:47:07.131Z [info] 	Element response: {"value":[]}
2020-01-13T14:47:07.148Z [info] 	10 Sending element request to http://localhost:9516/session/9ba6be03c7513f6520bd052ac5b7ee3a:  {"using":"xpath","value":"(//*[contains(@class, 'hamburger')])[1]"}
2020-01-13T14:47:07.150Z [info] 	10 Element locator: {"value":"(//*[contains(@class, 'hamburger')])[1]","using":"xpath","fromTa":false}
2020-01-13T14:47:07.406Z [info] 	Element response: {"value":[]}
2020-01-13T14:47:07.424Z [info] 	11 Sending element request to http://localhost:9516/session/9ba6be03c7513f6520bd052ac5b7ee3a:  {"using":"xpath","value":"(//*[contains(@class, 'hamburger')])[1]"}
2020-01-13T14:47:07.425Z [info] 	11 Element locator: {"value":"(//*[contains(@class, 'hamburger')])[1]","using":"xpath","fromTa":false}
2020-01-13T14:47:07.680Z [info] 	Element response: {"value":[]}
2020-01-13T14:47:07.700Z [info] 	12 Sending element request to http://localhost:9516/session/9ba6be03c7513f6520bd052ac5b7ee3a:  {"using":"xpath","value":"(//*[contains(@class, 'hamburger')])[1]"}
2020-01-13T14:47:07.702Z [info] 	12 Element locator: {"value":"(//*[contains(@class, 'hamburger')])[1]","using":"xpath","fromTa":false}
2020-01-13T14:47:07.960Z [info] 	Element response: {"value":[]}
2020-01-13T14:47:07.980Z [info] 	13 Sending element request to http://localhost:9516/session/9ba6be03c7513f6520bd052ac5b7ee3a:  {"using":"xpath","value":"(//*[contains(@class, 'hamburger')])[1]"}
2020-01-13T14:47:07.981Z [info] 	13 Element locator: {"value":"(//*[contains(@class, 'hamburger')])[1]","using":"xpath","fromTa":false}
2020-01-13T14:47:08.241Z [info] 	Element response: {"value":[]}
2020-01-13T14:47:08.257Z [info] 	14 Sending element request to http://localhost:9516/session/9ba6be03c7513f6520bd052ac5b7ee3a:  {"using":"xpath","value":"(//*[contains(@class, 'hamburger')])[1]"}
2020-01-13T14:47:08.259Z [info] 	14 Element locator: {"value":"(//*[contains(@class, 'hamburger')])[1]","using":"xpath","fromTa":false}
2020-01-13T14:47:08.517Z [info] 	Element response: {"value":[]}
2020-01-13T14:47:08.534Z [info] 	15 Sending element request to http://localhost:9516/session/9ba6be03c7513f6520bd052ac5b7ee3a:  {"using":"xpath","value":"(//*[contains(@class, 'hamburger')])[1]"}
2020-01-13T14:47:08.536Z [info] 	15 Element locator: {"value":"(//*[contains(@class, 'hamburger')])[1]","using":"xpath","fromTa":false}
2020-01-13T14:47:08.789Z [info] 	Element response: {"value":[]}
2020-01-13T14:47:08.807Z [info] 	16 Sending element request to http://localhost:9516/session/9ba6be03c7513f6520bd052ac5b7ee3a:  {"using":"xpath","value":"(//*[contains(@class, 'hamburger')])[1]"}
2020-01-13T14:47:08.808Z [info] 	16 Element locator: {"value":"(//*[contains(@class, 'hamburger')])[1]","using":"xpath","fromTa":false}
2020-01-13T14:47:09.060Z [info] 	Element response: {"value":[]}
2020-01-13T14:47:09.077Z [info] 	17 Sending element request to http://localhost:9516/session/9ba6be03c7513f6520bd052ac5b7ee3a:  {"using":"xpath","value":"(//*[contains(@class, 'hamburger')])[1]"}
2020-01-13T14:47:09.079Z [info] 	17 Element locator: {"value":"(//*[contains(@class, 'hamburger')])[1]","using":"xpath","fromTa":false}
2020-01-13T14:47:09.334Z [info] 	Element response: {"value":[]}
2020-01-13T14:47:09.350Z [info] 	18 Sending element request to http://localhost:9516/session/9ba6be03c7513f6520bd052ac5b7ee3a:  {"using":"xpath","value":"(//*[contains(@class, 'hamburger')])[1]"}
2020-01-13T14:47:09.352Z [info] 	18 Element locator: {"value":"(//*[contains(@class, 'hamburger')])[1]","using":"xpath","fromTa":false}
2020-01-13T14:47:09.604Z [info] 	Element response: {"value":[]}
2020-01-13T14:47:09.622Z [info] 	19 Sending element request to http://localhost:9516/session/9ba6be03c7513f6520bd052ac5b7ee3a:  {"using":"xpath","value":"(//*[contains(@class, 'hamburger')])[1]"}
2020-01-13T14:47:09.623Z [info] 	19 Element locator: {"value":"(//*[contains(@class, 'hamburger')])[1]","using":"xpath","fromTa":false}
2020-01-13T14:47:09.879Z [info] 	Element response: {"value":[]}
2020-01-13T14:47:09.896Z [info] 	20 Sending element request to http://localhost:9516/session/9ba6be03c7513f6520bd052ac5b7ee3a:  {"using":"xpath","value":"(//*[contains(@class, 'hamburger')])[1]"}
2020-01-13T14:47:09.898Z [info] 	20 Element locator: {"value":"(//*[contains(@class, 'hamburger')])[1]","using":"xpath","fromTa":false}
2020-01-13T14:47:10.153Z [info] 	Element response: {"value":[]}
2020-01-13T14:47:10.169Z [info] 	21 Sending element request to http://localhost:9516/session/9ba6be03c7513f6520bd052ac5b7ee3a:  {"using":"xpath","value":"(//*[contains(@class, 'hamburger')])[1]"}
2020-01-13T14:47:10.171Z [info] 	21 Element locator: {"value":"(//*[contains(@class, 'hamburger')])[1]","using":"xpath","fromTa":false}
2020-01-13T14:47:10.416Z [info] 	Element response: {"value":[]}
2020-01-13T14:47:10.431Z [info] 	22 Sending element request to http://localhost:9516/session/9ba6be03c7513f6520bd052ac5b7ee3a:  {"using":"xpath","value":"(//*[contains(@class, 'hamburger')])[1]"}
2020-01-13T14:47:10.432Z [info] 	22 Element locator: {"value":"(//*[contains(@class, 'hamburger')])[1]","using":"xpath","fromTa":false}
2020-01-13T14:47:10.682Z [info] 	Element response: {"value":[]}
2020-01-13T14:47:10.700Z [info] 	23 Sending element request to http://localhost:9516/session/9ba6be03c7513f6520bd052ac5b7ee3a:  {"using":"xpath","value":"(//*[contains(@class, 'hamburger')])[1]"}
2020-01-13T14:47:10.702Z [info] 	23 Element locator: {"value":"(//*[contains(@class, 'hamburger')])[1]","using":"xpath","fromTa":false}
2020-01-13T14:47:10.959Z [info] 	Element response: {"value":[]}
2020-01-13T14:47:10.975Z [info] 	24 Sending element request to http://localhost:9516/session/9ba6be03c7513f6520bd052ac5b7ee3a:  {"using":"xpath","value":"(//*[contains(@class, 'hamburger')])[1]"}
2020-01-13T14:47:10.976Z [info] 	24 Element locator: {"value":"(//*[contains(@class, 'hamburger')])[1]","using":"xpath","fromTa":false}
2020-01-13T14:47:11.231Z [info] 	Element response: {"value":[]}
2020-01-13T14:47:11.249Z [info] 	25 Sending element request to http://localhost:9516/session/9ba6be03c7513f6520bd052ac5b7ee3a:  {"using":"xpath","value":"(//*[contains(@class, 'hamburger')])[1]"}
2020-01-13T14:47:11.252Z [info] 	25 Element locator: {"value":"(//*[contains(@class, 'hamburger')])[1]","using":"xpath","fromTa":false}
2020-01-13T14:47:11.509Z [info] 	Element response: {"value":[]}
2020-01-13T14:47:11.525Z [info] 	26 Sending element request to http://localhost:9516/session/9ba6be03c7513f6520bd052ac5b7ee3a:  {"using":"xpath","value":"(//*[contains(@class, 'hamburger')])[1]"}
2020-01-13T14:47:11.527Z [info] 	26 Element locator: {"value":"(//*[contains(@class, 'hamburger')])[1]","using":"xpath","fromTa":false}
2020-01-13T14:47:11.782Z [info] 	Element response: {"value":[]}
2020-01-13T14:47:11.799Z [info] 	27 Sending element request to http://localhost:9516/session/9ba6be03c7513f6520bd052ac5b7ee3a:  {"using":"xpath","value":"(//*[contains(@class, 'hamburger')])[1]"}
2020-01-13T14:47:11.801Z [info] 	27 Element locator: {"value":"(//*[contains(@class, 'hamburger')])[1]","using":"xpath","fromTa":false}
2020-01-13T14:47:12.055Z [info] 	Element response: {"value":[]}
2020-01-13T14:47:12.072Z [info] 	28 Sending element request to http://localhost:9516/session/9ba6be03c7513f6520bd052ac5b7ee3a:  {"using":"xpath","value":"(//*[contains(@class, 'hamburger')])[1]"}
2020-01-13T14:47:12.074Z [info] 	28 Element locator: {"value":"(//*[contains(@class, 'hamburger')])[1]","using":"xpath","fromTa":false}
2020-01-13T14:47:12.329Z [info] 	Element response: {"value":[]}
2020-01-13T14:47:12.347Z [info] 	29 Sending element request to http://localhost:9516/session/9ba6be03c7513f6520bd052ac5b7ee3a:  {"using":"xpath","value":"(//*[contains(@class, 'hamburger')])[1]"}
2020-01-13T14:47:12.349Z [info] 	29 Element locator: {"value":"(//*[contains(@class, 'hamburger')])[1]","using":"xpath","fromTa":false}
2020-01-13T14:47:12.620Z [info] 	Element response: {"value":[]}
2020-01-13T14:47:12.640Z [info] 	30 Sending element request to http://localhost:9516/session/9ba6be03c7513f6520bd052ac5b7ee3a:  {"using":"xpath","value":"(//*[contains(@class, 'hamburger')])[1]"}
2020-01-13T14:47:12.642Z [info] 	30 Element locator: {"value":"(//*[contains(@class, 'hamburger')])[1]","using":"xpath","fromTa":false}
2020-01-13T14:47:12.901Z [info] 	Element response: {"value":[]}
2020-01-13T14:47:12.919Z [info] 	31 Sending element request to http://localhost:9516/session/9ba6be03c7513f6520bd052ac5b7ee3a:  {"using":"xpath","value":"(//*[contains(@class, 'hamburger')])[1]"}
2020-01-13T14:47:12.921Z [info] 	31 Element locator: {"value":"(//*[contains(@class, 'hamburger')])[1]","using":"xpath","fromTa":false}
2020-01-13T14:47:13.174Z [info] 	Element response: {"value":[]}
2020-01-13T14:47:13.191Z [info] 	32 Sending element request to http://localhost:9516/session/9ba6be03c7513f6520bd052ac5b7ee3a:  {"using":"xpath","value":"(//*[contains(@class, 'hamburger')])[1]"}
2020-01-13T14:47:13.193Z [info] 	32 Element locator: {"value":"(//*[contains(@class, 'hamburger')])[1]","using":"xpath","fromTa":false}
2020-01-13T14:47:13.447Z [info] 	Element response: {"value":[]}
2020-01-13T14:47:13.463Z [info] 	33 Sending element request to http://localhost:9516/session/9ba6be03c7513f6520bd052ac5b7ee3a:  {"using":"xpath","value":"(//*[contains(@class, 'hamburger')])[1]"}
2020-01-13T14:47:13.464Z [info] 	33 Element locator: {"value":"(//*[contains(@class, 'hamburger')])[1]","using":"xpath","fromTa":false}
2020-01-13T14:47:13.720Z [info] 	Element response: {"value":[]}
2020-01-13T14:47:13.737Z [info] 	34 Sending element request to http://localhost:9516/session/9ba6be03c7513f6520bd052ac5b7ee3a:  {"using":"xpath","value":"(//*[contains(@class, 'hamburger')])[1]"}
2020-01-13T14:47:13.739Z [info] 	34 Element locator: {"value":"(//*[contains(@class, 'hamburger')])[1]","using":"xpath","fromTa":false}
2020-01-13T14:47:13.998Z [info] 	Element response: {"value":[]}
2020-01-13T14:47:14.016Z [info] 	35 Sending element request to http://localhost:9516/session/9ba6be03c7513f6520bd052ac5b7ee3a:  {"using":"xpath","value":"(//*[contains(@class, 'hamburger')])[1]"}
2020-01-13T14:47:14.018Z [info] 	35 Element locator: {"value":"(//*[contains(@class, 'hamburger')])[1]","using":"xpath","fromTa":false}
2020-01-13T14:47:14.274Z [info] 	Element response: {"value":[]}
2020-01-13T14:47:14.293Z [info] 	36 Sending element request to http://localhost:9516/session/9ba6be03c7513f6520bd052ac5b7ee3a:  {"using":"xpath","value":"(//*[contains(@class, 'hamburger')])[1]"}
2020-01-13T14:47:14.295Z [info] 	36 Element locator: {"value":"(//*[contains(@class, 'hamburger')])[1]","using":"xpath","fromTa":false}
2020-01-13T14:47:14.546Z [info] 	Element response: {"value":[]}
2020-01-13T14:47:14.563Z [info] 	37 Sending element request to http://localhost:9516/session/9ba6be03c7513f6520bd052ac5b7ee3a:  {"using":"xpath","value":"(//*[contains(@class, 'hamburger')])[1]"}
2020-01-13T14:47:14.564Z [info] 	37 Element locator: {"value":"(//*[contains(@class, 'hamburger')])[1]","using":"xpath","fromTa":false}
2020-01-13T14:47:14.811Z [info] 	Element response: {"value":[]}
2020-01-13T14:47:14.828Z [info] 	38 Sending element request to http://localhost:9516/session/9ba6be03c7513f6520bd052ac5b7ee3a:  {"using":"xpath","value":"(//*[contains(@class, 'hamburger')])[1]"}
2020-01-13T14:47:14.830Z [info] 	38 Element locator: {"value":"(//*[contains(@class, 'hamburger')])[1]","using":"xpath","fromTa":false}
2020-01-13T14:47:15.075Z [info] 	Element response: {"value":[]}
2020-01-13T14:47:15.092Z [info] 	39 Sending element request to http://localhost:9516/session/9ba6be03c7513f6520bd052ac5b7ee3a:  {"using":"xpath","value":"(//*[contains(@class, 'hamburger')])[1]"}
2020-01-13T14:47:15.093Z [info] 	39 Element locator: {"value":"(//*[contains(@class, 'hamburger')])[1]","using":"xpath","fromTa":false}
2020-01-13T14:47:15.341Z [info] 	Element response: {"value":[]}
2020-01-13T14:47:15.356Z [info] 	40 Sending element request to http://localhost:9516/session/9ba6be03c7513f6520bd052ac5b7ee3a:  {"using":"xpath","value":"(//*[contains(@class, 'hamburger')])[1]"}
2020-01-13T14:47:15.358Z [info] 	40 Element locator: {"value":"(//*[contains(@class, 'hamburger')])[1]","using":"xpath","fromTa":false}
2020-01-13T14:47:15.613Z [info] 	Element response: {"value":[]}
2020-01-13T14:47:15.630Z [info] 	41 Sending element request to http://localhost:9516/session/9ba6be03c7513f6520bd052ac5b7ee3a:  {"using":"xpath","value":"(//*[contains(@class, 'hamburger')])[1]"}
2020-01-13T14:47:15.632Z [info] 	41 Element locator: {"value":"(//*[contains(@class, 'hamburger')])[1]","using":"xpath","fromTa":false}
2020-01-13T14:47:15.891Z [info] 	Element response: {"value":[]}
2020-01-13T14:47:15.909Z [info] 	42 Sending element request to http://localhost:9516/session/9ba6be03c7513f6520bd052ac5b7ee3a:  {"using":"xpath","value":"(//*[contains(@class, 'hamburger')])[1]"}
2020-01-13T14:47:15.911Z [info] 	42 Element locator: {"value":"(//*[contains(@class, 'hamburger')])[1]","using":"xpath","fromTa":false}
2020-01-13T14:47:16.170Z [info] 	Element response: {"value":[]}
2020-01-13T14:47:16.187Z [info] 	43 Sending element request to http://localhost:9516/session/9ba6be03c7513f6520bd052ac5b7ee3a:  {"using":"xpath","value":"(//*[contains(@class, 'hamburger')])[1]"}
2020-01-13T14:47:16.190Z [info] 	43 Element locator: {"value":"(//*[contains(@class, 'hamburger')])[1]","using":"xpath","fromTa":false}
2020-01-13T14:47:16.446Z [info] 	Element response: {"value":[]}
2020-01-13T14:47:16.466Z [info] 	44 Sending element request to http://localhost:9516/session/9ba6be03c7513f6520bd052ac5b7ee3a:  {"using":"xpath","value":"(//*[contains(@class, 'hamburger')])[1]"}
2020-01-13T14:47:16.467Z [info] 	44 Element locator: {"value":"(//*[contains(@class, 'hamburger')])[1]","using":"xpath","fromTa":false}
2020-01-13T14:47:16.723Z [info] 	Element response: {"value":[]}
2020-01-13T14:47:16.739Z [info] 	45 Sending element request to http://localhost:9516/session/9ba6be03c7513f6520bd052ac5b7ee3a:  {"using":"xpath","value":"(//*[contains(@class, 'hamburger')])[1]"}
2020-01-13T14:47:16.741Z [info] 	45 Element locator: {"value":"(//*[contains(@class, 'hamburger')])[1]","using":"xpath","fromTa":false}
2020-01-13T14:47:16.991Z [info] 	Element response: {"value":[]}
2020-01-13T14:47:17.010Z [info] 	46 Sending element request to http://localhost:9516/session/9ba6be03c7513f6520bd052ac5b7ee3a:  {"using":"xpath","value":"(//*[contains(@class, 'hamburger')])[1]"}
2020-01-13T14:47:17.011Z [info] 	46 Element locator: {"value":"(//*[contains(@class, 'hamburger')])[1]","using":"xpath","fromTa":false}
2020-01-13T14:47:17.269Z [info] 	Element response: {"value":[]}
2020-01-13T14:47:17.286Z [info] 	47 Sending element request to http://localhost:9516/session/9ba6be03c7513f6520bd052ac5b7ee3a:  {"using":"xpath","value":"(//*[contains(@class, 'hamburger')])[1]"}
2020-01-13T14:47:17.289Z [info] 	47 Element locator: {"value":"(//*[contains(@class, 'hamburger')])[1]","using":"xpath","fromTa":false}
2020-01-13T14:47:17.546Z [info] 	Element response: {"value":[]}
2020-01-13T14:47:17.565Z [info] 	48 Sending element request to http://localhost:9516/session/9ba6be03c7513f6520bd052ac5b7ee3a:  {"using":"xpath","value":"(//*[contains(@class, 'hamburger')])[1]"}
2020-01-13T14:47:17.567Z [info] 	48 Element locator: {"value":"(//*[contains(@class, 'hamburger')])[1]","using":"xpath","fromTa":false}
2020-01-13T14:47:17.825Z [info] 	Element response: {"value":[]}
2020-01-13T14:47:17.844Z [info] 	49 Sending element request to http://localhost:9516/session/9ba6be03c7513f6520bd052ac5b7ee3a:  {"using":"xpath","value":"(//*[contains(@class, 'hamburger')])[1]"}
2020-01-13T14:47:17.845Z [info] 	49 Element locator: {"value":"(//*[contains(@class, 'hamburger')])[1]","using":"xpath","fromTa":false}
2020-01-13T14:47:18.103Z [info] 	Element response: {"value":[]}
2020-01-13T14:47:18.122Z [info] 	50 Sending element request to http://localhost:9516/session/9ba6be03c7513f6520bd052ac5b7ee3a:  {"using":"xpath","value":"(//*[contains(@class, 'hamburger')])[1]"}
2020-01-13T14:47:18.124Z [info] 	50 Element locator: {"value":"(//*[contains(@class, 'hamburger')])[1]","using":"xpath","fromTa":false}
2020-01-13T14:47:18.380Z [info] 	Element response: {"value":[]}
2020-01-13T14:47:18.398Z [info] 	51 Sending element request to http://localhost:9516/session/9ba6be03c7513f6520bd052ac5b7ee3a:  {"using":"xpath","value":"(//*[contains(@class, 'hamburger')])[1]"}
2020-01-13T14:47:18.400Z [info] 	51 Element locator: {"value":"(//*[contains(@class, 'hamburger')])[1]","using":"xpath","fromTa":false}
2020-01-13T14:47:18.658Z [info] 	Element response: {"value":[]}
2020-01-13T14:47:18.676Z [info] 	52 Sending element request to http://localhost:9516/session/9ba6be03c7513f6520bd052ac5b7ee3a:  {"using":"xpath","value":"(//*[contains(@class, 'hamburger')])[1]"}
2020-01-13T14:47:18.678Z [info] 	52 Element locator: {"value":"(//*[contains(@class, 'hamburger')])[1]","using":"xpath","fromTa":false}
2020-01-13T14:47:18.933Z [info] 	Element response: {"value":[]}
2020-01-13T14:47:18.938Z [info] 	52 Sending GET request to http://localhost:9516/session/9ba6be03c7513f6520bd052ac5b7ee3a/screenshot:  {}
2020-01-13T14:47:19.435Z [info] 	53 Sending GET request to http://localhost:9516/session/9ba6be03c7513f6520bd052ac5b7ee3a/window/handles:  {}
2020-01-13T14:47:19.439Z [info] 	54 Sending POST request to http://localhost:9516/session/9ba6be03c7513f6520bd052ac5b7ee3a/window:  {"handle":"CDwindow-5F1E31EF67FB267E03865FE1E8360E44"}
2020-01-13T14:47:19.443Z [info] 	55 Sending GET request to http://localhost:9516/session/9ba6be03c7513f6520bd052ac5b7ee3a/window/handles:  {}
2020-01-13T14:47:19.446Z [info] 	56 Sending POST request to http://localhost:9516/session/9ba6be03c7513f6520bd052ac5b7ee3a/url:  {"url":"about:blank"}
2020-01-13T14:47:19.482Z [info] 	58 Sending element request to http://localhost:9516/session/9ba6be03c7513f6520bd052ac5b7ee3a:  {"using":"xpath","value":"/html/body/*"}
2020-01-13T14:47:19.484Z [info] 	58 Element locator: {"value":"/html/body/*","using":"xpath","fromTa":false}
2020-01-13T14:47:19.731Z [info] 	Element response: {"value":[]}
2020-01-13T14:47:19.734Z [info] 	58 Sending POST request to http://localhost:9516/session/9ba6be03c7513f6520bd052ac5b7ee3a/goog/cdp/execute:  {"cmd":"Storage.clearDataForOrigin","params":{"origin":"*","storageTypes":"cookies,local_storage"}}
