2019-12-16T11:14:36.893Z [info] 	TrueAutomation.IO Client is listening on port 9515
2019-12-16T11:14:37.977Z [info] 	Starting TrueAutomation.IO client
2019-12-16T11:14:37.977Z [info] 	API key: 33426fca-8197-44eb-918f-356cc72ba53f
2019-12-16T11:14:37.977Z [info] 	Project name: mw-trueautomation
2019-12-16T11:14:37.977Z [info] 	Cloud server: https://app.trueautomation.io
2019-12-16T11:14:37.977Z [info] 	Starting chromeDriver /Users/tempuser/.trueautomation/chromedriver/chromedriver_mac64_78.0.3904.105 on port 9516...
2019-12-16T11:14:43.315Z [info] 	1 Create session response: {"value":{"capabilities":{"acceptInsecureCerts":false,"browserName":"chrome","browserVersion":"79.0.3945.79","chrome":{"chromedriverVersion":"78.0.3904.105 (60e2d8774a8151efa6a00b1f358371b1e0e07ee2-refs/branch-heads/3904@{#877})","userDataDir":"/var/folders/72/sz7nwm191gddft3cvjk557h40000gn/T/.com.google.Chrome.lPUqhp"},"goog:chromeOptions":{"debuggerAddress":"localhost:50788"},"networkConnectionEnabled":false,"pageLoadStrategy":"normal","platformName":"mac os x","proxy":{},"setWindowRect":true,"strictFileInteractability":false,"timeouts":{"implicit":0,"pageLoad":300000,"script":30000},"unhandledPromptBehavior":"dismiss and notify"},"sessionId":"d71c48635b609a395eb3de257021ce36"}}
2019-12-16T11:14:43.331Z [info] 	1 Sending POST request to http://localhost:9516/session/d71c48635b609a395eb3de257021ce36/url:  {"url":"https://ariat-dev.moovweb.cloud/"}
2019-12-16T11:14:44.404Z [info] 	2 Sending POST request to http://localhost:9516/session/d71c48635b609a395eb3de257021ce36/execute/sync:  {"script":"window.scrollTo(0,document.body.scrollHeight*0.0);","args":[]}
2019-12-16T11:14:44.928Z [info] 	3 Sending POST request to http://localhost:9516/session/d71c48635b609a395eb3de257021ce36/execute/sync:  {"script":"window.scrollTo(0,document.body.scrollHeight*0.1);","args":[]}
2019-12-16T11:14:45.611Z [info] 	4 Sending POST request to http://localhost:9516/session/d71c48635b609a395eb3de257021ce36/execute/sync:  {"script":"window.scrollTo(0,document.body.scrollHeight*0.2);","args":[]}
2019-12-16T11:14:46.121Z [info] 	5 Sending POST request to http://localhost:9516/session/d71c48635b609a395eb3de257021ce36/execute/sync:  {"script":"window.scrollTo(0,document.body.scrollHeight*0.3);","args":[]}
2019-12-16T11:14:46.635Z [info] 	6 Sending POST request to http://localhost:9516/session/d71c48635b609a395eb3de257021ce36/execute/sync:  {"script":"window.scrollTo(0,document.body.scrollHeight*0.4);","args":[]}
2019-12-16T11:14:47.157Z [info] 	7 Sending POST request to http://localhost:9516/session/d71c48635b609a395eb3de257021ce36/execute/sync:  {"script":"window.scrollTo(0,document.body.scrollHeight*0.5);","args":[]}
2019-12-16T11:14:47.668Z [info] 	8 Sending POST request to http://localhost:9516/session/d71c48635b609a395eb3de257021ce36/execute/sync:  {"script":"window.scrollTo(0,document.body.scrollHeight*0.6);","args":[]}
2019-12-16T11:14:48.180Z [info] 	9 Sending POST request to http://localhost:9516/session/d71c48635b609a395eb3de257021ce36/execute/sync:  {"script":"window.scrollTo(0,document.body.scrollHeight*0.7);","args":[]}
2019-12-16T11:14:48.694Z [info] 	10 Sending POST request to http://localhost:9516/session/d71c48635b609a395eb3de257021ce36/execute/sync:  {"script":"window.scrollTo(0,document.body.scrollHeight*0.8);","args":[]}
2019-12-16T11:14:49.228Z [info] 	11 Sending POST request to http://localhost:9516/session/d71c48635b609a395eb3de257021ce36/execute/sync:  {"script":"window.scrollTo(0,document.body.scrollHeight*0.9);","args":[]}
2019-12-16T11:14:49.740Z [info] 	12 Sending POST request to http://localhost:9516/session/d71c48635b609a395eb3de257021ce36/execute/sync:  {"script":"window.scrollTo(0,document.body.scrollHeight*1.0);","args":[]}
2019-12-16T11:14:50.253Z [info] 	14 Sending element request to http://localhost:9516/session/d71c48635b609a395eb3de257021ce36:  {"using":"xpath","value":"//*[@id=\"pixlee_widget_iframe5123ec82-1faf-fdd1-606e-05f5b82fc101\"]"}
2019-12-16T11:14:50.255Z [info] 	14 Element locator: {"value":"//*[@id=\"pixlee_widget_iframe5123ec82-1faf-fdd1-606e-05f5b82fc101\"]","using":"xpath","fromTa":false}
2019-12-16T11:14:50.508Z [info] 	Element response: {"value":[]}
2019-12-16T11:14:50.526Z [info] 	15 Sending element request to http://localhost:9516/session/d71c48635b609a395eb3de257021ce36:  {"using":"xpath","value":"//*[@id=\"pixlee_widget_iframe5123ec82-1faf-fdd1-606e-05f5b82fc101\"]"}
2019-12-16T11:14:50.528Z [info] 	15 Element locator: {"value":"//*[@id=\"pixlee_widget_iframe5123ec82-1faf-fdd1-606e-05f5b82fc101\"]","using":"xpath","fromTa":false}
2019-12-16T11:14:50.785Z [info] 	Element response: {"value":[]}
2019-12-16T11:14:50.803Z [info] 	16 Sending element request to http://localhost:9516/session/d71c48635b609a395eb3de257021ce36:  {"using":"xpath","value":"//*[@id=\"pixlee_widget_iframe5123ec82-1faf-fdd1-606e-05f5b82fc101\"]"}
2019-12-16T11:14:50.805Z [info] 	16 Element locator: {"value":"//*[@id=\"pixlee_widget_iframe5123ec82-1faf-fdd1-606e-05f5b82fc101\"]","using":"xpath","fromTa":false}
2019-12-16T11:14:51.064Z [info] 	Element response: {"value":[]}
2019-12-16T11:14:51.082Z [info] 	17 Sending element request to http://localhost:9516/session/d71c48635b609a395eb3de257021ce36:  {"using":"xpath","value":"//*[@id=\"pixlee_widget_iframe5123ec82-1faf-fdd1-606e-05f5b82fc101\"]"}
2019-12-16T11:14:51.083Z [info] 	17 Element locator: {"value":"//*[@id=\"pixlee_widget_iframe5123ec82-1faf-fdd1-606e-05f5b82fc101\"]","using":"xpath","fromTa":false}
2019-12-16T11:14:51.334Z [info] 	Element response: {"value":[]}
2019-12-16T11:14:51.353Z [info] 	18 Sending element request to http://localhost:9516/session/d71c48635b609a395eb3de257021ce36:  {"using":"xpath","value":"//*[@id=\"pixlee_widget_iframe5123ec82-1faf-fdd1-606e-05f5b82fc101\"]"}
2019-12-16T11:14:51.355Z [info] 	18 Element locator: {"value":"//*[@id=\"pixlee_widget_iframe5123ec82-1faf-fdd1-606e-05f5b82fc101\"]","using":"xpath","fromTa":false}
2019-12-16T11:14:51.604Z [info] 	Element response: {"value":[]}
2019-12-16T11:14:51.621Z [info] 	19 Sending element request to http://localhost:9516/session/d71c48635b609a395eb3de257021ce36:  {"using":"xpath","value":"//*[@id=\"pixlee_widget_iframe5123ec82-1faf-fdd1-606e-05f5b82fc101\"]"}
2019-12-16T11:14:51.622Z [info] 	19 Element locator: {"value":"//*[@id=\"pixlee_widget_iframe5123ec82-1faf-fdd1-606e-05f5b82fc101\"]","using":"xpath","fromTa":false}
2019-12-16T11:14:51.879Z [info] 	Element response: {"value":[]}
2019-12-16T11:14:51.897Z [info] 	20 Sending element request to http://localhost:9516/session/d71c48635b609a395eb3de257021ce36:  {"using":"xpath","value":"//*[@id=\"pixlee_widget_iframe5123ec82-1faf-fdd1-606e-05f5b82fc101\"]"}
2019-12-16T11:14:51.898Z [info] 	20 Element locator: {"value":"//*[@id=\"pixlee_widget_iframe5123ec82-1faf-fdd1-606e-05f5b82fc101\"]","using":"xpath","fromTa":false}
2019-12-16T11:14:52.155Z [info] 	Element response: {"value":[]}
2019-12-16T11:14:52.172Z [info] 	21 Sending element request to http://localhost:9516/session/d71c48635b609a395eb3de257021ce36:  {"using":"xpath","value":"//*[@id=\"pixlee_widget_iframe5123ec82-1faf-fdd1-606e-05f5b82fc101\"]"}
2019-12-16T11:14:52.173Z [info] 	21 Element locator: {"value":"//*[@id=\"pixlee_widget_iframe5123ec82-1faf-fdd1-606e-05f5b82fc101\"]","using":"xpath","fromTa":false}
2019-12-16T11:14:52.426Z [info] 	Element response: {"value":[]}
2019-12-16T11:14:52.442Z [info] 	22 Sending element request to http://localhost:9516/session/d71c48635b609a395eb3de257021ce36:  {"using":"xpath","value":"//*[@id=\"pixlee_widget_iframe5123ec82-1faf-fdd1-606e-05f5b82fc101\"]"}
2019-12-16T11:14:52.444Z [info] 	22 Element locator: {"value":"//*[@id=\"pixlee_widget_iframe5123ec82-1faf-fdd1-606e-05f5b82fc101\"]","using":"xpath","fromTa":false}
2019-12-16T11:14:52.695Z [info] 	Element response: {"value":[]}
2019-12-16T11:14:52.713Z [info] 	23 Sending element request to http://localhost:9516/session/d71c48635b609a395eb3de257021ce36:  {"using":"xpath","value":"//*[@id=\"pixlee_widget_iframe5123ec82-1faf-fdd1-606e-05f5b82fc101\"]"}
2019-12-16T11:14:52.714Z [info] 	23 Element locator: {"value":"//*[@id=\"pixlee_widget_iframe5123ec82-1faf-fdd1-606e-05f5b82fc101\"]","using":"xpath","fromTa":false}
2019-12-16T11:14:52.968Z [info] 	Element response: {"value":[]}
2019-12-16T11:14:52.985Z [info] 	24 Sending element request to http://localhost:9516/session/d71c48635b609a395eb3de257021ce36:  {"using":"xpath","value":"//*[@id=\"pixlee_widget_iframe5123ec82-1faf-fdd1-606e-05f5b82fc101\"]"}
2019-12-16T11:14:52.986Z [info] 	24 Element locator: {"value":"//*[@id=\"pixlee_widget_iframe5123ec82-1faf-fdd1-606e-05f5b82fc101\"]","using":"xpath","fromTa":false}
2019-12-16T11:14:53.236Z [info] 	Element response: {"value":[]}
2019-12-16T11:14:53.254Z [info] 	25 Sending element request to http://localhost:9516/session/d71c48635b609a395eb3de257021ce36:  {"using":"xpath","value":"//*[@id=\"pixlee_widget_iframe5123ec82-1faf-fdd1-606e-05f5b82fc101\"]"}
2019-12-16T11:14:53.256Z [info] 	25 Element locator: {"value":"//*[@id=\"pixlee_widget_iframe5123ec82-1faf-fdd1-606e-05f5b82fc101\"]","using":"xpath","fromTa":false}
2019-12-16T11:14:53.512Z [info] 	Element response: {"value":[]}
2019-12-16T11:14:53.528Z [info] 	26 Sending element request to http://localhost:9516/session/d71c48635b609a395eb3de257021ce36:  {"using":"xpath","value":"//*[@id=\"pixlee_widget_iframe5123ec82-1faf-fdd1-606e-05f5b82fc101\"]"}
2019-12-16T11:14:53.529Z [info] 	26 Element locator: {"value":"//*[@id=\"pixlee_widget_iframe5123ec82-1faf-fdd1-606e-05f5b82fc101\"]","using":"xpath","fromTa":false}
2019-12-16T11:14:53.784Z [info] 	Element response: {"value":[]}
2019-12-16T11:14:53.801Z [info] 	27 Sending element request to http://localhost:9516/session/d71c48635b609a395eb3de257021ce36:  {"using":"xpath","value":"//*[@id=\"pixlee_widget_iframe5123ec82-1faf-fdd1-606e-05f5b82fc101\"]"}
2019-12-16T11:14:53.802Z [info] 	27 Element locator: {"value":"//*[@id=\"pixlee_widget_iframe5123ec82-1faf-fdd1-606e-05f5b82fc101\"]","using":"xpath","fromTa":false}
2019-12-16T11:14:54.131Z [info] 	Element response: {"value":[]}
2019-12-16T11:14:54.147Z [info] 	28 Sending element request to http://localhost:9516/session/d71c48635b609a395eb3de257021ce36:  {"using":"xpath","value":"//*[@id=\"pixlee_widget_iframe5123ec82-1faf-fdd1-606e-05f5b82fc101\"]"}
2019-12-16T11:14:54.148Z [info] 	28 Element locator: {"value":"//*[@id=\"pixlee_widget_iframe5123ec82-1faf-fdd1-606e-05f5b82fc101\"]","using":"xpath","fromTa":false}
2019-12-16T11:14:54.664Z [info] 	Element response: {"value":[]}
2019-12-16T11:14:54.680Z [info] 	29 Sending element request to http://localhost:9516/session/d71c48635b609a395eb3de257021ce36:  {"using":"xpath","value":"//*[@id=\"pixlee_widget_iframe5123ec82-1faf-fdd1-606e-05f5b82fc101\"]"}
2019-12-16T11:14:54.682Z [info] 	29 Element locator: {"value":"//*[@id=\"pixlee_widget_iframe5123ec82-1faf-fdd1-606e-05f5b82fc101\"]","using":"xpath","fromTa":false}
2019-12-16T11:14:54.942Z [info] 	Element response: {"value":[]}
2019-12-16T11:14:54.962Z [info] 	30 Sending element request to http://localhost:9516/session/d71c48635b609a395eb3de257021ce36:  {"using":"xpath","value":"//*[@id=\"pixlee_widget_iframe5123ec82-1faf-fdd1-606e-05f5b82fc101\"]"}
2019-12-16T11:14:54.968Z [info] 	30 Element locator: {"value":"//*[@id=\"pixlee_widget_iframe5123ec82-1faf-fdd1-606e-05f5b82fc101\"]","using":"xpath","fromTa":false}
2019-12-16T11:14:55.184Z [info] 	Element response: {"value":[]}
2019-12-16T11:14:55.205Z [info] 	31 Sending element request to http://localhost:9516/session/d71c48635b609a395eb3de257021ce36:  {"using":"xpath","value":"//*[@id=\"pixlee_widget_iframe5123ec82-1faf-fdd1-606e-05f5b82fc101\"]"}
2019-12-16T11:14:55.208Z [info] 	31 Element locator: {"value":"//*[@id=\"pixlee_widget_iframe5123ec82-1faf-fdd1-606e-05f5b82fc101\"]","using":"xpath","fromTa":false}
2019-12-16T11:14:55.470Z [info] 	Element response: {"value":[]}
2019-12-16T11:14:55.486Z [info] 	32 Sending element request to http://localhost:9516/session/d71c48635b609a395eb3de257021ce36:  {"using":"xpath","value":"//*[@id=\"pixlee_widget_iframe5123ec82-1faf-fdd1-606e-05f5b82fc101\"]"}
2019-12-16T11:14:55.487Z [info] 	32 Element locator: {"value":"//*[@id=\"pixlee_widget_iframe5123ec82-1faf-fdd1-606e-05f5b82fc101\"]","using":"xpath","fromTa":false}
2019-12-16T11:14:55.739Z [info] 	Element response: {"value":[]}
2019-12-16T11:14:55.756Z [info] 	33 Sending element request to http://localhost:9516/session/d71c48635b609a395eb3de257021ce36:  {"using":"xpath","value":"//*[@id=\"pixlee_widget_iframe5123ec82-1faf-fdd1-606e-05f5b82fc101\"]"}
2019-12-16T11:14:55.759Z [info] 	33 Element locator: {"value":"//*[@id=\"pixlee_widget_iframe5123ec82-1faf-fdd1-606e-05f5b82fc101\"]","using":"xpath","fromTa":false}
2019-12-16T11:14:56.015Z [info] 	Element response: {"value":[]}
2019-12-16T11:14:56.031Z [info] 	34 Sending element request to http://localhost:9516/session/d71c48635b609a395eb3de257021ce36:  {"using":"xpath","value":"//*[@id=\"pixlee_widget_iframe5123ec82-1faf-fdd1-606e-05f5b82fc101\"]"}
2019-12-16T11:14:56.032Z [info] 	34 Element locator: {"value":"//*[@id=\"pixlee_widget_iframe5123ec82-1faf-fdd1-606e-05f5b82fc101\"]","using":"xpath","fromTa":false}
2019-12-16T11:14:56.284Z [info] 	Element response: {"value":[]}
2019-12-16T11:14:56.299Z [info] 	35 Sending element request to http://localhost:9516/session/d71c48635b609a395eb3de257021ce36:  {"using":"xpath","value":"//*[@id=\"pixlee_widget_iframe5123ec82-1faf-fdd1-606e-05f5b82fc101\"]"}
2019-12-16T11:14:56.301Z [info] 	35 Element locator: {"value":"//*[@id=\"pixlee_widget_iframe5123ec82-1faf-fdd1-606e-05f5b82fc101\"]","using":"xpath","fromTa":false}
2019-12-16T11:14:56.555Z [info] 	Element response: {"value":[]}
2019-12-16T11:14:56.573Z [info] 	36 Sending element request to http://localhost:9516/session/d71c48635b609a395eb3de257021ce36:  {"using":"xpath","value":"//*[@id=\"pixlee_widget_iframe5123ec82-1faf-fdd1-606e-05f5b82fc101\"]"}
2019-12-16T11:14:56.575Z [info] 	36 Element locator: {"value":"//*[@id=\"pixlee_widget_iframe5123ec82-1faf-fdd1-606e-05f5b82fc101\"]","using":"xpath","fromTa":false}
2019-12-16T11:14:56.832Z [info] 	Element response: {"value":[]}
2019-12-16T11:14:56.850Z [info] 	37 Sending element request to http://localhost:9516/session/d71c48635b609a395eb3de257021ce36:  {"using":"xpath","value":"//*[@id=\"pixlee_widget_iframe5123ec82-1faf-fdd1-606e-05f5b82fc101\"]"}
2019-12-16T11:14:56.852Z [info] 	37 Element locator: {"value":"//*[@id=\"pixlee_widget_iframe5123ec82-1faf-fdd1-606e-05f5b82fc101\"]","using":"xpath","fromTa":false}
2019-12-16T11:14:57.109Z [info] 	Element response: {"value":[]}
2019-12-16T11:14:57.125Z [info] 	38 Sending element request to http://localhost:9516/session/d71c48635b609a395eb3de257021ce36:  {"using":"xpath","value":"//*[@id=\"pixlee_widget_iframe5123ec82-1faf-fdd1-606e-05f5b82fc101\"]"}
2019-12-16T11:14:57.127Z [info] 	38 Element locator: {"value":"//*[@id=\"pixlee_widget_iframe5123ec82-1faf-fdd1-606e-05f5b82fc101\"]","using":"xpath","fromTa":false}
2019-12-16T11:14:57.386Z [info] 	Element response: {"value":[]}
2019-12-16T11:14:57.401Z [info] 	39 Sending element request to http://localhost:9516/session/d71c48635b609a395eb3de257021ce36:  {"using":"xpath","value":"//*[@id=\"pixlee_widget_iframe5123ec82-1faf-fdd1-606e-05f5b82fc101\"]"}
2019-12-16T11:14:57.403Z [info] 	39 Element locator: {"value":"//*[@id=\"pixlee_widget_iframe5123ec82-1faf-fdd1-606e-05f5b82fc101\"]","using":"xpath","fromTa":false}
2019-12-16T11:14:57.659Z [info] 	Element response: {"value":[]}
2019-12-16T11:14:57.676Z [info] 	40 Sending element request to http://localhost:9516/session/d71c48635b609a395eb3de257021ce36:  {"using":"xpath","value":"//*[@id=\"pixlee_widget_iframe5123ec82-1faf-fdd1-606e-05f5b82fc101\"]"}
2019-12-16T11:14:57.678Z [info] 	40 Element locator: {"value":"//*[@id=\"pixlee_widget_iframe5123ec82-1faf-fdd1-606e-05f5b82fc101\"]","using":"xpath","fromTa":false}
2019-12-16T11:14:57.935Z [info] 	Element response: {"value":[]}
2019-12-16T11:14:57.953Z [info] 	41 Sending element request to http://localhost:9516/session/d71c48635b609a395eb3de257021ce36:  {"using":"xpath","value":"//*[@id=\"pixlee_widget_iframe5123ec82-1faf-fdd1-606e-05f5b82fc101\"]"}
2019-12-16T11:14:57.955Z [info] 	41 Element locator: {"value":"//*[@id=\"pixlee_widget_iframe5123ec82-1faf-fdd1-606e-05f5b82fc101\"]","using":"xpath","fromTa":false}
2019-12-16T11:14:58.212Z [info] 	Element response: {"value":[]}
2019-12-16T11:14:58.227Z [info] 	42 Sending element request to http://localhost:9516/session/d71c48635b609a395eb3de257021ce36:  {"using":"xpath","value":"//*[@id=\"pixlee_widget_iframe5123ec82-1faf-fdd1-606e-05f5b82fc101\"]"}
2019-12-16T11:14:58.228Z [info] 	42 Element locator: {"value":"//*[@id=\"pixlee_widget_iframe5123ec82-1faf-fdd1-606e-05f5b82fc101\"]","using":"xpath","fromTa":false}
2019-12-16T11:14:58.483Z [info] 	Element response: {"value":[]}
2019-12-16T11:14:58.498Z [info] 	43 Sending element request to http://localhost:9516/session/d71c48635b609a395eb3de257021ce36:  {"using":"xpath","value":"//*[@id=\"pixlee_widget_iframe5123ec82-1faf-fdd1-606e-05f5b82fc101\"]"}
2019-12-16T11:14:58.500Z [info] 	43 Element locator: {"value":"//*[@id=\"pixlee_widget_iframe5123ec82-1faf-fdd1-606e-05f5b82fc101\"]","using":"xpath","fromTa":false}
2019-12-16T11:14:58.757Z [info] 	Element response: {"value":[]}
2019-12-16T11:14:58.774Z [info] 	44 Sending element request to http://localhost:9516/session/d71c48635b609a395eb3de257021ce36:  {"using":"xpath","value":"//*[@id=\"pixlee_widget_iframe5123ec82-1faf-fdd1-606e-05f5b82fc101\"]"}
2019-12-16T11:14:58.776Z [info] 	44 Element locator: {"value":"//*[@id=\"pixlee_widget_iframe5123ec82-1faf-fdd1-606e-05f5b82fc101\"]","using":"xpath","fromTa":false}
2019-12-16T11:14:59.030Z [info] 	Element response: {"value":[]}
2019-12-16T11:14:59.049Z [info] 	45 Sending element request to http://localhost:9516/session/d71c48635b609a395eb3de257021ce36:  {"using":"xpath","value":"//*[@id=\"pixlee_widget_iframe5123ec82-1faf-fdd1-606e-05f5b82fc101\"]"}
2019-12-16T11:14:59.050Z [info] 	45 Element locator: {"value":"//*[@id=\"pixlee_widget_iframe5123ec82-1faf-fdd1-606e-05f5b82fc101\"]","using":"xpath","fromTa":false}
2019-12-16T11:14:59.303Z [info] 	Element response: {"value":[]}
2019-12-16T11:14:59.322Z [info] 	46 Sending element request to http://localhost:9516/session/d71c48635b609a395eb3de257021ce36:  {"using":"xpath","value":"//*[@id=\"pixlee_widget_iframe5123ec82-1faf-fdd1-606e-05f5b82fc101\"]"}
2019-12-16T11:14:59.323Z [info] 	46 Element locator: {"value":"//*[@id=\"pixlee_widget_iframe5123ec82-1faf-fdd1-606e-05f5b82fc101\"]","using":"xpath","fromTa":false}
2019-12-16T11:14:59.580Z [info] 	Element response: {"value":[]}
2019-12-16T11:14:59.597Z [info] 	47 Sending element request to http://localhost:9516/session/d71c48635b609a395eb3de257021ce36:  {"using":"xpath","value":"//*[@id=\"pixlee_widget_iframe5123ec82-1faf-fdd1-606e-05f5b82fc101\"]"}
2019-12-16T11:14:59.599Z [info] 	47 Element locator: {"value":"//*[@id=\"pixlee_widget_iframe5123ec82-1faf-fdd1-606e-05f5b82fc101\"]","using":"xpath","fromTa":false}
2019-12-16T11:14:59.849Z [info] 	Element response: {"value":[]}
2019-12-16T11:14:59.866Z [info] 	48 Sending element request to http://localhost:9516/session/d71c48635b609a395eb3de257021ce36:  {"using":"xpath","value":"//*[@id=\"pixlee_widget_iframe5123ec82-1faf-fdd1-606e-05f5b82fc101\"]"}
2019-12-16T11:14:59.868Z [info] 	48 Element locator: {"value":"//*[@id=\"pixlee_widget_iframe5123ec82-1faf-fdd1-606e-05f5b82fc101\"]","using":"xpath","fromTa":false}
2019-12-16T11:15:00.116Z [info] 	Element response: {"value":[]}
2019-12-16T11:15:00.133Z [info] 	49 Sending element request to http://localhost:9516/session/d71c48635b609a395eb3de257021ce36:  {"using":"xpath","value":"//*[@id=\"pixlee_widget_iframe5123ec82-1faf-fdd1-606e-05f5b82fc101\"]"}
2019-12-16T11:15:00.134Z [info] 	49 Element locator: {"value":"//*[@id=\"pixlee_widget_iframe5123ec82-1faf-fdd1-606e-05f5b82fc101\"]","using":"xpath","fromTa":false}
2019-12-16T11:15:00.384Z [info] 	Element response: {"value":[]}
2019-12-16T11:15:00.400Z [info] 	50 Sending element request to http://localhost:9516/session/d71c48635b609a395eb3de257021ce36:  {"using":"xpath","value":"//*[@id=\"pixlee_widget_iframe5123ec82-1faf-fdd1-606e-05f5b82fc101\"]"}
2019-12-16T11:15:00.401Z [info] 	50 Element locator: {"value":"//*[@id=\"pixlee_widget_iframe5123ec82-1faf-fdd1-606e-05f5b82fc101\"]","using":"xpath","fromTa":false}
2019-12-16T11:15:00.652Z [info] 	Element response: {"value":[]}
2019-12-16T11:15:00.668Z [info] 	51 Sending element request to http://localhost:9516/session/d71c48635b609a395eb3de257021ce36:  {"using":"xpath","value":"//*[@id=\"pixlee_widget_iframe5123ec82-1faf-fdd1-606e-05f5b82fc101\"]"}
2019-12-16T11:15:00.669Z [info] 	51 Element locator: {"value":"//*[@id=\"pixlee_widget_iframe5123ec82-1faf-fdd1-606e-05f5b82fc101\"]","using":"xpath","fromTa":false}
2019-12-16T11:15:00.928Z [info] 	Element response: {"value":[]}
2019-12-16T11:15:00.947Z [info] 	52 Sending element request to http://localhost:9516/session/d71c48635b609a395eb3de257021ce36:  {"using":"xpath","value":"//*[@id=\"pixlee_widget_iframe5123ec82-1faf-fdd1-606e-05f5b82fc101\"]"}
2019-12-16T11:15:00.948Z [info] 	52 Element locator: {"value":"//*[@id=\"pixlee_widget_iframe5123ec82-1faf-fdd1-606e-05f5b82fc101\"]","using":"xpath","fromTa":false}
2019-12-16T11:15:01.200Z [info] 	Element response: {"value":[]}
2019-12-16T11:15:01.216Z [info] 	53 Sending element request to http://localhost:9516/session/d71c48635b609a395eb3de257021ce36:  {"using":"xpath","value":"//*[@id=\"pixlee_widget_iframe5123ec82-1faf-fdd1-606e-05f5b82fc101\"]"}
2019-12-16T11:15:01.217Z [info] 	53 Element locator: {"value":"//*[@id=\"pixlee_widget_iframe5123ec82-1faf-fdd1-606e-05f5b82fc101\"]","using":"xpath","fromTa":false}
2019-12-16T11:15:01.472Z [info] 	Element response: {"value":[]}
2019-12-16T11:15:01.488Z [info] 	54 Sending element request to http://localhost:9516/session/d71c48635b609a395eb3de257021ce36:  {"using":"xpath","value":"//*[@id=\"pixlee_widget_iframe5123ec82-1faf-fdd1-606e-05f5b82fc101\"]"}
2019-12-16T11:15:01.489Z [info] 	54 Element locator: {"value":"//*[@id=\"pixlee_widget_iframe5123ec82-1faf-fdd1-606e-05f5b82fc101\"]","using":"xpath","fromTa":false}
2019-12-16T11:15:01.741Z [info] 	Element response: {"value":[]}
2019-12-16T11:15:01.759Z [info] 	55 Sending element request to http://localhost:9516/session/d71c48635b609a395eb3de257021ce36:  {"using":"xpath","value":"//*[@id=\"pixlee_widget_iframe5123ec82-1faf-fdd1-606e-05f5b82fc101\"]"}
2019-12-16T11:15:01.760Z [info] 	55 Element locator: {"value":"//*[@id=\"pixlee_widget_iframe5123ec82-1faf-fdd1-606e-05f5b82fc101\"]","using":"xpath","fromTa":false}
2019-12-16T11:15:02.016Z [info] 	Element response: {"value":[]}
2019-12-16T11:15:02.035Z [info] 	56 Sending element request to http://localhost:9516/session/d71c48635b609a395eb3de257021ce36:  {"using":"xpath","value":"//*[@id=\"pixlee_widget_iframe5123ec82-1faf-fdd1-606e-05f5b82fc101\"]"}
2019-12-16T11:15:02.037Z [info] 	56 Element locator: {"value":"//*[@id=\"pixlee_widget_iframe5123ec82-1faf-fdd1-606e-05f5b82fc101\"]","using":"xpath","fromTa":false}
2019-12-16T11:15:02.288Z [info] 	Element response: {"value":[]}
2019-12-16T11:15:02.293Z [info] 	56 Sending GET request to http://localhost:9516/session/d71c48635b609a395eb3de257021ce36/window/handles:  {}
2019-12-16T11:15:02.298Z [info] 	57 Sending POST request to http://localhost:9516/session/d71c48635b609a395eb3de257021ce36/window:  {"handle":"CDwindow-CC058EE6606C9159250F1AF8117A9C87"}
2019-12-16T11:15:02.308Z [info] 	58 Sending GET request to http://localhost:9516/session/d71c48635b609a395eb3de257021ce36/window/handles:  {}
2019-12-16T11:15:02.334Z [info] 	59 Sending POST request to http://localhost:9516/session/d71c48635b609a395eb3de257021ce36/url:  {"url":"about:blank"}
2019-12-16T11:15:02.405Z [info] 	61 Sending element request to http://localhost:9516/session/d71c48635b609a395eb3de257021ce36:  {"using":"xpath","value":"/html/body/*"}
2019-12-16T11:15:02.407Z [info] 	61 Element locator: {"value":"/html/body/*","using":"xpath","fromTa":false}
2019-12-16T11:15:02.652Z [info] 	Element response: {"value":[]}
2019-12-16T11:15:02.656Z [info] 	61 Sending POST request to http://localhost:9516/session/d71c48635b609a395eb3de257021ce36/goog/cdp/execute:  {"cmd":"Storage.clearDataForOrigin","params":{"origin":"*","storageTypes":"cookies,local_storage"}}
