2019-12-13T15:10:24.481Z [info] 	TrueAutomation.IO Client is listening on port 9515
2019-12-13T15:10:25.567Z [info] 	Starting TrueAutomation.IO client
2019-12-13T15:10:25.568Z [info] 	API key: 33426fca-8197-44eb-918f-356cc72ba53f
2019-12-13T15:10:25.568Z [info] 	Project name: mw-trueautomation
2019-12-13T15:10:25.568Z [info] 	Cloud server: https://app.trueautomation.io
2019-12-13T15:10:25.568Z [info] 	Starting chromeDriver /Users/tempuser/.trueautomation/chromedriver/chromedriver_mac64_78.0.3904.105 on port 9516...
2019-12-13T15:10:31.880Z [info] 	1 Create session response: {"value":{"capabilities":{"acceptInsecureCerts":false,"browserName":"chrome","browserVersion":"79.0.3945.79","chrome":{"chromedriverVersion":"78.0.3904.105 (60e2d8774a8151efa6a00b1f358371b1e0e07ee2-refs/branch-heads/3904@{#877})","userDataDir":"/var/folders/72/sz7nwm191gddft3cvjk557h40000gn/T/.com.google.Chrome.0dtpvV"},"goog:chromeOptions":{"debuggerAddress":"localhost:56216"},"networkConnectionEnabled":false,"pageLoadStrategy":"normal","platformName":"mac os x","proxy":{},"setWindowRect":true,"strictFileInteractability":false,"timeouts":{"implicit":0,"pageLoad":300000,"script":30000},"unhandledPromptBehavior":"dismiss and notify"},"sessionId":"ba73b603d5b73914715c128a1a710203"}}
2019-12-13T15:10:31.897Z [info] 	1 Sending POST request to http://localhost:9516/session/ba73b603d5b73914715c128a1a710203/url:  {"url":"https://ariat-dev.moovweb.cloud/"}
2019-12-13T15:10:37.537Z [info] 	2 Sending POST request to http://localhost:9516/session/ba73b603d5b73914715c128a1a710203/execute/sync:  {"script":"window.scrollTo(0,document.body.scrollHeight*0.0);","args":[]}
2019-12-13T15:10:37.846Z [info] 	3 Sending POST request to http://localhost:9516/session/ba73b603d5b73914715c128a1a710203/execute/sync:  {"script":"window.scrollTo(0,document.body.scrollHeight*0.1);","args":[]}
2019-12-13T15:10:38.299Z [info] 	4 Sending POST request to http://localhost:9516/session/ba73b603d5b73914715c128a1a710203/execute/sync:  {"script":"window.scrollTo(0,document.body.scrollHeight*0.2);","args":[]}
2019-12-13T15:10:38.611Z [info] 	5 Sending POST request to http://localhost:9516/session/ba73b603d5b73914715c128a1a710203/execute/sync:  {"script":"window.scrollTo(0,document.body.scrollHeight*0.3);","args":[]}
2019-12-13T15:10:38.925Z [info] 	6 Sending POST request to http://localhost:9516/session/ba73b603d5b73914715c128a1a710203/execute/sync:  {"script":"window.scrollTo(0,document.body.scrollHeight*0.4);","args":[]}
2019-12-13T15:10:39.238Z [info] 	7 Sending POST request to http://localhost:9516/session/ba73b603d5b73914715c128a1a710203/execute/sync:  {"script":"window.scrollTo(0,document.body.scrollHeight*0.5);","args":[]}
2019-12-13T15:10:39.563Z [info] 	8 Sending POST request to http://localhost:9516/session/ba73b603d5b73914715c128a1a710203/execute/sync:  {"script":"window.scrollTo(0,document.body.scrollHeight*0.6);","args":[]}
2019-12-13T15:10:39.874Z [info] 	9 Sending POST request to http://localhost:9516/session/ba73b603d5b73914715c128a1a710203/execute/sync:  {"script":"window.scrollTo(0,document.body.scrollHeight*0.7);","args":[]}
2019-12-13T15:10:40.182Z [info] 	10 Sending POST request to http://localhost:9516/session/ba73b603d5b73914715c128a1a710203/execute/sync:  {"script":"window.scrollTo(0,document.body.scrollHeight*0.8);","args":[]}
2019-12-13T15:10:40.653Z [info] 	11 Sending POST request to http://localhost:9516/session/ba73b603d5b73914715c128a1a710203/execute/sync:  {"script":"window.scrollTo(0,document.body.scrollHeight*0.9);","args":[]}
2019-12-13T15:10:40.967Z [info] 	12 Sending POST request to http://localhost:9516/session/ba73b603d5b73914715c128a1a710203/execute/sync:  {"script":"window.scrollTo(0,document.body.scrollHeight*1.0);","args":[]}
2019-12-13T15:10:41.279Z [info] 	13 Sending POST request to http://localhost:9516/session/ba73b603d5b73914715c128a1a710203/execute/sync:  {"script":"window.scrollTo(0,0);","args":[]}
2019-12-13T15:10:42.797Z [info] 	15 Sending element request to http://localhost:9516/session/ba73b603d5b73914715c128a1a710203:  {"using":"xpath","value":"//*[@id='hashtag_holder']__ta__ariat:home_page:social_sectionhash_tag_header__ta__"}
2019-12-13T15:10:43.791Z [info] 	15 Element not found
2019-12-13T15:10:43.791Z [info] 	15 Element locator: {"error":"Unable to locate element { using: 'xpath', selector: '//*[@id='hashtag_holder']' }"}
2019-12-13T15:10:43.805Z [info] 	16 Sending element request to http://localhost:9516/session/ba73b603d5b73914715c128a1a710203:  {"using":"xpath","value":"//*[@id='hashtag_holder']__ta__ariat:home_page:social_sectionhash_tag_header__ta__"}
2019-12-13T15:10:44.765Z [info] 	16 Element not found
2019-12-13T15:10:44.765Z [info] 	16 Element locator: {"error":"Unable to locate element { using: 'xpath', selector: '//*[@id='hashtag_holder']' }"}
2019-12-13T15:10:44.786Z [info] 	17 Sending element request to http://localhost:9516/session/ba73b603d5b73914715c128a1a710203:  {"using":"xpath","value":"//*[@id='hashtag_holder']__ta__ariat:home_page:social_sectionhash_tag_header__ta__"}
2019-12-13T15:10:45.755Z [info] 	17 Element not found
2019-12-13T15:10:45.756Z [info] 	17 Element locator: {"error":"Unable to locate element { using: 'xpath', selector: '//*[@id='hashtag_holder']' }"}
2019-12-13T15:10:45.775Z [info] 	18 Sending element request to http://localhost:9516/session/ba73b603d5b73914715c128a1a710203:  {"using":"xpath","value":"//*[@id='hashtag_holder']__ta__ariat:home_page:social_sectionhash_tag_header__ta__"}
2019-12-13T15:10:46.685Z [info] 	18 Element not found
2019-12-13T15:10:46.685Z [info] 	18 Element locator: {"error":"Unable to locate element { using: 'xpath', selector: '//*[@id='hashtag_holder']' }"}
2019-12-13T15:10:46.704Z [info] 	19 Sending element request to http://localhost:9516/session/ba73b603d5b73914715c128a1a710203:  {"using":"xpath","value":"//*[@id='hashtag_holder']__ta__ariat:home_page:social_sectionhash_tag_header__ta__"}
2019-12-13T15:10:47.580Z [info] 	19 Element not found
2019-12-13T15:10:47.580Z [info] 	19 Element locator: {"error":"Unable to locate element { using: 'xpath', selector: '//*[@id='hashtag_holder']' }"}
2019-12-13T15:10:47.601Z [info] 	20 Sending element request to http://localhost:9516/session/ba73b603d5b73914715c128a1a710203:  {"using":"xpath","value":"//*[@id='hashtag_holder']__ta__ariat:home_page:social_sectionhash_tag_header__ta__"}
2019-12-13T15:10:48.496Z [info] 	20 Element not found
2019-12-13T15:10:48.496Z [info] 	20 Element locator: {"error":"Unable to locate element { using: 'xpath', selector: '//*[@id='hashtag_holder']' }"}
2019-12-13T15:10:48.514Z [info] 	21 Sending element request to http://localhost:9516/session/ba73b603d5b73914715c128a1a710203:  {"using":"xpath","value":"//*[@id='hashtag_holder']__ta__ariat:home_page:social_sectionhash_tag_header__ta__"}
2019-12-13T15:10:49.426Z [info] 	21 Element not found
2019-12-13T15:10:49.426Z [info] 	21 Element locator: {"error":"Unable to locate element { using: 'xpath', selector: '//*[@id='hashtag_holder']' }"}
2019-12-13T15:10:49.445Z [info] 	22 Sending element request to http://localhost:9516/session/ba73b603d5b73914715c128a1a710203:  {"using":"xpath","value":"//*[@id='hashtag_holder']__ta__ariat:home_page:social_sectionhash_tag_header__ta__"}
2019-12-13T15:10:50.495Z [info] 	22 Element not found
2019-12-13T15:10:50.495Z [info] 	22 Element locator: {"error":"Unable to locate element { using: 'xpath', selector: '//*[@id='hashtag_holder']' }"}
2019-12-13T15:10:50.534Z [info] 	23 Sending element request to http://localhost:9516/session/ba73b603d5b73914715c128a1a710203:  {"using":"xpath","value":"//*[@id='hashtag_holder']__ta__ariat:home_page:social_sectionhash_tag_header__ta__"}
2019-12-13T15:10:51.828Z [info] 	23 Element not found
2019-12-13T15:10:51.828Z [info] 	23 Element locator: {"error":"Unable to locate element { using: 'xpath', selector: '//*[@id='hashtag_holder']' }"}
2019-12-13T15:10:51.846Z [info] 	24 Sending element request to http://localhost:9516/session/ba73b603d5b73914715c128a1a710203:  {"using":"xpath","value":"//*[@id='hashtag_holder']__ta__ariat:home_page:social_sectionhash_tag_header__ta__"}
2019-12-13T15:10:52.895Z [info] 	24 Element not found
2019-12-13T15:10:52.895Z [info] 	24 Element locator: {"error":"Unable to locate element { using: 'xpath', selector: '//*[@id='hashtag_holder']' }"}
2019-12-13T15:10:52.916Z [info] 	25 Sending element request to http://localhost:9516/session/ba73b603d5b73914715c128a1a710203:  {"using":"xpath","value":"//*[@id='hashtag_holder']__ta__ariat:home_page:social_sectionhash_tag_header__ta__"}
2019-12-13T15:10:53.836Z [info] 	25 Element not found
2019-12-13T15:10:53.837Z [info] 	25 Element locator: {"error":"Unable to locate element { using: 'xpath', selector: '//*[@id='hashtag_holder']' }"}
2019-12-13T15:10:53.853Z [info] 	26 Sending element request to http://localhost:9516/session/ba73b603d5b73914715c128a1a710203:  {"using":"xpath","value":"//*[@id='hashtag_holder']__ta__ariat:home_page:social_sectionhash_tag_header__ta__"}
2019-12-13T15:10:54.758Z [info] 	26 Element not found
2019-12-13T15:10:54.758Z [info] 	26 Element locator: {"error":"Unable to locate element { using: 'xpath', selector: '//*[@id='hashtag_holder']' }"}
2019-12-13T15:10:54.776Z [info] 	27 Sending element request to http://localhost:9516/session/ba73b603d5b73914715c128a1a710203:  {"using":"xpath","value":"//*[@id='hashtag_holder']__ta__ariat:home_page:social_sectionhash_tag_header__ta__"}
2019-12-13T15:10:55.648Z [info] 	27 Element not found
2019-12-13T15:10:55.648Z [info] 	27 Element locator: {"error":"Unable to locate element { using: 'xpath', selector: '//*[@id='hashtag_holder']' }"}
2019-12-13T15:10:55.651Z [info] 	27 Sending GET request to http://localhost:9516/session/ba73b603d5b73914715c128a1a710203/window/handles:  {}
2019-12-13T15:10:55.658Z [info] 	28 Sending POST request to http://localhost:9516/session/ba73b603d5b73914715c128a1a710203/window:  {"handle":"CDwindow-7AB5033846C9B5BC69505682C977EA90"}
2019-12-13T15:10:55.663Z [info] 	29 Sending GET request to http://localhost:9516/session/ba73b603d5b73914715c128a1a710203/window/handles:  {}
2019-12-13T15:10:55.667Z [info] 	30 Sending POST request to http://localhost:9516/session/ba73b603d5b73914715c128a1a710203/url:  {"url":"about:blank"}
2019-12-13T15:10:55.723Z [info] 	32 Sending element request to http://localhost:9516/session/ba73b603d5b73914715c128a1a710203:  {"using":"xpath","value":"/html/body/*"}
2019-12-13T15:10:55.724Z [info] 	32 Element locator: {"value":"/html/body/*","using":"xpath","fromTa":false}
2019-12-13T15:10:55.974Z [info] 	Element response: {"value":[]}
2019-12-13T15:10:55.974Z [info] 	32 Element locator: {"value":"/html/body/*","using":"xpath","fromTa":false}
2019-12-13T15:10:56.227Z [info] 	Element response: {"value":[]}
2019-12-13T15:10:56.229Z [info] 	32 Sending POST request to http://localhost:9516/session/ba73b603d5b73914715c128a1a710203/goog/cdp/execute:  {"cmd":"Storage.clearDataForOrigin","params":{"origin":"*","storageTypes":"cookies,local_storage"}}
