2019-12-16T11:13:19.398Z [info] 	TrueAutomation.IO Client is listening on port 9515
2019-12-16T11:13:20.481Z [info] 	Starting TrueAutomation.IO client
2019-12-16T11:13:20.481Z [info] 	API key: 33426fca-8197-44eb-918f-356cc72ba53f
2019-12-16T11:13:20.481Z [info] 	Project name: mw-trueautomation
2019-12-16T11:13:20.481Z [info] 	Cloud server: https://app.trueautomation.io
2019-12-16T11:13:20.481Z [info] 	Starting chromeDriver /Users/tempuser/.trueautomation/chromedriver/chromedriver_mac64_78.0.3904.105 on port 9516...
2019-12-16T11:13:25.710Z [info] 	1 Create session response: {"value":{"capabilities":{"acceptInsecureCerts":false,"browserName":"chrome","browserVersion":"79.0.3945.79","chrome":{"chromedriverVersion":"78.0.3904.105 (60e2d8774a8151efa6a00b1f358371b1e0e07ee2-refs/branch-heads/3904@{#877})","userDataDir":"/var/folders/72/sz7nwm191gddft3cvjk557h40000gn/T/.com.google.Chrome.kIAKw8"},"goog:chromeOptions":{"debuggerAddress":"localhost:50083"},"networkConnectionEnabled":false,"pageLoadStrategy":"normal","platformName":"mac os x","proxy":{},"setWindowRect":true,"strictFileInteractability":false,"timeouts":{"implicit":0,"pageLoad":300000,"script":30000},"unhandledPromptBehavior":"dismiss and notify"},"sessionId":"9bbe5b4e85bfdbad28be631214c789b8"}}
2019-12-16T11:13:25.728Z [info] 	1 Sending POST request to http://localhost:9516/session/9bbe5b4e85bfdbad28be631214c789b8/url:  {"url":"https://ariat-dev.moovweb.cloud/"}
2019-12-16T11:13:26.843Z [info] 	2 Sending POST request to http://localhost:9516/session/9bbe5b4e85bfdbad28be631214c789b8/execute/sync:  {"script":"window.scrollTo(0,document.body.scrollHeight*0.0);","args":[]}
2019-12-16T11:13:27.354Z [info] 	3 Sending POST request to http://localhost:9516/session/9bbe5b4e85bfdbad28be631214c789b8/execute/sync:  {"script":"window.scrollTo(0,document.body.scrollHeight*0.1);","args":[]}
2019-12-16T11:13:27.867Z [info] 	4 Sending POST request to http://localhost:9516/session/9bbe5b4e85bfdbad28be631214c789b8/execute/sync:  {"script":"window.scrollTo(0,document.body.scrollHeight*0.2);","args":[]}
2019-12-16T11:13:28.378Z [info] 	5 Sending POST request to http://localhost:9516/session/9bbe5b4e85bfdbad28be631214c789b8/execute/sync:  {"script":"window.scrollTo(0,document.body.scrollHeight*0.3);","args":[]}
2019-12-16T11:13:28.890Z [info] 	6 Sending POST request to http://localhost:9516/session/9bbe5b4e85bfdbad28be631214c789b8/execute/sync:  {"script":"window.scrollTo(0,document.body.scrollHeight*0.4);","args":[]}
2019-12-16T11:13:29.413Z [info] 	7 Sending POST request to http://localhost:9516/session/9bbe5b4e85bfdbad28be631214c789b8/execute/sync:  {"script":"window.scrollTo(0,document.body.scrollHeight*0.5);","args":[]}
2019-12-16T11:13:29.923Z [info] 	8 Sending POST request to http://localhost:9516/session/9bbe5b4e85bfdbad28be631214c789b8/execute/sync:  {"script":"window.scrollTo(0,document.body.scrollHeight*0.6);","args":[]}
2019-12-16T11:13:30.432Z [info] 	9 Sending POST request to http://localhost:9516/session/9bbe5b4e85bfdbad28be631214c789b8/execute/sync:  {"script":"window.scrollTo(0,document.body.scrollHeight*0.7);","args":[]}
2019-12-16T11:13:31.060Z [info] 	10 Sending POST request to http://localhost:9516/session/9bbe5b4e85bfdbad28be631214c789b8/execute/sync:  {"script":"window.scrollTo(0,document.body.scrollHeight*0.8);","args":[]}
2019-12-16T11:13:31.579Z [info] 	11 Sending POST request to http://localhost:9516/session/9bbe5b4e85bfdbad28be631214c789b8/execute/sync:  {"script":"window.scrollTo(0,document.body.scrollHeight*0.9);","args":[]}
2019-12-16T11:13:32.093Z [info] 	12 Sending POST request to http://localhost:9516/session/9bbe5b4e85bfdbad28be631214c789b8/execute/sync:  {"script":"window.scrollTo(0,document.body.scrollHeight*1.0);","args":[]}
2019-12-16T11:13:32.609Z [info] 	14 Sending element request to http://localhost:9516/session/9bbe5b4e85bfdbad28be631214c789b8:  {"using":"xpath","value":"((//*[@data-page='Home'] | //*[@data-page='home'])//iframe[contains(@id, 'pixlee')])[1]"}
2019-12-16T11:13:32.612Z [info] 	14 Element locator: {"value":"((//*[@data-page='Home'] | //*[@data-page='home'])//iframe[contains(@id, 'pixlee')])[1]","using":"xpath","fromTa":false}
2019-12-16T11:13:32.625Z [info] 	Element response: {"value":[{"element-6066-11e4-a52e-4f735466cecf":"91cf5330-c3fe-43f2-87d4-9f0ff124b270"}]}
2019-12-16T11:13:32.628Z [info] 	14 Sending POST request to http://localhost:9516/session/9bbe5b4e85bfdbad28be631214c789b8/execute/sync:  {"script":"return ((function(){function d(t,e,n){function r(t){var e=x(t);if(0<e.height&&0<e.width)return!0;if(\"PATH\"==t.tagName.toUpperCase()&&(0<e.height||0<e.width)){var n=window.getComputedStyle(t)[\"stroke-width\"];return!!n&&0<parseInt(n,10)}return\"hidden\"!=window.getComputedStyle(t).overflow&&Array.prototype.slice.call(t.childNodes).some(function(t){return t.nodeType==Node.TEXT_NODE||t.nodeType==Node.ELEMENT_NODE&&r(t)})}function i(t){return C(t)==T.HIDDEN&&Array.prototype.slice.call(t.childNodes).every(function(t){return t.nodeType!=Node.ELEMENT_NODE||i(t)||!r(t)})}var o=t.tagName.toUpperCase();if(\"BODY\"==o)return!0;if(\"OPTION\"==o||\"OPTGROUP\"==o){var a=c(t,function(t){return\"SELECT\"==t.tagName.toUpperCase()});return!!a&&d(a,!0,n)}var u=s(t);if(u)return!!u.image&&0<u.rect.width&&0<u.rect.height&&d(u.image,e,n);if(\"INPUT\"==o&&\"hidden\"==t.type.toLowerCase())return!1;if(\"NOSCRIPT\"==o)return!1;var l=window.getComputedStyle(t).visibility;return\"collapse\"!=l&&\"hidden\"!=l&&(!!n(t)&&(!(!e&&0==f(t))&&(!!r(t)&&!i(t))))}function E(t){var e=x(t);return{left:e.left,right:e.left+e.width,top:e.top,bottom:e.top+e.height}}function D(t){return t.parentElement}function C(t){function e(t){function e(t){if(t==u)return!0;var e=window.getComputedStyle(t),n=e.display;return 0!=n.indexOf(\"inline\")&&\"contents\"!=n&&(\"absolute\"!=r||\"static\"!=e.position)}var r=window.getComputedStyle(t).position;if(\"fixed\"==r)return i=!0,t==u?null:u;for(var n=D(t);n&&!e(n);)n=D(n);return n}function n(t){var e=t;if(\"visible\"==d)if(t==u&&l)e=l;else if(t==l)return{x:\"visible\",y:\"visible\"};var n=window.getComputedStyle(e),r={x:n[\"overflow-x\"],y:n[\"overflow-y\"]};return t==u&&(r.x=\"visible\"==r.x?\"auto\":r.x,r.y=\"visible\"==r.y?\"auto\":r.y),r}function r(t){return t==u?{x:window.scrollX,y:window.scrollY}:{x:t.scrollLeft,y:t.scrollTop}}for(var i,o=E(t),a=t.ownerDocument,u=a.documentElement,l=a.body,d=window.getComputedStyle(u).overflow,f=e(t);f;f=e(f)){var h=n(f);if(\"visible\"!=h.x||\"visible\"!=h.y){var s=x(f);if(0==s.width||0==s.height)return T.HIDDEN;var p=o.right<s.left,c=o.bottom<s.top;if(p&&\"hidden\"==h.x||c&&\"hidden\"==h.y)return T.HIDDEN;if(p&&\"visible\"!=h.x||c&&\"visible\"!=h.y){var v=r(f),g=o.right<s.left-v.x,w=o.bottom<s.top-v.y;return g&&\"visible\"!=h.x||w&&\"visible\"!=h.x?T.HIDDEN:C(f)==T.HIDDEN?T.HIDDEN:T.SCROLL}var N=o.left>=s.left+s.width,m=o.top>=s.top+s.height;if(N&&\"hidden\"==h.x||m&&\"hidden\"==h.y)return T.HIDDEN;if(N&&\"visible\"!=h.x||m&&\"visible\"!=h.y){if(i){var y=r(f);if(o.left>=u.scrollWidth-y.x||o.right>=u.scrollHeight-y.y)return T.HIDDEN}return C(f)==T.HIDDEN?T.HIDDEN:T.SCROLL}}}return T.NONE}function o(t){var e=t.document.documentElement;return{width:e.clientWidth,height:e.clientHeight}}function p(t,e,n,r){return{left:t,top:e,width:n,height:r}}function x(t){var e,n=s(t);if(n)return n.rect;if(\"HTML\"==t.tagName.toUpperCase()){t.ownerDocument;var r=o(window);return p(0,0,r.width,r.height)}try{e=t.getBoundingClientRect()}catch(i){return p(0,0,0,0)}return p(e.left,e.top,e.right-e.left,e.bottom-e.top)}function f(t){var e=1,n=window.getComputedStyle(t).opacity;n&&(e=Number(n));var r=D(t);return r&&r.nodeType==Node.ELEMENT_NODE&&(e*=f(r)),e}function h(t){var e=t.shape.toLowerCase(),n=t.coords.split(\",\");if(\"rect\"==e&&4==n.length){var r=n[0],i=n[1];return p(r,i,n[2]-r,n[3]-i)}if(\"circle\"==e&&3==n.length){var o=n[0],a=n[1],u=n[2];return p(o-u,a-u,2*u,2*u)}if(\"poly\"==e&&2<n.length){for(var l=n[0],d=n[1],f=l,h=d,s=2;s+1<n.length;s+=2)l=Math.min(l,n[s]),f=Math.max(f,n[s]),d=Math.min(d,n[s+1]),h=Math.max(h,n[s+1]);return p(l,d,f-l,h-d)}return p(0,0,0,0)}function s(t){var e=t.tagName.toUpperCase(),n=\"MAP\"==e;if(!n&&\"AREA\"!=e)return null;var r=n?t:\"MAP\"==D(t).tagName.toUpperCase()?D(t):null,i=null,o=null;if(r&&r.name&&((i=r.ownerDocument.querySelector(\"*[usemap='#\"+r.name+\"']\"))&&(o=x(i),!n&&\"default\"!=t.shape.toLowerCase()))){var a=h(t),u=Math.min(Math.max(a.left,0),o.width),l=Math.min(Math.max(a.top,0),o.height),d=Math.min(a.width,o.width-u),f=Math.min(a.height,o.height-l);o=p(u+o.left,l+o.top,d,f)}return{image:i,rect:o||p(0,0,0,0)}}function c(t,e){for(t&&(t=D(t));t;){if(e(t))return t;t=D(t)}return null}function r(t){var e=t.parentNode;if(e&&e.shadowRoot&&t.assignedSlot!==undefined)return t.assignedSlot?t.assignedSlot.parentNode:null;if(t.getDestinationInsertionPoints){var n=t.getDestinationInsertionPoints();if(0<n.length)return n[n.length-1]}return e}var T={NONE:\"none\",HIDDEN:\"hidden\",SCROLL:\"scroll\"};return function i(t,e){function n(t){if(\"none\"==window.getComputedStyle(t).display)return!1;var e=r(t);if(\"function\"==typeof ShadowRoot&&e instanceof ShadowRoot){if(e.host.shadowRoot!==e)return!1;e=e.host}return!(!e||e.nodeType!=Node.DOCUMENT_NODE&&e.nodeType!=Node.DOCUMENT_FRAGMENT_NODE)||!(e&&e.tagName&&\"DETAILS\"==e.tagName.toUpperCase()&&!e.open&&\"SUMMARY\"!=t.tagName)&&(e&&n(e))}return d(t,!!e,n)}})()).apply(null, arguments)","args":[{"element-6066-11e4-a52e-4f735466cecf":"91cf5330-c3fe-43f2-87d4-9f0ff124b270"}]}
2019-12-16T11:13:32.636Z [info] 	15 Sending GET request to http://localhost:9516/session/9bbe5b4e85bfdbad28be631214c789b8/window:  {}
2019-12-16T11:13:32.638Z [info] 	16 Sending POST request to http://localhost:9516/session/9bbe5b4e85bfdbad28be631214c789b8/frame:  {"id":{"element-6066-11e4-a52e-4f735466cecf":"91cf5330-c3fe-43f2-87d4-9f0ff124b270"}}
2019-12-16T11:13:32.659Z [info] 	18 Sending element request to http://localhost:9516/session/9bbe5b4e85bfdbad28be631214c789b8:  {"using":"xpath","value":"//*[@id='hashtag_holder']//*[text()]"}
2019-12-16T11:13:32.660Z [info] 	18 Element locator: {"value":"//*[@id='hashtag_holder']//*[text()]","using":"xpath","fromTa":false}
2019-12-16T11:13:32.919Z [info] 	Element response: {"value":[]}
2019-12-16T11:13:32.937Z [info] 	19 Sending element request to http://localhost:9516/session/9bbe5b4e85bfdbad28be631214c789b8:  {"using":"xpath","value":"//*[@id='hashtag_holder']//*[text()]"}
2019-12-16T11:13:32.939Z [info] 	19 Element locator: {"value":"//*[@id='hashtag_holder']//*[text()]","using":"xpath","fromTa":false}
2019-12-16T11:13:33.198Z [info] 	Element response: {"value":[]}
2019-12-16T11:13:33.217Z [info] 	20 Sending element request to http://localhost:9516/session/9bbe5b4e85bfdbad28be631214c789b8:  {"using":"xpath","value":"//*[@id='hashtag_holder']//*[text()]"}
2019-12-16T11:13:33.221Z [info] 	20 Element locator: {"value":"//*[@id='hashtag_holder']//*[text()]","using":"xpath","fromTa":false}
2019-12-16T11:13:33.478Z [info] 	Element response: {"value":[]}
2019-12-16T11:13:33.495Z [info] 	21 Sending element request to http://localhost:9516/session/9bbe5b4e85bfdbad28be631214c789b8:  {"using":"xpath","value":"//*[@id='hashtag_holder']//*[text()]"}
2019-12-16T11:13:33.497Z [info] 	21 Element locator: {"value":"//*[@id='hashtag_holder']//*[text()]","using":"xpath","fromTa":false}
2019-12-16T11:13:33.757Z [info] 	Element response: {"value":[]}
2019-12-16T11:13:33.774Z [info] 	22 Sending element request to http://localhost:9516/session/9bbe5b4e85bfdbad28be631214c789b8:  {"using":"xpath","value":"//*[@id='hashtag_holder']//*[text()]"}
2019-12-16T11:13:33.776Z [info] 	22 Element locator: {"value":"//*[@id='hashtag_holder']//*[text()]","using":"xpath","fromTa":false}
2019-12-16T11:13:34.036Z [info] 	Element response: {"value":[]}
2019-12-16T11:13:34.052Z [info] 	23 Sending element request to http://localhost:9516/session/9bbe5b4e85bfdbad28be631214c789b8:  {"using":"xpath","value":"//*[@id='hashtag_holder']//*[text()]"}
2019-12-16T11:13:34.054Z [info] 	23 Element locator: {"value":"//*[@id='hashtag_holder']//*[text()]","using":"xpath","fromTa":false}
2019-12-16T11:13:34.312Z [info] 	Element response: {"value":[]}
2019-12-16T11:13:34.329Z [info] 	24 Sending element request to http://localhost:9516/session/9bbe5b4e85bfdbad28be631214c789b8:  {"using":"xpath","value":"//*[@id='hashtag_holder']//*[text()]"}
2019-12-16T11:13:34.330Z [info] 	24 Element locator: {"value":"//*[@id='hashtag_holder']//*[text()]","using":"xpath","fromTa":false}
2019-12-16T11:13:34.581Z [info] 	Element response: {"value":[]}
2019-12-16T11:13:34.597Z [info] 	25 Sending element request to http://localhost:9516/session/9bbe5b4e85bfdbad28be631214c789b8:  {"using":"xpath","value":"//*[@id='hashtag_holder']//*[text()]"}
2019-12-16T11:13:34.598Z [info] 	25 Element locator: {"value":"//*[@id='hashtag_holder']//*[text()]","using":"xpath","fromTa":false}
2019-12-16T11:13:34.843Z [info] 	Element response: {"value":[]}
2019-12-16T11:13:34.858Z [info] 	26 Sending element request to http://localhost:9516/session/9bbe5b4e85bfdbad28be631214c789b8:  {"using":"xpath","value":"//*[@id='hashtag_holder']//*[text()]"}
2019-12-16T11:13:34.859Z [info] 	26 Element locator: {"value":"//*[@id='hashtag_holder']//*[text()]","using":"xpath","fromTa":false}
2019-12-16T11:13:35.103Z [info] 	Element response: {"value":[]}
2019-12-16T11:13:35.118Z [info] 	27 Sending element request to http://localhost:9516/session/9bbe5b4e85bfdbad28be631214c789b8:  {"using":"xpath","value":"//*[@id='hashtag_holder']//*[text()]"}
2019-12-16T11:13:35.119Z [info] 	27 Element locator: {"value":"//*[@id='hashtag_holder']//*[text()]","using":"xpath","fromTa":false}
2019-12-16T11:13:35.363Z [info] 	Element response: {"value":[]}
2019-12-16T11:13:35.380Z [info] 	28 Sending element request to http://localhost:9516/session/9bbe5b4e85bfdbad28be631214c789b8:  {"using":"xpath","value":"//*[@id='hashtag_holder']//*[text()]"}
2019-12-16T11:13:35.381Z [info] 	28 Element locator: {"value":"//*[@id='hashtag_holder']//*[text()]","using":"xpath","fromTa":false}
2019-12-16T11:13:35.635Z [info] 	Element response: {"value":[]}
2019-12-16T11:13:35.651Z [info] 	29 Sending element request to http://localhost:9516/session/9bbe5b4e85bfdbad28be631214c789b8:  {"using":"xpath","value":"//*[@id='hashtag_holder']//*[text()]"}
2019-12-16T11:13:35.653Z [info] 	29 Element locator: {"value":"//*[@id='hashtag_holder']//*[text()]","using":"xpath","fromTa":false}
2019-12-16T11:13:35.913Z [info] 	Element response: {"value":[]}
2019-12-16T11:13:35.927Z [info] 	30 Sending element request to http://localhost:9516/session/9bbe5b4e85bfdbad28be631214c789b8:  {"using":"xpath","value":"//*[@id='hashtag_holder']//*[text()]"}
2019-12-16T11:13:35.928Z [info] 	30 Element locator: {"value":"//*[@id='hashtag_holder']//*[text()]","using":"xpath","fromTa":false}
2019-12-16T11:13:36.181Z [info] 	Element response: {"value":[]}
2019-12-16T11:13:36.195Z [info] 	31 Sending element request to http://localhost:9516/session/9bbe5b4e85bfdbad28be631214c789b8:  {"using":"xpath","value":"//*[@id='hashtag_holder']//*[text()]"}
2019-12-16T11:13:36.196Z [info] 	31 Element locator: {"value":"//*[@id='hashtag_holder']//*[text()]","using":"xpath","fromTa":false}
2019-12-16T11:13:36.402Z [info] 	Element response: {"value":[]}
2019-12-16T11:13:36.418Z [info] 	32 Sending element request to http://localhost:9516/session/9bbe5b4e85bfdbad28be631214c789b8:  {"using":"xpath","value":"//*[@id='hashtag_holder']//*[text()]"}
2019-12-16T11:13:36.419Z [info] 	32 Element locator: {"value":"//*[@id='hashtag_holder']//*[text()]","using":"xpath","fromTa":false}
2019-12-16T11:13:36.754Z [info] 	Element response: {"value":[]}
2019-12-16T11:13:36.770Z [info] 	33 Sending element request to http://localhost:9516/session/9bbe5b4e85bfdbad28be631214c789b8:  {"using":"xpath","value":"//*[@id='hashtag_holder']//*[text()]"}
2019-12-16T11:13:36.772Z [info] 	33 Element locator: {"value":"//*[@id='hashtag_holder']//*[text()]","using":"xpath","fromTa":false}
2019-12-16T11:13:37.076Z [info] 	Element response: {"value":[]}
2019-12-16T11:13:37.092Z [info] 	34 Sending element request to http://localhost:9516/session/9bbe5b4e85bfdbad28be631214c789b8:  {"using":"xpath","value":"//*[@id='hashtag_holder']//*[text()]"}
2019-12-16T11:13:37.094Z [info] 	34 Element locator: {"value":"//*[@id='hashtag_holder']//*[text()]","using":"xpath","fromTa":false}
2019-12-16T11:13:37.376Z [info] 	Element response: {"value":[]}
2019-12-16T11:13:37.393Z [info] 	35 Sending element request to http://localhost:9516/session/9bbe5b4e85bfdbad28be631214c789b8:  {"using":"xpath","value":"//*[@id='hashtag_holder']//*[text()]"}
2019-12-16T11:13:37.395Z [info] 	35 Element locator: {"value":"//*[@id='hashtag_holder']//*[text()]","using":"xpath","fromTa":false}
2019-12-16T11:13:37.647Z [info] 	Element response: {"value":[]}
2019-12-16T11:13:37.662Z [info] 	36 Sending element request to http://localhost:9516/session/9bbe5b4e85bfdbad28be631214c789b8:  {"using":"xpath","value":"//*[@id='hashtag_holder']//*[text()]"}
2019-12-16T11:13:37.664Z [info] 	36 Element locator: {"value":"//*[@id='hashtag_holder']//*[text()]","using":"xpath","fromTa":false}
2019-12-16T11:13:37.913Z [info] 	Element response: {"value":[]}
2019-12-16T11:13:37.929Z [info] 	37 Sending element request to http://localhost:9516/session/9bbe5b4e85bfdbad28be631214c789b8:  {"using":"xpath","value":"//*[@id='hashtag_holder']//*[text()]"}
2019-12-16T11:13:37.930Z [info] 	37 Element locator: {"value":"//*[@id='hashtag_holder']//*[text()]","using":"xpath","fromTa":false}
2019-12-16T11:13:38.182Z [info] 	Element response: {"value":[]}
2019-12-16T11:13:38.199Z [info] 	38 Sending element request to http://localhost:9516/session/9bbe5b4e85bfdbad28be631214c789b8:  {"using":"xpath","value":"//*[@id='hashtag_holder']//*[text()]"}
2019-12-16T11:13:38.201Z [info] 	38 Element locator: {"value":"//*[@id='hashtag_holder']//*[text()]","using":"xpath","fromTa":false}
2019-12-16T11:13:38.455Z [info] 	Element response: {"value":[]}
2019-12-16T11:13:38.471Z [info] 	39 Sending element request to http://localhost:9516/session/9bbe5b4e85bfdbad28be631214c789b8:  {"using":"xpath","value":"//*[@id='hashtag_holder']//*[text()]"}
2019-12-16T11:13:38.473Z [info] 	39 Element locator: {"value":"//*[@id='hashtag_holder']//*[text()]","using":"xpath","fromTa":false}
2019-12-16T11:13:38.729Z [info] 	Element response: {"value":[]}
2019-12-16T11:13:38.745Z [info] 	40 Sending element request to http://localhost:9516/session/9bbe5b4e85bfdbad28be631214c789b8:  {"using":"xpath","value":"//*[@id='hashtag_holder']//*[text()]"}
2019-12-16T11:13:38.747Z [info] 	40 Element locator: {"value":"//*[@id='hashtag_holder']//*[text()]","using":"xpath","fromTa":false}
2019-12-16T11:13:39.005Z [info] 	Element response: {"value":[]}
2019-12-16T11:13:39.023Z [info] 	41 Sending element request to http://localhost:9516/session/9bbe5b4e85bfdbad28be631214c789b8:  {"using":"xpath","value":"//*[@id='hashtag_holder']//*[text()]"}
2019-12-16T11:13:39.024Z [info] 	41 Element locator: {"value":"//*[@id='hashtag_holder']//*[text()]","using":"xpath","fromTa":false}
2019-12-16T11:13:39.278Z [info] 	Element response: {"value":[]}
2019-12-16T11:13:39.295Z [info] 	42 Sending element request to http://localhost:9516/session/9bbe5b4e85bfdbad28be631214c789b8:  {"using":"xpath","value":"//*[@id='hashtag_holder']//*[text()]"}
2019-12-16T11:13:39.297Z [info] 	42 Element locator: {"value":"//*[@id='hashtag_holder']//*[text()]","using":"xpath","fromTa":false}
2019-12-16T11:13:39.555Z [info] 	Element response: {"value":[]}
2019-12-16T11:13:39.573Z [info] 	43 Sending element request to http://localhost:9516/session/9bbe5b4e85bfdbad28be631214c789b8:  {"using":"xpath","value":"//*[@id='hashtag_holder']//*[text()]"}
2019-12-16T11:13:39.576Z [info] 	43 Element locator: {"value":"//*[@id='hashtag_holder']//*[text()]","using":"xpath","fromTa":false}
2019-12-16T11:13:39.833Z [info] 	Element response: {"value":[]}
2019-12-16T11:13:39.849Z [info] 	44 Sending element request to http://localhost:9516/session/9bbe5b4e85bfdbad28be631214c789b8:  {"using":"xpath","value":"//*[@id='hashtag_holder']//*[text()]"}
2019-12-16T11:13:39.851Z [info] 	44 Element locator: {"value":"//*[@id='hashtag_holder']//*[text()]","using":"xpath","fromTa":false}
2019-12-16T11:13:40.109Z [info] 	Element response: {"value":[]}
2019-12-16T11:13:40.125Z [info] 	45 Sending element request to http://localhost:9516/session/9bbe5b4e85bfdbad28be631214c789b8:  {"using":"xpath","value":"//*[@id='hashtag_holder']//*[text()]"}
2019-12-16T11:13:40.127Z [info] 	45 Element locator: {"value":"//*[@id='hashtag_holder']//*[text()]","using":"xpath","fromTa":false}
2019-12-16T11:13:40.378Z [info] 	Element response: {"value":[]}
2019-12-16T11:13:40.394Z [info] 	46 Sending element request to http://localhost:9516/session/9bbe5b4e85bfdbad28be631214c789b8:  {"using":"xpath","value":"//*[@id='hashtag_holder']//*[text()]"}
2019-12-16T11:13:40.396Z [info] 	46 Element locator: {"value":"//*[@id='hashtag_holder']//*[text()]","using":"xpath","fromTa":false}
2019-12-16T11:13:40.650Z [info] 	Element response: {"value":[]}
2019-12-16T11:13:40.665Z [info] 	47 Sending element request to http://localhost:9516/session/9bbe5b4e85bfdbad28be631214c789b8:  {"using":"xpath","value":"//*[@id='hashtag_holder']//*[text()]"}
2019-12-16T11:13:40.667Z [info] 	47 Element locator: {"value":"//*[@id='hashtag_holder']//*[text()]","using":"xpath","fromTa":false}
2019-12-16T11:13:40.923Z [info] 	Element response: {"value":[]}
2019-12-16T11:13:40.939Z [info] 	48 Sending element request to http://localhost:9516/session/9bbe5b4e85bfdbad28be631214c789b8:  {"using":"xpath","value":"//*[@id='hashtag_holder']//*[text()]"}
2019-12-16T11:13:40.941Z [info] 	48 Element locator: {"value":"//*[@id='hashtag_holder']//*[text()]","using":"xpath","fromTa":false}
2019-12-16T11:13:41.192Z [info] 	Element response: {"value":[]}
2019-12-16T11:13:41.211Z [info] 	49 Sending element request to http://localhost:9516/session/9bbe5b4e85bfdbad28be631214c789b8:  {"using":"xpath","value":"//*[@id='hashtag_holder']//*[text()]"}
2019-12-16T11:13:41.213Z [info] 	49 Element locator: {"value":"//*[@id='hashtag_holder']//*[text()]","using":"xpath","fromTa":false}
2019-12-16T11:13:41.469Z [info] 	Element response: {"value":[]}
2019-12-16T11:13:41.485Z [info] 	50 Sending element request to http://localhost:9516/session/9bbe5b4e85bfdbad28be631214c789b8:  {"using":"xpath","value":"//*[@id='hashtag_holder']//*[text()]"}
2019-12-16T11:13:41.487Z [info] 	50 Element locator: {"value":"//*[@id='hashtag_holder']//*[text()]","using":"xpath","fromTa":false}
2019-12-16T11:13:41.743Z [info] 	Element response: {"value":[]}
2019-12-16T11:13:41.762Z [info] 	51 Sending element request to http://localhost:9516/session/9bbe5b4e85bfdbad28be631214c789b8:  {"using":"xpath","value":"//*[@id='hashtag_holder']//*[text()]"}
2019-12-16T11:13:41.766Z [info] 	51 Element locator: {"value":"//*[@id='hashtag_holder']//*[text()]","using":"xpath","fromTa":false}
2019-12-16T11:13:42.021Z [info] 	Element response: {"value":[]}
2019-12-16T11:13:42.037Z [info] 	52 Sending element request to http://localhost:9516/session/9bbe5b4e85bfdbad28be631214c789b8:  {"using":"xpath","value":"//*[@id='hashtag_holder']//*[text()]"}
2019-12-16T11:13:42.040Z [info] 	52 Element locator: {"value":"//*[@id='hashtag_holder']//*[text()]","using":"xpath","fromTa":false}
2019-12-16T11:13:42.294Z [info] 	Element response: {"value":[]}
2019-12-16T11:13:42.309Z [info] 	53 Sending element request to http://localhost:9516/session/9bbe5b4e85bfdbad28be631214c789b8:  {"using":"xpath","value":"//*[@id='hashtag_holder']//*[text()]"}
2019-12-16T11:13:42.310Z [info] 	53 Element locator: {"value":"//*[@id='hashtag_holder']//*[text()]","using":"xpath","fromTa":false}
2019-12-16T11:13:42.573Z [info] 	Element response: {"value":[]}
2019-12-16T11:13:42.591Z [info] 	54 Sending element request to http://localhost:9516/session/9bbe5b4e85bfdbad28be631214c789b8:  {"using":"xpath","value":"//*[@id='hashtag_holder']//*[text()]"}
2019-12-16T11:13:42.592Z [info] 	54 Element locator: {"value":"//*[@id='hashtag_holder']//*[text()]","using":"xpath","fromTa":false}
2019-12-16T11:13:42.842Z [info] 	Element response: {"value":[]}
2019-12-16T11:13:42.859Z [info] 	55 Sending element request to http://localhost:9516/session/9bbe5b4e85bfdbad28be631214c789b8:  {"using":"xpath","value":"//*[@id='hashtag_holder']//*[text()]"}
2019-12-16T11:13:42.861Z [info] 	55 Element locator: {"value":"//*[@id='hashtag_holder']//*[text()]","using":"xpath","fromTa":false}
2019-12-16T11:13:43.112Z [info] 	Element response: {"value":[]}
2019-12-16T11:13:43.128Z [info] 	56 Sending element request to http://localhost:9516/session/9bbe5b4e85bfdbad28be631214c789b8:  {"using":"xpath","value":"//*[@id='hashtag_holder']//*[text()]"}
2019-12-16T11:13:43.129Z [info] 	56 Element locator: {"value":"//*[@id='hashtag_holder']//*[text()]","using":"xpath","fromTa":false}
2019-12-16T11:13:43.379Z [info] 	Element response: {"value":[]}
2019-12-16T11:13:43.397Z [info] 	57 Sending element request to http://localhost:9516/session/9bbe5b4e85bfdbad28be631214c789b8:  {"using":"xpath","value":"//*[@id='hashtag_holder']//*[text()]"}
2019-12-16T11:13:43.399Z [info] 	57 Element locator: {"value":"//*[@id='hashtag_holder']//*[text()]","using":"xpath","fromTa":false}
2019-12-16T11:13:43.655Z [info] 	Element response: {"value":[]}
2019-12-16T11:13:43.674Z [info] 	58 Sending element request to http://localhost:9516/session/9bbe5b4e85bfdbad28be631214c789b8:  {"using":"xpath","value":"//*[@id='hashtag_holder']//*[text()]"}
2019-12-16T11:13:43.676Z [info] 	58 Element locator: {"value":"//*[@id='hashtag_holder']//*[text()]","using":"xpath","fromTa":false}
2019-12-16T11:13:43.933Z [info] 	Element response: {"value":[]}
2019-12-16T11:13:43.952Z [info] 	59 Sending element request to http://localhost:9516/session/9bbe5b4e85bfdbad28be631214c789b8:  {"using":"xpath","value":"//*[@id='hashtag_holder']//*[text()]"}
2019-12-16T11:13:43.953Z [info] 	59 Element locator: {"value":"//*[@id='hashtag_holder']//*[text()]","using":"xpath","fromTa":false}
2019-12-16T11:13:44.213Z [info] 	Element response: {"value":[]}
2019-12-16T11:13:44.231Z [info] 	60 Sending element request to http://localhost:9516/session/9bbe5b4e85bfdbad28be631214c789b8:  {"using":"xpath","value":"//*[@id='hashtag_holder']//*[text()]"}
2019-12-16T11:13:44.233Z [info] 	60 Element locator: {"value":"//*[@id='hashtag_holder']//*[text()]","using":"xpath","fromTa":false}
2019-12-16T11:13:44.492Z [info] 	Element response: {"value":[]}
2019-12-16T11:13:44.511Z [info] 	61 Sending element request to http://localhost:9516/session/9bbe5b4e85bfdbad28be631214c789b8:  {"using":"xpath","value":"//*[@id='hashtag_holder']//*[text()]"}
2019-12-16T11:13:44.512Z [info] 	61 Element locator: {"value":"//*[@id='hashtag_holder']//*[text()]","using":"xpath","fromTa":false}
2019-12-16T11:13:44.768Z [info] 	Element response: {"value":[]}
2019-12-16T11:13:44.771Z [info] 	61 Sending GET request to http://localhost:9516/session/9bbe5b4e85bfdbad28be631214c789b8/window:  {}
2019-12-16T11:13:44.774Z [info] 	62 Sending POST request to http://localhost:9516/session/9bbe5b4e85bfdbad28be631214c789b8/frame/parent:  {}
2019-12-16T11:13:44.783Z [info] 	63 Sending GET request to http://localhost:9516/session/9bbe5b4e85bfdbad28be631214c789b8/window/handles:  {}
2019-12-16T11:13:44.788Z [info] 	64 Sending POST request to http://localhost:9516/session/9bbe5b4e85bfdbad28be631214c789b8/window:  {"handle":"CDwindow-7CB5B867C760A6FF9CFBB9642C5A56F0"}
2019-12-16T11:13:44.792Z [info] 	65 Sending GET request to http://localhost:9516/session/9bbe5b4e85bfdbad28be631214c789b8/window/handles:  {}
2019-12-16T11:13:44.795Z [info] 	66 Sending POST request to http://localhost:9516/session/9bbe5b4e85bfdbad28be631214c789b8/url:  {"url":"about:blank"}
2019-12-16T11:13:44.861Z [info] 	68 Sending element request to http://localhost:9516/session/9bbe5b4e85bfdbad28be631214c789b8:  {"using":"xpath","value":"/html/body/*"}
2019-12-16T11:13:44.863Z [info] 	68 Element locator: {"value":"/html/body/*","using":"xpath","fromTa":false}
2019-12-16T11:13:45.111Z [info] 	Element response: {"value":[]}
2019-12-16T11:13:45.113Z [info] 	68 Sending POST request to http://localhost:9516/session/9bbe5b4e85bfdbad28be631214c789b8/goog/cdp/execute:  {"cmd":"Storage.clearDataForOrigin","params":{"origin":"*","storageTypes":"cookies,local_storage"}}
