2019-12-16T13:32:20.554Z [info] 	TrueAutomation.IO Client is listening on port 9515
2019-12-16T13:32:21.636Z [info] 	Starting TrueAutomation.IO client
2019-12-16T13:32:21.636Z [info] 	API key: 33426fca-8197-44eb-918f-356cc72ba53f
2019-12-16T13:32:21.636Z [info] 	Project name: mw-trueautomation
2019-12-16T13:32:21.636Z [info] 	Cloud server: https://app.trueautomation.io
2019-12-16T13:32:21.637Z [info] 	Starting chromeDriver /Users/tempuser/.trueautomation/chromedriver/chromedriver_mac64_78.0.3904.105 on port 9516...
2019-12-16T13:32:29.176Z [info] 	1 Create session response: {"value":{"capabilities":{"acceptInsecureCerts":false,"browserName":"chrome","browserVersion":"79.0.3945.79","chrome":{"chromedriverVersion":"78.0.3904.105 (60e2d8774a8151efa6a00b1f358371b1e0e07ee2-refs/branch-heads/3904@{#877})","userDataDir":"/var/folders/72/sz7nwm191gddft3cvjk557h40000gn/T/.com.google.Chrome.WiJ24B"},"goog:chromeOptions":{"debuggerAddress":"localhost:58593"},"networkConnectionEnabled":false,"pageLoadStrategy":"normal","platformName":"mac os x","proxy":{},"setWindowRect":true,"strictFileInteractability":false,"timeouts":{"implicit":0,"pageLoad":300000,"script":30000},"unhandledPromptBehavior":"dismiss and notify"},"sessionId":"aa236902f0aee972156f0f6bb2996195"}}
2019-12-16T13:32:29.192Z [info] 	1 Sending POST request to http://localhost:9516/session/aa236902f0aee972156f0f6bb2996195/url:  {"url":"https://ariat-dev.moovweb.cloud/"}
2019-12-16T13:32:31.221Z [info] 	3 Sending element request to http://localhost:9516/session/aa236902f0aee972156f0f6bb2996195:  {"using":"xpath","value":"//a[@href and contains(text(), 'Men')]__ta__ariat:header:crousel_categories:men__ta__"}
2019-12-16T13:32:32.135Z [info] 	3 Element locator: {"value":"/*[1]/*[2]/*[3]/*[1]/*[2]/*[1]/*[1]/*[1]/*[3]/*[1]/*[1]","using":"xpath","fromTa":true}
2019-12-16T13:32:32.342Z [info] 	Element response: {"value":[]}
2019-12-16T13:32:32.361Z [info] 	4 Sending element request to http://localhost:9516/session/aa236902f0aee972156f0f6bb2996195:  {"using":"xpath","value":"//a[@href and contains(text(), 'Men')]__ta__ariat:header:crousel_categories:men__ta__"}
2019-12-16T13:32:32.992Z [info] 	4 Element locator: {"value":"/*[1]/*[2]/*[2]/*[1]/*[2]/*[1]/*[1]/*[1]/*[3]/*[1]/*[1]","using":"xpath","fromTa":true}
2019-12-16T13:32:33.240Z [info] 	Element response: {"value":[]}
2019-12-16T13:32:33.256Z [info] 	5 Sending element request to http://localhost:9516/session/aa236902f0aee972156f0f6bb2996195:  {"using":"xpath","value":"//a[@href and contains(text(), 'Men')]__ta__ariat:header:crousel_categories:men__ta__"}
2019-12-16T13:32:33.939Z [info] 	5 Element locator: {"value":"/*[1]/*[2]/*[2]/*[1]/*[2]/*[1]/*[1]/*[1]/*[3]/*[1]/*[1]","using":"xpath","fromTa":true}
2019-12-16T13:32:34.193Z [info] 	Element response: {"value":[]}
2019-12-16T13:32:34.211Z [info] 	6 Sending element request to http://localhost:9516/session/aa236902f0aee972156f0f6bb2996195:  {"using":"xpath","value":"//a[@href and contains(text(), 'Men')]__ta__ariat:header:crousel_categories:men__ta__"}
2019-12-16T13:32:34.780Z [info] 	6 Element locator: {"value":"/*[1]/*[2]/*[2]/*[1]/*[2]/*[1]/*[1]/*[1]/*[3]/*[1]/*[1]","using":"xpath","fromTa":true}
2019-12-16T13:32:35.031Z [info] 	Element response: {"value":[]}
2019-12-16T13:32:35.047Z [info] 	7 Sending element request to http://localhost:9516/session/aa236902f0aee972156f0f6bb2996195:  {"using":"xpath","value":"//a[@href and contains(text(), 'Men')]__ta__ariat:header:crousel_categories:men__ta__"}
2019-12-16T13:32:35.673Z [info] 	7 Element locator: {"value":"/*[1]/*[2]/*[2]/*[1]/*[2]/*[1]/*[1]/*[1]/*[3]/*[1]/*[1]","using":"xpath","fromTa":true}
2019-12-16T13:32:35.929Z [info] 	Element response: {"value":[]}
2019-12-16T13:32:35.945Z [info] 	8 Sending element request to http://localhost:9516/session/aa236902f0aee972156f0f6bb2996195:  {"using":"xpath","value":"//a[@href and contains(text(), 'Men')]__ta__ariat:header:crousel_categories:men__ta__"}
2019-12-16T13:32:36.537Z [info] 	8 Element locator: {"value":"/*[1]/*[2]/*[2]/*[1]/*[2]/*[1]/*[1]/*[1]/*[3]/*[1]/*[1]","using":"xpath","fromTa":true}
2019-12-16T13:32:36.787Z [info] 	Element response: {"value":[]}
2019-12-16T13:32:36.802Z [info] 	9 Sending element request to http://localhost:9516/session/aa236902f0aee972156f0f6bb2996195:  {"using":"xpath","value":"//a[@href and contains(text(), 'Men')]__ta__ariat:header:crousel_categories:men__ta__"}
2019-12-16T13:32:37.452Z [info] 	9 Element locator: {"value":"/*[1]/*[2]/*[2]/*[1]/*[2]/*[1]/*[1]/*[1]/*[3]/*[1]/*[1]","using":"xpath","fromTa":true}
2019-12-16T13:32:37.698Z [info] 	Element response: {"value":[]}
2019-12-16T13:32:37.714Z [info] 	10 Sending element request to http://localhost:9516/session/aa236902f0aee972156f0f6bb2996195:  {"using":"xpath","value":"//a[@href and contains(text(), 'Men')]__ta__ariat:header:crousel_categories:men__ta__"}
2019-12-16T13:32:38.413Z [info] 	10 Element locator: {"value":"/*[1]/*[2]/*[2]/*[1]/*[2]/*[1]/*[1]/*[1]/*[3]/*[1]/*[1]","using":"xpath","fromTa":true}
2019-12-16T13:32:38.659Z [info] 	Element response: {"value":[]}
2019-12-16T13:32:38.676Z [info] 	11 Sending element request to http://localhost:9516/session/aa236902f0aee972156f0f6bb2996195:  {"using":"xpath","value":"//a[@href and contains(text(), 'Men')]__ta__ariat:header:crousel_categories:men__ta__"}
2019-12-16T13:32:39.344Z [info] 	11 Element locator: {"value":"/*[1]/*[2]/*[2]/*[1]/*[2]/*[1]/*[1]/*[1]/*[3]/*[1]/*[1]","using":"xpath","fromTa":true}
2019-12-16T13:32:39.808Z [info] 	Element response: {"value":[]}
2019-12-16T13:32:39.828Z [info] 	12 Sending element request to http://localhost:9516/session/aa236902f0aee972156f0f6bb2996195:  {"using":"xpath","value":"//a[@href and contains(text(), 'Men')]__ta__ariat:header:crousel_categories:men__ta__"}
2019-12-16T13:32:41.023Z [info] 	12 Element locator: {"value":"/*[1]/*[2]/*[3]/*[1]/*[2]/*[1]/*[1]/*[1]/*[3]/*[1]/*[1]","using":"xpath","fromTa":true}
2019-12-16T13:32:41.271Z [info] 	Element response: {"value":[]}
2019-12-16T13:32:41.289Z [info] 	13 Sending element request to http://localhost:9516/session/aa236902f0aee972156f0f6bb2996195:  {"using":"xpath","value":"//a[@href and contains(text(), 'Men')]__ta__ariat:header:crousel_categories:men__ta__"}
2019-12-16T13:32:41.943Z [info] 	13 Element locator: {"value":"/*[1]/*[2]/*[3]/*[1]/*[2]/*[1]/*[1]/*[1]/*[3]/*[1]/*[1]","using":"xpath","fromTa":true}
2019-12-16T13:32:42.194Z [info] 	Element response: {"value":[]}
2019-12-16T13:32:42.212Z [info] 	14 Sending element request to http://localhost:9516/session/aa236902f0aee972156f0f6bb2996195:  {"using":"xpath","value":"//a[@href and contains(text(), 'Men')]__ta__ariat:header:crousel_categories:men__ta__"}
2019-12-16T13:32:42.830Z [info] 	14 Element locator: {"value":"/*[1]/*[2]/*[3]/*[1]/*[2]/*[1]/*[1]/*[1]/*[3]/*[1]/*[1]","using":"xpath","fromTa":true}
2019-12-16T13:32:43.084Z [info] 	Element response: {"value":[]}
2019-12-16T13:32:43.102Z [info] 	15 Sending element request to http://localhost:9516/session/aa236902f0aee972156f0f6bb2996195:  {"using":"xpath","value":"//a[@href and contains(text(), 'Men')]__ta__ariat:header:crousel_categories:men__ta__"}
2019-12-16T13:32:43.718Z [info] 	15 Element locator: {"value":"/*[1]/*[2]/*[3]/*[1]/*[2]/*[1]/*[1]/*[1]/*[3]/*[1]/*[1]","using":"xpath","fromTa":true}
2019-12-16T13:32:43.976Z [info] 	Element response: {"value":[]}
2019-12-16T13:32:43.981Z [info] 	15 Sending GET request to http://localhost:9516/session/aa236902f0aee972156f0f6bb2996195/window/handles:  {}
2019-12-16T13:32:43.987Z [info] 	16 Sending POST request to http://localhost:9516/session/aa236902f0aee972156f0f6bb2996195/window:  {"handle":"CDwindow-0828FC70419A398449A84F455EA001E2"}
2019-12-16T13:32:43.996Z [info] 	17 Sending GET request to http://localhost:9516/session/aa236902f0aee972156f0f6bb2996195/window/handles:  {}
2019-12-16T13:32:44.024Z [info] 	18 Sending POST request to http://localhost:9516/session/aa236902f0aee972156f0f6bb2996195/url:  {"url":"about:blank"}
2019-12-16T13:32:44.093Z [info] 	20 Sending element request to http://localhost:9516/session/aa236902f0aee972156f0f6bb2996195:  {"using":"xpath","value":"/html/body/*"}
2019-12-16T13:32:44.094Z [info] 	20 Element locator: {"value":"/html/body/*","using":"xpath","fromTa":false}
2019-12-16T13:32:44.337Z [info] 	Element response: {"value":[]}
2019-12-16T13:32:44.340Z [info] 	20 Sending POST request to http://localhost:9516/session/aa236902f0aee972156f0f6bb2996195/goog/cdp/execute:  {"cmd":"Storage.clearDataForOrigin","params":{"origin":"*","storageTypes":"cookies,local_storage"}}
2019-12-16T13:32:44.367Z [info] 	Sync elements
