2020-01-13T12:01:26.029Z [info] 	TrueAutomation.IO Client is listening on port 9515
2020-01-13T12:01:27.304Z [info] 	Starting TrueAutomation.IO client
2020-01-13T12:01:27.305Z [info] 	API key: 8ceb34cf-4ee4-46dd-8ccb-9f733013341a
2020-01-13T12:01:27.305Z [info] 	Project name: newnewnew
2020-01-13T12:01:27.305Z [info] 	Cloud server: http://app-dev.trueautomation.io
2020-01-13T12:01:27.305Z [info] 	Starting chromeDriver /Users/juliaarapova/.trueautomation/chromedriver/chromedriver_mac64_79.0.3945.36 on port 9516...
2020-01-13T12:01:29.571Z [info] 	1 Create session response: {"value":{"capabilities":{"acceptInsecureCerts":false,"browserName":"chrome","browserVersion":"79.0.3945.117","chrome":{"chromedriverVersion":"79.0.3945.36 (3582db32b33893869b8c1339e8f4d9ed1816f143-refs/branch-heads/3945@{#614})","userDataDir":"/var/folders/vv/_x0x6cds6_l48m8ntvvw30sw0000gn/T/.com.google.Chrome.PCSCbL"},"goog:chromeOptions":{"debuggerAddress":"localhost:53225"},"networkConnectionEnabled":false,"pageLoadStrategy":"normal","platformName":"mac os x","proxy":{},"setWindowRect":true,"strictFileInteractability":false,"timeouts":{"implicit":0,"pageLoad":300000,"script":30000},"unhandledPromptBehavior":"dismiss and notify"},"sessionId":"db44f4696418d34988356001a3e591cf"}}
2020-01-13T12:01:29.601Z [info] 	1 Sending POST request to http://localhost:9516/session/db44f4696418d34988356001a3e591cf/url:  {"url":"https://mw-dev.ariat.com/"}
2020-01-13T12:01:30.472Z [info] 	2 Sending POST request to http://localhost:9516/session/db44f4696418d34988356001a3e591cf/execute/sync:  {"script":"window.scrollTo(0,document.body.scrollHeight*0.0);","args":[]}
2020-01-13T12:01:30.982Z [info] 	3 Sending POST request to http://localhost:9516/session/db44f4696418d34988356001a3e591cf/execute/sync:  {"script":"window.scrollTo(0,document.body.scrollHeight*0.1);","args":[]}
2020-01-13T12:01:31.497Z [info] 	4 Sending POST request to http://localhost:9516/session/db44f4696418d34988356001a3e591cf/execute/sync:  {"script":"window.scrollTo(0,document.body.scrollHeight*0.2);","args":[]}
2020-01-13T12:01:32.009Z [info] 	5 Sending POST request to http://localhost:9516/session/db44f4696418d34988356001a3e591cf/execute/sync:  {"script":"window.scrollTo(0,document.body.scrollHeight*0.3);","args":[]}
2020-01-13T12:01:32.522Z [info] 	6 Sending POST request to http://localhost:9516/session/db44f4696418d34988356001a3e591cf/execute/sync:  {"script":"window.scrollTo(0,document.body.scrollHeight*0.4);","args":[]}
2020-01-13T12:01:33.037Z [info] 	7 Sending POST request to http://localhost:9516/session/db44f4696418d34988356001a3e591cf/execute/sync:  {"script":"window.scrollTo(0,document.body.scrollHeight*0.5);","args":[]}
2020-01-13T12:01:33.559Z [info] 	8 Sending POST request to http://localhost:9516/session/db44f4696418d34988356001a3e591cf/execute/sync:  {"script":"window.scrollTo(0,document.body.scrollHeight*0.6);","args":[]}
2020-01-13T12:01:34.114Z [info] 	9 Sending POST request to http://localhost:9516/session/db44f4696418d34988356001a3e591cf/execute/sync:  {"script":"window.scrollTo(0,document.body.scrollHeight*0.7);","args":[]}
2020-01-13T12:01:34.627Z [info] 	10 Sending POST request to http://localhost:9516/session/db44f4696418d34988356001a3e591cf/execute/sync:  {"script":"window.scrollTo(0,document.body.scrollHeight*0.8);","args":[]}
2020-01-13T12:01:35.137Z [info] 	11 Sending POST request to http://localhost:9516/session/db44f4696418d34988356001a3e591cf/execute/sync:  {"script":"window.scrollTo(0,document.body.scrollHeight*0.9);","args":[]}
2020-01-13T12:01:35.647Z [info] 	12 Sending POST request to http://localhost:9516/session/db44f4696418d34988356001a3e591cf/execute/sync:  {"script":"window.scrollTo(0,document.body.scrollHeight*1.0);","args":[]}
2020-01-13T12:01:36.166Z [info] 	14 Sending element request to http://localhost:9516/session/db44f4696418d34988356001a3e591cf:  {"using":"xpath","value":"//h4[text() = 'SUPPORT']"}
2020-01-13T12:01:36.168Z [info] 	14 Element locator: {"value":"//h4[text() = 'SUPPORT']","using":"xpath","fromTa":false}
2020-01-13T12:01:36.429Z [info] 	Element response: {"value":[]}
2020-01-13T12:01:36.449Z [info] 	15 Sending element request to http://localhost:9516/session/db44f4696418d34988356001a3e591cf:  {"using":"xpath","value":"//h4[text() = 'SUPPORT']"}
2020-01-13T12:01:36.451Z [info] 	15 Element locator: {"value":"//h4[text() = 'SUPPORT']","using":"xpath","fromTa":false}
2020-01-13T12:01:36.708Z [info] 	Element response: {"value":[]}
2020-01-13T12:01:36.727Z [info] 	16 Sending element request to http://localhost:9516/session/db44f4696418d34988356001a3e591cf:  {"using":"xpath","value":"//h4[text() = 'SUPPORT']"}
2020-01-13T12:01:36.728Z [info] 	16 Element locator: {"value":"//h4[text() = 'SUPPORT']","using":"xpath","fromTa":false}
2020-01-13T12:01:36.986Z [info] 	Element response: {"value":[]}
2020-01-13T12:01:37.005Z [info] 	17 Sending element request to http://localhost:9516/session/db44f4696418d34988356001a3e591cf:  {"using":"xpath","value":"//h4[text() = 'SUPPORT']"}
2020-01-13T12:01:37.007Z [info] 	17 Element locator: {"value":"//h4[text() = 'SUPPORT']","using":"xpath","fromTa":false}
2020-01-13T12:01:37.264Z [info] 	Element response: {"value":[]}
2020-01-13T12:01:37.286Z [info] 	18 Sending element request to http://localhost:9516/session/db44f4696418d34988356001a3e591cf:  {"using":"xpath","value":"//h4[text() = 'SUPPORT']"}
2020-01-13T12:01:37.288Z [info] 	18 Element locator: {"value":"//h4[text() = 'SUPPORT']","using":"xpath","fromTa":false}
2020-01-13T12:01:37.541Z [info] 	Element response: {"value":[]}
2020-01-13T12:01:37.560Z [info] 	19 Sending element request to http://localhost:9516/session/db44f4696418d34988356001a3e591cf:  {"using":"xpath","value":"//h4[text() = 'SUPPORT']"}
2020-01-13T12:01:37.562Z [info] 	19 Element locator: {"value":"//h4[text() = 'SUPPORT']","using":"xpath","fromTa":false}
2020-01-13T12:01:37.818Z [info] 	Element response: {"value":[]}
2020-01-13T12:01:37.839Z [info] 	20 Sending element request to http://localhost:9516/session/db44f4696418d34988356001a3e591cf:  {"using":"xpath","value":"//h4[text() = 'SUPPORT']"}
2020-01-13T12:01:37.840Z [info] 	20 Element locator: {"value":"//h4[text() = 'SUPPORT']","using":"xpath","fromTa":false}
2020-01-13T12:01:38.096Z [info] 	Element response: {"value":[]}
2020-01-13T12:01:38.114Z [info] 	21 Sending element request to http://localhost:9516/session/db44f4696418d34988356001a3e591cf:  {"using":"xpath","value":"//h4[text() = 'SUPPORT']"}
2020-01-13T12:01:38.116Z [info] 	21 Element locator: {"value":"//h4[text() = 'SUPPORT']","using":"xpath","fromTa":false}
2020-01-13T12:01:38.373Z [info] 	Element response: {"value":[]}
2020-01-13T12:01:38.390Z [info] 	22 Sending element request to http://localhost:9516/session/db44f4696418d34988356001a3e591cf:  {"using":"xpath","value":"//h4[text() = 'SUPPORT']"}
2020-01-13T12:01:38.392Z [info] 	22 Element locator: {"value":"//h4[text() = 'SUPPORT']","using":"xpath","fromTa":false}
2020-01-13T12:01:38.648Z [info] 	Element response: {"value":[]}
2020-01-13T12:01:38.666Z [info] 	23 Sending element request to http://localhost:9516/session/db44f4696418d34988356001a3e591cf:  {"using":"xpath","value":"//h4[text() = 'SUPPORT']"}
2020-01-13T12:01:38.668Z [info] 	23 Element locator: {"value":"//h4[text() = 'SUPPORT']","using":"xpath","fromTa":false}
2020-01-13T12:01:38.962Z [info] 	Element response: {"value":[]}
2020-01-13T12:01:38.979Z [info] 	24 Sending element request to http://localhost:9516/session/db44f4696418d34988356001a3e591cf:  {"using":"xpath","value":"//h4[text() = 'SUPPORT']"}
2020-01-13T12:01:38.980Z [info] 	24 Element locator: {"value":"//h4[text() = 'SUPPORT']","using":"xpath","fromTa":false}
2020-01-13T12:01:39.281Z [info] 	Element response: {"value":[]}
2020-01-13T12:01:39.297Z [info] 	25 Sending element request to http://localhost:9516/session/db44f4696418d34988356001a3e591cf:  {"using":"xpath","value":"//h4[text() = 'SUPPORT']"}
2020-01-13T12:01:39.298Z [info] 	25 Element locator: {"value":"//h4[text() = 'SUPPORT']","using":"xpath","fromTa":false}
2020-01-13T12:01:39.637Z [info] 	Element response: {"value":[]}
2020-01-13T12:01:39.654Z [info] 	26 Sending element request to http://localhost:9516/session/db44f4696418d34988356001a3e591cf:  {"using":"xpath","value":"//h4[text() = 'SUPPORT']"}
2020-01-13T12:01:39.655Z [info] 	26 Element locator: {"value":"//h4[text() = 'SUPPORT']","using":"xpath","fromTa":false}
2020-01-13T12:01:39.961Z [info] 	Element response: {"value":[]}
2020-01-13T12:01:39.979Z [info] 	27 Sending element request to http://localhost:9516/session/db44f4696418d34988356001a3e591cf:  {"using":"xpath","value":"//h4[text() = 'SUPPORT']"}
2020-01-13T12:01:39.980Z [info] 	27 Element locator: {"value":"//h4[text() = 'SUPPORT']","using":"xpath","fromTa":false}
2020-01-13T12:01:40.229Z [info] 	Element response: {"value":[]}
2020-01-13T12:01:40.245Z [info] 	28 Sending element request to http://localhost:9516/session/db44f4696418d34988356001a3e591cf:  {"using":"xpath","value":"//h4[text() = 'SUPPORT']"}
2020-01-13T12:01:40.246Z [info] 	28 Element locator: {"value":"//h4[text() = 'SUPPORT']","using":"xpath","fromTa":false}
2020-01-13T12:01:40.496Z [info] 	Element response: {"value":[]}
2020-01-13T12:01:40.516Z [info] 	29 Sending element request to http://localhost:9516/session/db44f4696418d34988356001a3e591cf:  {"using":"xpath","value":"//h4[text() = 'SUPPORT']"}
2020-01-13T12:01:40.518Z [info] 	29 Element locator: {"value":"//h4[text() = 'SUPPORT']","using":"xpath","fromTa":false}
2020-01-13T12:01:40.773Z [info] 	Element response: {"value":[]}
2020-01-13T12:01:40.790Z [info] 	30 Sending element request to http://localhost:9516/session/db44f4696418d34988356001a3e591cf:  {"using":"xpath","value":"//h4[text() = 'SUPPORT']"}
2020-01-13T12:01:40.792Z [info] 	30 Element locator: {"value":"//h4[text() = 'SUPPORT']","using":"xpath","fromTa":false}
2020-01-13T12:01:41.045Z [info] 	Element response: {"value":[]}
2020-01-13T12:01:41.060Z [info] 	31 Sending element request to http://localhost:9516/session/db44f4696418d34988356001a3e591cf:  {"using":"xpath","value":"//h4[text() = 'SUPPORT']"}
2020-01-13T12:01:41.061Z [info] 	31 Element locator: {"value":"//h4[text() = 'SUPPORT']","using":"xpath","fromTa":false}
2020-01-13T12:01:41.313Z [info] 	Element response: {"value":[]}
2020-01-13T12:01:41.331Z [info] 	32 Sending element request to http://localhost:9516/session/db44f4696418d34988356001a3e591cf:  {"using":"xpath","value":"//h4[text() = 'SUPPORT']"}
2020-01-13T12:01:41.332Z [info] 	32 Element locator: {"value":"//h4[text() = 'SUPPORT']","using":"xpath","fromTa":false}
2020-01-13T12:01:41.588Z [info] 	Element response: {"value":[]}
2020-01-13T12:01:41.607Z [info] 	33 Sending element request to http://localhost:9516/session/db44f4696418d34988356001a3e591cf:  {"using":"xpath","value":"//h4[text() = 'SUPPORT']"}
2020-01-13T12:01:41.609Z [info] 	33 Element locator: {"value":"//h4[text() = 'SUPPORT']","using":"xpath","fromTa":false}
2020-01-13T12:01:41.865Z [info] 	Element response: {"value":[]}
2020-01-13T12:01:41.885Z [info] 	34 Sending element request to http://localhost:9516/session/db44f4696418d34988356001a3e591cf:  {"using":"xpath","value":"//h4[text() = 'SUPPORT']"}
2020-01-13T12:01:41.887Z [info] 	34 Element locator: {"value":"//h4[text() = 'SUPPORT']","using":"xpath","fromTa":false}
2020-01-13T12:01:42.140Z [info] 	Element response: {"value":[]}
2020-01-13T12:01:42.158Z [info] 	35 Sending element request to http://localhost:9516/session/db44f4696418d34988356001a3e591cf:  {"using":"xpath","value":"//h4[text() = 'SUPPORT']"}
2020-01-13T12:01:42.160Z [info] 	35 Element locator: {"value":"//h4[text() = 'SUPPORT']","using":"xpath","fromTa":false}
2020-01-13T12:01:42.416Z [info] 	Element response: {"value":[]}
2020-01-13T12:01:42.434Z [info] 	36 Sending element request to http://localhost:9516/session/db44f4696418d34988356001a3e591cf:  {"using":"xpath","value":"//h4[text() = 'SUPPORT']"}
2020-01-13T12:01:42.436Z [info] 	36 Element locator: {"value":"//h4[text() = 'SUPPORT']","using":"xpath","fromTa":false}
2020-01-13T12:01:42.693Z [info] 	Element response: {"value":[]}
2020-01-13T12:01:42.712Z [info] 	37 Sending element request to http://localhost:9516/session/db44f4696418d34988356001a3e591cf:  {"using":"xpath","value":"//h4[text() = 'SUPPORT']"}
2020-01-13T12:01:42.714Z [info] 	37 Element locator: {"value":"//h4[text() = 'SUPPORT']","using":"xpath","fromTa":false}
2020-01-13T12:01:42.970Z [info] 	Element response: {"value":[]}
2020-01-13T12:01:42.987Z [info] 	38 Sending element request to http://localhost:9516/session/db44f4696418d34988356001a3e591cf:  {"using":"xpath","value":"//h4[text() = 'SUPPORT']"}
2020-01-13T12:01:42.989Z [info] 	38 Element locator: {"value":"//h4[text() = 'SUPPORT']","using":"xpath","fromTa":false}
2020-01-13T12:01:43.243Z [info] 	Element response: {"value":[]}
2020-01-13T12:01:43.262Z [info] 	39 Sending element request to http://localhost:9516/session/db44f4696418d34988356001a3e591cf:  {"using":"xpath","value":"//h4[text() = 'SUPPORT']"}
2020-01-13T12:01:43.263Z [info] 	39 Element locator: {"value":"//h4[text() = 'SUPPORT']","using":"xpath","fromTa":false}
2020-01-13T12:01:43.521Z [info] 	Element response: {"value":[]}
2020-01-13T12:01:43.538Z [info] 	40 Sending element request to http://localhost:9516/session/db44f4696418d34988356001a3e591cf:  {"using":"xpath","value":"//h4[text() = 'SUPPORT']"}
2020-01-13T12:01:43.539Z [info] 	40 Element locator: {"value":"//h4[text() = 'SUPPORT']","using":"xpath","fromTa":false}
2020-01-13T12:01:43.793Z [info] 	Element response: {"value":[]}
2020-01-13T12:01:43.811Z [info] 	41 Sending element request to http://localhost:9516/session/db44f4696418d34988356001a3e591cf:  {"using":"xpath","value":"//h4[text() = 'SUPPORT']"}
2020-01-13T12:01:43.814Z [info] 	41 Element locator: {"value":"//h4[text() = 'SUPPORT']","using":"xpath","fromTa":false}
2020-01-13T12:01:44.070Z [info] 	Element response: {"value":[]}
2020-01-13T12:01:44.088Z [info] 	42 Sending element request to http://localhost:9516/session/db44f4696418d34988356001a3e591cf:  {"using":"xpath","value":"//h4[text() = 'SUPPORT']"}
2020-01-13T12:01:44.089Z [info] 	42 Element locator: {"value":"//h4[text() = 'SUPPORT']","using":"xpath","fromTa":false}
2020-01-13T12:01:44.342Z [info] 	Element response: {"value":[]}
2020-01-13T12:01:44.359Z [info] 	43 Sending element request to http://localhost:9516/session/db44f4696418d34988356001a3e591cf:  {"using":"xpath","value":"//h4[text() = 'SUPPORT']"}
2020-01-13T12:01:44.361Z [info] 	43 Element locator: {"value":"//h4[text() = 'SUPPORT']","using":"xpath","fromTa":false}
2020-01-13T12:01:44.615Z [info] 	Element response: {"value":[]}
2020-01-13T12:01:44.633Z [info] 	44 Sending element request to http://localhost:9516/session/db44f4696418d34988356001a3e591cf:  {"using":"xpath","value":"//h4[text() = 'SUPPORT']"}
2020-01-13T12:01:44.634Z [info] 	44 Element locator: {"value":"//h4[text() = 'SUPPORT']","using":"xpath","fromTa":false}
2020-01-13T12:01:44.885Z [info] 	Element response: {"value":[]}
2020-01-13T12:01:44.901Z [info] 	45 Sending element request to http://localhost:9516/session/db44f4696418d34988356001a3e591cf:  {"using":"xpath","value":"//h4[text() = 'SUPPORT']"}
2020-01-13T12:01:44.903Z [info] 	45 Element locator: {"value":"//h4[text() = 'SUPPORT']","using":"xpath","fromTa":false}
2020-01-13T12:01:45.155Z [info] 	Element response: {"value":[]}
2020-01-13T12:01:45.171Z [info] 	46 Sending element request to http://localhost:9516/session/db44f4696418d34988356001a3e591cf:  {"using":"xpath","value":"//h4[text() = 'SUPPORT']"}
2020-01-13T12:01:45.173Z [info] 	46 Element locator: {"value":"//h4[text() = 'SUPPORT']","using":"xpath","fromTa":false}
2020-01-13T12:01:45.426Z [info] 	Element response: {"value":[]}
2020-01-13T12:01:45.444Z [info] 	47 Sending element request to http://localhost:9516/session/db44f4696418d34988356001a3e591cf:  {"using":"xpath","value":"//h4[text() = 'SUPPORT']"}
2020-01-13T12:01:45.445Z [info] 	47 Element locator: {"value":"//h4[text() = 'SUPPORT']","using":"xpath","fromTa":false}
2020-01-13T12:01:45.697Z [info] 	Element response: {"value":[]}
2020-01-13T12:01:45.713Z [info] 	48 Sending element request to http://localhost:9516/session/db44f4696418d34988356001a3e591cf:  {"using":"xpath","value":"//h4[text() = 'SUPPORT']"}
2020-01-13T12:01:45.716Z [info] 	48 Element locator: {"value":"//h4[text() = 'SUPPORT']","using":"xpath","fromTa":false}
2020-01-13T12:01:45.977Z [info] 	Element response: {"value":[]}
2020-01-13T12:01:45.997Z [info] 	49 Sending element request to http://localhost:9516/session/db44f4696418d34988356001a3e591cf:  {"using":"xpath","value":"//h4[text() = 'SUPPORT']"}
2020-01-13T12:01:45.998Z [info] 	49 Element locator: {"value":"//h4[text() = 'SUPPORT']","using":"xpath","fromTa":false}
2020-01-13T12:01:46.247Z [info] 	Element response: {"value":[]}
2020-01-13T12:01:46.263Z [info] 	50 Sending element request to http://localhost:9516/session/db44f4696418d34988356001a3e591cf:  {"using":"xpath","value":"//h4[text() = 'SUPPORT']"}
2020-01-13T12:01:46.264Z [info] 	50 Element locator: {"value":"//h4[text() = 'SUPPORT']","using":"xpath","fromTa":false}
2020-01-13T12:01:46.519Z [info] 	Element response: {"value":[]}
2020-01-13T12:01:46.536Z [info] 	51 Sending element request to http://localhost:9516/session/db44f4696418d34988356001a3e591cf:  {"using":"xpath","value":"//h4[text() = 'SUPPORT']"}
2020-01-13T12:01:46.538Z [info] 	51 Element locator: {"value":"//h4[text() = 'SUPPORT']","using":"xpath","fromTa":false}
2020-01-13T12:01:46.792Z [info] 	Element response: {"value":[]}
2020-01-13T12:01:46.812Z [info] 	52 Sending element request to http://localhost:9516/session/db44f4696418d34988356001a3e591cf:  {"using":"xpath","value":"//h4[text() = 'SUPPORT']"}
2020-01-13T12:01:46.813Z [info] 	52 Element locator: {"value":"//h4[text() = 'SUPPORT']","using":"xpath","fromTa":false}
2020-01-13T12:01:47.070Z [info] 	Element response: {"value":[]}
2020-01-13T12:01:47.091Z [info] 	53 Sending element request to http://localhost:9516/session/db44f4696418d34988356001a3e591cf:  {"using":"xpath","value":"//h4[text() = 'SUPPORT']"}
2020-01-13T12:01:47.093Z [info] 	53 Element locator: {"value":"//h4[text() = 'SUPPORT']","using":"xpath","fromTa":false}
2020-01-13T12:01:47.347Z [info] 	Element response: {"value":[]}
2020-01-13T12:01:47.364Z [info] 	54 Sending element request to http://localhost:9516/session/db44f4696418d34988356001a3e591cf:  {"using":"xpath","value":"//h4[text() = 'SUPPORT']"}
2020-01-13T12:01:47.365Z [info] 	54 Element locator: {"value":"//h4[text() = 'SUPPORT']","using":"xpath","fromTa":false}
2020-01-13T12:01:47.622Z [info] 	Element response: {"value":[]}
2020-01-13T12:01:47.639Z [info] 	55 Sending element request to http://localhost:9516/session/db44f4696418d34988356001a3e591cf:  {"using":"xpath","value":"//h4[text() = 'SUPPORT']"}
2020-01-13T12:01:47.641Z [info] 	55 Element locator: {"value":"//h4[text() = 'SUPPORT']","using":"xpath","fromTa":false}
2020-01-13T12:01:47.898Z [info] 	Element response: {"value":[]}
2020-01-13T12:01:47.915Z [info] 	56 Sending element request to http://localhost:9516/session/db44f4696418d34988356001a3e591cf:  {"using":"xpath","value":"//h4[text() = 'SUPPORT']"}
2020-01-13T12:01:47.917Z [info] 	56 Element locator: {"value":"//h4[text() = 'SUPPORT']","using":"xpath","fromTa":false}
2020-01-13T12:01:48.173Z [info] 	Element response: {"value":[]}
2020-01-13T12:01:48.177Z [info] 	56 Sending GET request to http://localhost:9516/session/db44f4696418d34988356001a3e591cf/screenshot:  {}
2020-01-13T12:01:48.873Z [info] 	57 Sending GET request to http://localhost:9516/session/db44f4696418d34988356001a3e591cf/window/handles:  {}
2020-01-13T12:01:48.877Z [info] 	58 Sending POST request to http://localhost:9516/session/db44f4696418d34988356001a3e591cf/window:  {"handle":"CDwindow-D1D0E000515DBD71E251D5EF1F2793BF"}
2020-01-13T12:01:48.882Z [info] 	59 Sending GET request to http://localhost:9516/session/db44f4696418d34988356001a3e591cf/window/handles:  {}
2020-01-13T12:01:48.886Z [info] 	60 Sending POST request to http://localhost:9516/session/db44f4696418d34988356001a3e591cf/url:  {"url":"about:blank"}
2020-01-13T12:01:48.958Z [info] 	62 Sending element request to http://localhost:9516/session/db44f4696418d34988356001a3e591cf:  {"using":"xpath","value":"/html/body/*"}
2020-01-13T12:01:48.960Z [info] 	62 Element locator: {"value":"/html/body/*","using":"xpath","fromTa":false}
2020-01-13T12:01:49.213Z [info] 	Element response: {"value":[]}
2020-01-13T12:01:49.216Z [info] 	62 Sending POST request to http://localhost:9516/session/db44f4696418d34988356001a3e591cf/goog/cdp/execute:  {"cmd":"Storage.clearDataForOrigin","params":{"origin":"*","storageTypes":"cookies,local_storage"}}
