2020-01-13T12:08:37.572Z [info] 	TrueAutomation.IO Client is listening on port 9515
2020-01-13T12:08:38.701Z [info] 	Starting TrueAutomation.IO client
2020-01-13T12:08:38.701Z [info] 	API key: 8ceb34cf-4ee4-46dd-8ccb-9f733013341a
2020-01-13T12:08:38.701Z [info] 	Project name: newnewnew
2020-01-13T12:08:38.701Z [info] 	Cloud server: http://app-dev.trueautomation.io
2020-01-13T12:08:38.701Z [info] 	Starting chromeDriver /Users/juliaarapova/.trueautomation/chromedriver/chromedriver_mac64_79.0.3945.36 on port 9516...
2020-01-13T12:08:40.704Z [info] 	1 Create session response: {"value":{"capabilities":{"acceptInsecureCerts":false,"browserName":"chrome","browserVersion":"79.0.3945.117","chrome":{"chromedriverVersion":"79.0.3945.36 (3582db32b33893869b8c1339e8f4d9ed1816f143-refs/branch-heads/3945@{#614})","userDataDir":"/var/folders/vv/_x0x6cds6_l48m8ntvvw30sw0000gn/T/.com.google.Chrome.fouqfo"},"goog:chromeOptions":{"debuggerAddress":"localhost:59071"},"networkConnectionEnabled":false,"pageLoadStrategy":"normal","platformName":"mac os x","proxy":{},"setWindowRect":true,"strictFileInteractability":false,"timeouts":{"implicit":0,"pageLoad":300000,"script":30000},"unhandledPromptBehavior":"dismiss and notify"},"sessionId":"6f1a36575061047fe925240fd88eae2a"}}
2020-01-13T12:08:40.723Z [info] 	1 Sending POST request to http://localhost:9516/session/6f1a36575061047fe925240fd88eae2a/url:  {"url":"https://mw-dev.ariat.com/"}
2020-01-13T12:08:41.837Z [info] 	2 Sending POST request to http://localhost:9516/session/6f1a36575061047fe925240fd88eae2a/execute/sync:  {"script":"window.scrollTo(0,document.body.scrollHeight*0.0);","args":[]}
2020-01-13T12:08:42.349Z [info] 	3 Sending POST request to http://localhost:9516/session/6f1a36575061047fe925240fd88eae2a/execute/sync:  {"script":"window.scrollTo(0,document.body.scrollHeight*0.1);","args":[]}
2020-01-13T12:08:42.941Z [info] 	4 Sending POST request to http://localhost:9516/session/6f1a36575061047fe925240fd88eae2a/execute/sync:  {"script":"window.scrollTo(0,document.body.scrollHeight*0.2);","args":[]}
2020-01-13T12:08:43.458Z [info] 	5 Sending POST request to http://localhost:9516/session/6f1a36575061047fe925240fd88eae2a/execute/sync:  {"script":"window.scrollTo(0,document.body.scrollHeight*0.3);","args":[]}
2020-01-13T12:08:43.972Z [info] 	6 Sending POST request to http://localhost:9516/session/6f1a36575061047fe925240fd88eae2a/execute/sync:  {"script":"window.scrollTo(0,document.body.scrollHeight*0.4);","args":[]}
2020-01-13T12:08:44.486Z [info] 	7 Sending POST request to http://localhost:9516/session/6f1a36575061047fe925240fd88eae2a/execute/sync:  {"script":"window.scrollTo(0,document.body.scrollHeight*0.5);","args":[]}
2020-01-13T12:08:44.999Z [info] 	8 Sending POST request to http://localhost:9516/session/6f1a36575061047fe925240fd88eae2a/execute/sync:  {"script":"window.scrollTo(0,document.body.scrollHeight*0.6);","args":[]}
2020-01-13T12:08:45.519Z [info] 	9 Sending POST request to http://localhost:9516/session/6f1a36575061047fe925240fd88eae2a/execute/sync:  {"script":"window.scrollTo(0,document.body.scrollHeight*0.7);","args":[]}
2020-01-13T12:08:46.033Z [info] 	10 Sending POST request to http://localhost:9516/session/6f1a36575061047fe925240fd88eae2a/execute/sync:  {"script":"window.scrollTo(0,document.body.scrollHeight*0.8);","args":[]}
2020-01-13T12:08:46.545Z [info] 	11 Sending POST request to http://localhost:9516/session/6f1a36575061047fe925240fd88eae2a/execute/sync:  {"script":"window.scrollTo(0,document.body.scrollHeight*0.9);","args":[]}
2020-01-13T12:08:47.059Z [info] 	12 Sending POST request to http://localhost:9516/session/6f1a36575061047fe925240fd88eae2a/execute/sync:  {"script":"window.scrollTo(0,document.body.scrollHeight*1.0);","args":[]}
2020-01-13T12:08:47.577Z [info] 	14 Sending element request to http://localhost:9516/session/6f1a36575061047fe925240fd88eae2a:  {"using":"xpath","value":"//h6[text() = 'SUPPORT']"}
2020-01-13T12:08:47.580Z [info] 	14 Element locator: {"value":"//h6[text() = 'SUPPORT']","using":"xpath","fromTa":false}
2020-01-13T12:08:47.593Z [info] 	Element response: {"value":[{"element-6066-11e4-a52e-4f735466cecf":"7ed5a572-f77f-4698-ace8-35dc054ee489"}]}
2020-01-13T12:08:47.597Z [info] 	14 Sending POST request to http://localhost:9516/session/6f1a36575061047fe925240fd88eae2a/execute/sync:  {"script":"return ((function(){function d(t,e,n){function r(t){var e=x(t);if(0<e.height&&0<e.width)return!0;if(\"PATH\"==t.tagName.toUpperCase()&&(0<e.height||0<e.width)){var n=window.getComputedStyle(t)[\"stroke-width\"];return!!n&&0<parseInt(n,10)}return\"hidden\"!=window.getComputedStyle(t).overflow&&Array.prototype.slice.call(t.childNodes).some(function(t){return t.nodeType==Node.TEXT_NODE||t.nodeType==Node.ELEMENT_NODE&&r(t)})}function i(t){return C(t)==T.HIDDEN&&Array.prototype.slice.call(t.childNodes).every(function(t){return t.nodeType!=Node.ELEMENT_NODE||i(t)||!r(t)})}var o=t.tagName.toUpperCase();if(\"BODY\"==o)return!0;if(\"OPTION\"==o||\"OPTGROUP\"==o){var a=c(t,function(t){return\"SELECT\"==t.tagName.toUpperCase()});return!!a&&d(a,!0,n)}var u=s(t);if(u)return!!u.image&&0<u.rect.width&&0<u.rect.height&&d(u.image,e,n);if(\"INPUT\"==o&&\"hidden\"==t.type.toLowerCase())return!1;if(\"NOSCRIPT\"==o)return!1;var l=window.getComputedStyle(t).visibility;return\"collapse\"!=l&&\"hidden\"!=l&&(!!n(t)&&(!(!e&&0==f(t))&&(!!r(t)&&!i(t))))}function E(t){var e=x(t);return{left:e.left,right:e.left+e.width,top:e.top,bottom:e.top+e.height}}function D(t){return t.parentElement}function C(t){function e(t){function e(t){if(t==u)return!0;var e=window.getComputedStyle(t),n=e.display;return 0!=n.indexOf(\"inline\")&&\"contents\"!=n&&(\"absolute\"!=r||\"static\"!=e.position)}var r=window.getComputedStyle(t).position;if(\"fixed\"==r)return i=!0,t==u?null:u;for(var n=D(t);n&&!e(n);)n=D(n);return n}function n(t){var e=t;if(\"visible\"==d)if(t==u&&l)e=l;else if(t==l)return{x:\"visible\",y:\"visible\"};var n=window.getComputedStyle(e),r={x:n[\"overflow-x\"],y:n[\"overflow-y\"]};return t==u&&(r.x=\"visible\"==r.x?\"auto\":r.x,r.y=\"visible\"==r.y?\"auto\":r.y),r}function r(t){return t==u?{x:window.scrollX,y:window.scrollY}:{x:t.scrollLeft,y:t.scrollTop}}for(var i,o=E(t),a=t.ownerDocument,u=a.documentElement,l=a.body,d=window.getComputedStyle(u).overflow,f=e(t);f;f=e(f)){var h=n(f);if(\"visible\"!=h.x||\"visible\"!=h.y){var s=x(f);if(0==s.width||0==s.height)return T.HIDDEN;var p=o.right<s.left,c=o.bottom<s.top;if(p&&\"hidden\"==h.x||c&&\"hidden\"==h.y)return T.HIDDEN;if(p&&\"visible\"!=h.x||c&&\"visible\"!=h.y){var v=r(f),g=o.right<s.left-v.x,w=o.bottom<s.top-v.y;return g&&\"visible\"!=h.x||w&&\"visible\"!=h.x?T.HIDDEN:C(f)==T.HIDDEN?T.HIDDEN:T.SCROLL}var N=o.left>=s.left+s.width,m=o.top>=s.top+s.height;if(N&&\"hidden\"==h.x||m&&\"hidden\"==h.y)return T.HIDDEN;if(N&&\"visible\"!=h.x||m&&\"visible\"!=h.y){if(i){var y=r(f);if(o.left>=u.scrollWidth-y.x||o.right>=u.scrollHeight-y.y)return T.HIDDEN}return C(f)==T.HIDDEN?T.HIDDEN:T.SCROLL}}}return T.NONE}function o(t){var e=t.document.documentElement;return{width:e.clientWidth,height:e.clientHeight}}function p(t,e,n,r){return{left:t,top:e,width:n,height:r}}function x(t){var e,n=s(t);if(n)return n.rect;if(\"HTML\"==t.tagName.toUpperCase()){t.ownerDocument;var r=o(window);return p(0,0,r.width,r.height)}try{e=t.getBoundingClientRect()}catch(i){return p(0,0,0,0)}return p(e.left,e.top,e.right-e.left,e.bottom-e.top)}function f(t){var e=1,n=window.getComputedStyle(t).opacity;n&&(e=Number(n));var r=D(t);return r&&r.nodeType==Node.ELEMENT_NODE&&(e*=f(r)),e}function h(t){var e=t.shape.toLowerCase(),n=t.coords.split(\",\");if(\"rect\"==e&&4==n.length){var r=n[0],i=n[1];return p(r,i,n[2]-r,n[3]-i)}if(\"circle\"==e&&3==n.length){var o=n[0],a=n[1],u=n[2];return p(o-u,a-u,2*u,2*u)}if(\"poly\"==e&&2<n.length){for(var l=n[0],d=n[1],f=l,h=d,s=2;s+1<n.length;s+=2)l=Math.min(l,n[s]),f=Math.max(f,n[s]),d=Math.min(d,n[s+1]),h=Math.max(h,n[s+1]);return p(l,d,f-l,h-d)}return p(0,0,0,0)}function s(t){var e=t.tagName.toUpperCase(),n=\"MAP\"==e;if(!n&&\"AREA\"!=e)return null;var r=n?t:\"MAP\"==D(t).tagName.toUpperCase()?D(t):null,i=null,o=null;if(r&&r.name&&((i=r.ownerDocument.querySelector(\"*[usemap='#\"+r.name+\"']\"))&&(o=x(i),!n&&\"default\"!=t.shape.toLowerCase()))){var a=h(t),u=Math.min(Math.max(a.left,0),o.width),l=Math.min(Math.max(a.top,0),o.height),d=Math.min(a.width,o.width-u),f=Math.min(a.height,o.height-l);o=p(u+o.left,l+o.top,d,f)}return{image:i,rect:o||p(0,0,0,0)}}function c(t,e){for(t&&(t=D(t));t;){if(e(t))return t;t=D(t)}return null}function r(t){var e=t.parentNode;if(e&&e.shadowRoot&&t.assignedSlot!==undefined)return t.assignedSlot?t.assignedSlot.parentNode:null;if(t.getDestinationInsertionPoints){var n=t.getDestinationInsertionPoints();if(0<n.length)return n[n.length-1]}return e}var T={NONE:\"none\",HIDDEN:\"hidden\",SCROLL:\"scroll\"};return function i(t,e){function n(t){if(\"none\"==window.getComputedStyle(t).display)return!1;var e=r(t);if(\"function\"==typeof ShadowRoot&&e instanceof ShadowRoot){if(e.host.shadowRoot!==e)return!1;e=e.host}return!(!e||e.nodeType!=Node.DOCUMENT_NODE&&e.nodeType!=Node.DOCUMENT_FRAGMENT_NODE)||!(e&&e.tagName&&\"DETAILS\"==e.tagName.toUpperCase()&&!e.open&&\"SUMMARY\"!=t.tagName)&&(e&&n(e))}return d(t,!!e,n)}})()).apply(null, arguments)","args":[{"element-6066-11e4-a52e-4f735466cecf":"7ed5a572-f77f-4698-ace8-35dc054ee489"}]}
2020-01-13T12:08:47.609Z [info] 	16 Sending element request to http://localhost:9516/session/6f1a36575061047fe925240fd88eae2a:  {"using":"xpath","value":"//h6[text() = 'SUPPORT']"}
2020-01-13T12:08:47.610Z [info] 	16 Element locator: {"value":"//h6[text() = 'SUPPORT']","using":"xpath","fromTa":false}
2020-01-13T12:08:47.621Z [info] 	Element response: {"value":[{"element-6066-11e4-a52e-4f735466cecf":"7ed5a572-f77f-4698-ace8-35dc054ee489"}]}
2020-01-13T12:08:47.624Z [info] 	16 Sending POST request to http://localhost:9516/session/6f1a36575061047fe925240fd88eae2a/execute/sync:  {"script":"return ((function(){function d(t,e,n){function r(t){var e=x(t);if(0<e.height&&0<e.width)return!0;if(\"PATH\"==t.tagName.toUpperCase()&&(0<e.height||0<e.width)){var n=window.getComputedStyle(t)[\"stroke-width\"];return!!n&&0<parseInt(n,10)}return\"hidden\"!=window.getComputedStyle(t).overflow&&Array.prototype.slice.call(t.childNodes).some(function(t){return t.nodeType==Node.TEXT_NODE||t.nodeType==Node.ELEMENT_NODE&&r(t)})}function i(t){return C(t)==T.HIDDEN&&Array.prototype.slice.call(t.childNodes).every(function(t){return t.nodeType!=Node.ELEMENT_NODE||i(t)||!r(t)})}var o=t.tagName.toUpperCase();if(\"BODY\"==o)return!0;if(\"OPTION\"==o||\"OPTGROUP\"==o){var a=c(t,function(t){return\"SELECT\"==t.tagName.toUpperCase()});return!!a&&d(a,!0,n)}var u=s(t);if(u)return!!u.image&&0<u.rect.width&&0<u.rect.height&&d(u.image,e,n);if(\"INPUT\"==o&&\"hidden\"==t.type.toLowerCase())return!1;if(\"NOSCRIPT\"==o)return!1;var l=window.getComputedStyle(t).visibility;return\"collapse\"!=l&&\"hidden\"!=l&&(!!n(t)&&(!(!e&&0==f(t))&&(!!r(t)&&!i(t))))}function E(t){var e=x(t);return{left:e.left,right:e.left+e.width,top:e.top,bottom:e.top+e.height}}function D(t){return t.parentElement}function C(t){function e(t){function e(t){if(t==u)return!0;var e=window.getComputedStyle(t),n=e.display;return 0!=n.indexOf(\"inline\")&&\"contents\"!=n&&(\"absolute\"!=r||\"static\"!=e.position)}var r=window.getComputedStyle(t).position;if(\"fixed\"==r)return i=!0,t==u?null:u;for(var n=D(t);n&&!e(n);)n=D(n);return n}function n(t){var e=t;if(\"visible\"==d)if(t==u&&l)e=l;else if(t==l)return{x:\"visible\",y:\"visible\"};var n=window.getComputedStyle(e),r={x:n[\"overflow-x\"],y:n[\"overflow-y\"]};return t==u&&(r.x=\"visible\"==r.x?\"auto\":r.x,r.y=\"visible\"==r.y?\"auto\":r.y),r}function r(t){return t==u?{x:window.scrollX,y:window.scrollY}:{x:t.scrollLeft,y:t.scrollTop}}for(var i,o=E(t),a=t.ownerDocument,u=a.documentElement,l=a.body,d=window.getComputedStyle(u).overflow,f=e(t);f;f=e(f)){var h=n(f);if(\"visible\"!=h.x||\"visible\"!=h.y){var s=x(f);if(0==s.width||0==s.height)return T.HIDDEN;var p=o.right<s.left,c=o.bottom<s.top;if(p&&\"hidden\"==h.x||c&&\"hidden\"==h.y)return T.HIDDEN;if(p&&\"visible\"!=h.x||c&&\"visible\"!=h.y){var v=r(f),g=o.right<s.left-v.x,w=o.bottom<s.top-v.y;return g&&\"visible\"!=h.x||w&&\"visible\"!=h.x?T.HIDDEN:C(f)==T.HIDDEN?T.HIDDEN:T.SCROLL}var N=o.left>=s.left+s.width,m=o.top>=s.top+s.height;if(N&&\"hidden\"==h.x||m&&\"hidden\"==h.y)return T.HIDDEN;if(N&&\"visible\"!=h.x||m&&\"visible\"!=h.y){if(i){var y=r(f);if(o.left>=u.scrollWidth-y.x||o.right>=u.scrollHeight-y.y)return T.HIDDEN}return C(f)==T.HIDDEN?T.HIDDEN:T.SCROLL}}}return T.NONE}function o(t){var e=t.document.documentElement;return{width:e.clientWidth,height:e.clientHeight}}function p(t,e,n,r){return{left:t,top:e,width:n,height:r}}function x(t){var e,n=s(t);if(n)return n.rect;if(\"HTML\"==t.tagName.toUpperCase()){t.ownerDocument;var r=o(window);return p(0,0,r.width,r.height)}try{e=t.getBoundingClientRect()}catch(i){return p(0,0,0,0)}return p(e.left,e.top,e.right-e.left,e.bottom-e.top)}function f(t){var e=1,n=window.getComputedStyle(t).opacity;n&&(e=Number(n));var r=D(t);return r&&r.nodeType==Node.ELEMENT_NODE&&(e*=f(r)),e}function h(t){var e=t.shape.toLowerCase(),n=t.coords.split(\",\");if(\"rect\"==e&&4==n.length){var r=n[0],i=n[1];return p(r,i,n[2]-r,n[3]-i)}if(\"circle\"==e&&3==n.length){var o=n[0],a=n[1],u=n[2];return p(o-u,a-u,2*u,2*u)}if(\"poly\"==e&&2<n.length){for(var l=n[0],d=n[1],f=l,h=d,s=2;s+1<n.length;s+=2)l=Math.min(l,n[s]),f=Math.max(f,n[s]),d=Math.min(d,n[s+1]),h=Math.max(h,n[s+1]);return p(l,d,f-l,h-d)}return p(0,0,0,0)}function s(t){var e=t.tagName.toUpperCase(),n=\"MAP\"==e;if(!n&&\"AREA\"!=e)return null;var r=n?t:\"MAP\"==D(t).tagName.toUpperCase()?D(t):null,i=null,o=null;if(r&&r.name&&((i=r.ownerDocument.querySelector(\"*[usemap='#\"+r.name+\"']\"))&&(o=x(i),!n&&\"default\"!=t.shape.toLowerCase()))){var a=h(t),u=Math.min(Math.max(a.left,0),o.width),l=Math.min(Math.max(a.top,0),o.height),d=Math.min(a.width,o.width-u),f=Math.min(a.height,o.height-l);o=p(u+o.left,l+o.top,d,f)}return{image:i,rect:o||p(0,0,0,0)}}function c(t,e){for(t&&(t=D(t));t;){if(e(t))return t;t=D(t)}return null}function r(t){var e=t.parentNode;if(e&&e.shadowRoot&&t.assignedSlot!==undefined)return t.assignedSlot?t.assignedSlot.parentNode:null;if(t.getDestinationInsertionPoints){var n=t.getDestinationInsertionPoints();if(0<n.length)return n[n.length-1]}return e}var T={NONE:\"none\",HIDDEN:\"hidden\",SCROLL:\"scroll\"};return function i(t,e){function n(t){if(\"none\"==window.getComputedStyle(t).display)return!1;var e=r(t);if(\"function\"==typeof ShadowRoot&&e instanceof ShadowRoot){if(e.host.shadowRoot!==e)return!1;e=e.host}return!(!e||e.nodeType!=Node.DOCUMENT_NODE&&e.nodeType!=Node.DOCUMENT_FRAGMENT_NODE)||!(e&&e.tagName&&\"DETAILS\"==e.tagName.toUpperCase()&&!e.open&&\"SUMMARY\"!=t.tagName)&&(e&&n(e))}return d(t,!!e,n)}})()).apply(null, arguments)","args":[{"element-6066-11e4-a52e-4f735466cecf":"7ed5a572-f77f-4698-ace8-35dc054ee489"}]}
2020-01-13T12:08:47.633Z [info] 	17 Sending POST request to http://localhost:9516/session/6f1a36575061047fe925240fd88eae2a/element/7ed5a572-f77f-4698-ace8-35dc054ee489/click:  {}
2020-01-13T12:08:54.737Z [info] 	19 Sending element request to http://localhost:9516/session/6f1a36575061047fe925240fd88eae2a:  {"using":"xpath","value":"//p[text()='Order Status']"}
2020-01-13T12:08:54.739Z [info] 	19 Element locator: {"value":"//p[text()='Order Status']","using":"xpath","fromTa":false}
2020-01-13T12:08:54.752Z [info] 	Element response: {"value":[{"element-6066-11e4-a52e-4f735466cecf":"9225c04b-e681-46b5-9982-0694e14828bd"}]}
2020-01-13T12:08:54.755Z [info] 	19 Sending POST request to http://localhost:9516/session/6f1a36575061047fe925240fd88eae2a/execute/sync:  {"script":"return ((function(){function d(t,e,n){function r(t){var e=x(t);if(0<e.height&&0<e.width)return!0;if(\"PATH\"==t.tagName.toUpperCase()&&(0<e.height||0<e.width)){var n=window.getComputedStyle(t)[\"stroke-width\"];return!!n&&0<parseInt(n,10)}return\"hidden\"!=window.getComputedStyle(t).overflow&&Array.prototype.slice.call(t.childNodes).some(function(t){return t.nodeType==Node.TEXT_NODE||t.nodeType==Node.ELEMENT_NODE&&r(t)})}function i(t){return C(t)==T.HIDDEN&&Array.prototype.slice.call(t.childNodes).every(function(t){return t.nodeType!=Node.ELEMENT_NODE||i(t)||!r(t)})}var o=t.tagName.toUpperCase();if(\"BODY\"==o)return!0;if(\"OPTION\"==o||\"OPTGROUP\"==o){var a=c(t,function(t){return\"SELECT\"==t.tagName.toUpperCase()});return!!a&&d(a,!0,n)}var u=s(t);if(u)return!!u.image&&0<u.rect.width&&0<u.rect.height&&d(u.image,e,n);if(\"INPUT\"==o&&\"hidden\"==t.type.toLowerCase())return!1;if(\"NOSCRIPT\"==o)return!1;var l=window.getComputedStyle(t).visibility;return\"collapse\"!=l&&\"hidden\"!=l&&(!!n(t)&&(!(!e&&0==f(t))&&(!!r(t)&&!i(t))))}function E(t){var e=x(t);return{left:e.left,right:e.left+e.width,top:e.top,bottom:e.top+e.height}}function D(t){return t.parentElement}function C(t){function e(t){function e(t){if(t==u)return!0;var e=window.getComputedStyle(t),n=e.display;return 0!=n.indexOf(\"inline\")&&\"contents\"!=n&&(\"absolute\"!=r||\"static\"!=e.position)}var r=window.getComputedStyle(t).position;if(\"fixed\"==r)return i=!0,t==u?null:u;for(var n=D(t);n&&!e(n);)n=D(n);return n}function n(t){var e=t;if(\"visible\"==d)if(t==u&&l)e=l;else if(t==l)return{x:\"visible\",y:\"visible\"};var n=window.getComputedStyle(e),r={x:n[\"overflow-x\"],y:n[\"overflow-y\"]};return t==u&&(r.x=\"visible\"==r.x?\"auto\":r.x,r.y=\"visible\"==r.y?\"auto\":r.y),r}function r(t){return t==u?{x:window.scrollX,y:window.scrollY}:{x:t.scrollLeft,y:t.scrollTop}}for(var i,o=E(t),a=t.ownerDocument,u=a.documentElement,l=a.body,d=window.getComputedStyle(u).overflow,f=e(t);f;f=e(f)){var h=n(f);if(\"visible\"!=h.x||\"visible\"!=h.y){var s=x(f);if(0==s.width||0==s.height)return T.HIDDEN;var p=o.right<s.left,c=o.bottom<s.top;if(p&&\"hidden\"==h.x||c&&\"hidden\"==h.y)return T.HIDDEN;if(p&&\"visible\"!=h.x||c&&\"visible\"!=h.y){var v=r(f),g=o.right<s.left-v.x,w=o.bottom<s.top-v.y;return g&&\"visible\"!=h.x||w&&\"visible\"!=h.x?T.HIDDEN:C(f)==T.HIDDEN?T.HIDDEN:T.SCROLL}var N=o.left>=s.left+s.width,m=o.top>=s.top+s.height;if(N&&\"hidden\"==h.x||m&&\"hidden\"==h.y)return T.HIDDEN;if(N&&\"visible\"!=h.x||m&&\"visible\"!=h.y){if(i){var y=r(f);if(o.left>=u.scrollWidth-y.x||o.right>=u.scrollHeight-y.y)return T.HIDDEN}return C(f)==T.HIDDEN?T.HIDDEN:T.SCROLL}}}return T.NONE}function o(t){var e=t.document.documentElement;return{width:e.clientWidth,height:e.clientHeight}}function p(t,e,n,r){return{left:t,top:e,width:n,height:r}}function x(t){var e,n=s(t);if(n)return n.rect;if(\"HTML\"==t.tagName.toUpperCase()){t.ownerDocument;var r=o(window);return p(0,0,r.width,r.height)}try{e=t.getBoundingClientRect()}catch(i){return p(0,0,0,0)}return p(e.left,e.top,e.right-e.left,e.bottom-e.top)}function f(t){var e=1,n=window.getComputedStyle(t).opacity;n&&(e=Number(n));var r=D(t);return r&&r.nodeType==Node.ELEMENT_NODE&&(e*=f(r)),e}function h(t){var e=t.shape.toLowerCase(),n=t.coords.split(\",\");if(\"rect\"==e&&4==n.length){var r=n[0],i=n[1];return p(r,i,n[2]-r,n[3]-i)}if(\"circle\"==e&&3==n.length){var o=n[0],a=n[1],u=n[2];return p(o-u,a-u,2*u,2*u)}if(\"poly\"==e&&2<n.length){for(var l=n[0],d=n[1],f=l,h=d,s=2;s+1<n.length;s+=2)l=Math.min(l,n[s]),f=Math.max(f,n[s]),d=Math.min(d,n[s+1]),h=Math.max(h,n[s+1]);return p(l,d,f-l,h-d)}return p(0,0,0,0)}function s(t){var e=t.tagName.toUpperCase(),n=\"MAP\"==e;if(!n&&\"AREA\"!=e)return null;var r=n?t:\"MAP\"==D(t).tagName.toUpperCase()?D(t):null,i=null,o=null;if(r&&r.name&&((i=r.ownerDocument.querySelector(\"*[usemap='#\"+r.name+\"']\"))&&(o=x(i),!n&&\"default\"!=t.shape.toLowerCase()))){var a=h(t),u=Math.min(Math.max(a.left,0),o.width),l=Math.min(Math.max(a.top,0),o.height),d=Math.min(a.width,o.width-u),f=Math.min(a.height,o.height-l);o=p(u+o.left,l+o.top,d,f)}return{image:i,rect:o||p(0,0,0,0)}}function c(t,e){for(t&&(t=D(t));t;){if(e(t))return t;t=D(t)}return null}function r(t){var e=t.parentNode;if(e&&e.shadowRoot&&t.assignedSlot!==undefined)return t.assignedSlot?t.assignedSlot.parentNode:null;if(t.getDestinationInsertionPoints){var n=t.getDestinationInsertionPoints();if(0<n.length)return n[n.length-1]}return e}var T={NONE:\"none\",HIDDEN:\"hidden\",SCROLL:\"scroll\"};return function i(t,e){function n(t){if(\"none\"==window.getComputedStyle(t).display)return!1;var e=r(t);if(\"function\"==typeof ShadowRoot&&e instanceof ShadowRoot){if(e.host.shadowRoot!==e)return!1;e=e.host}return!(!e||e.nodeType!=Node.DOCUMENT_NODE&&e.nodeType!=Node.DOCUMENT_FRAGMENT_NODE)||!(e&&e.tagName&&\"DETAILS\"==e.tagName.toUpperCase()&&!e.open&&\"SUMMARY\"!=t.tagName)&&(e&&n(e))}return d(t,!!e,n)}})()).apply(null, arguments)","args":[{"element-6066-11e4-a52e-4f735466cecf":"9225c04b-e681-46b5-9982-0694e14828bd"}]}
2020-01-13T12:08:59.775Z [info] 	21 Sending element request to http://localhost:9516/session/6f1a36575061047fe925240fd88eae2a:  {"using":"xpath","value":"//p[text()='Returns']"}
2020-01-13T12:08:59.777Z [info] 	21 Element locator: {"value":"//p[text()='Returns']","using":"xpath","fromTa":false}
2020-01-13T12:08:59.788Z [info] 	Element response: {"value":[{"element-6066-11e4-a52e-4f735466cecf":"3ee60202-8a43-4802-aeb4-cbce72d2339e"}]}
2020-01-13T12:08:59.791Z [info] 	21 Sending POST request to http://localhost:9516/session/6f1a36575061047fe925240fd88eae2a/execute/sync:  {"script":"return ((function(){function d(t,e,n){function r(t){var e=x(t);if(0<e.height&&0<e.width)return!0;if(\"PATH\"==t.tagName.toUpperCase()&&(0<e.height||0<e.width)){var n=window.getComputedStyle(t)[\"stroke-width\"];return!!n&&0<parseInt(n,10)}return\"hidden\"!=window.getComputedStyle(t).overflow&&Array.prototype.slice.call(t.childNodes).some(function(t){return t.nodeType==Node.TEXT_NODE||t.nodeType==Node.ELEMENT_NODE&&r(t)})}function i(t){return C(t)==T.HIDDEN&&Array.prototype.slice.call(t.childNodes).every(function(t){return t.nodeType!=Node.ELEMENT_NODE||i(t)||!r(t)})}var o=t.tagName.toUpperCase();if(\"BODY\"==o)return!0;if(\"OPTION\"==o||\"OPTGROUP\"==o){var a=c(t,function(t){return\"SELECT\"==t.tagName.toUpperCase()});return!!a&&d(a,!0,n)}var u=s(t);if(u)return!!u.image&&0<u.rect.width&&0<u.rect.height&&d(u.image,e,n);if(\"INPUT\"==o&&\"hidden\"==t.type.toLowerCase())return!1;if(\"NOSCRIPT\"==o)return!1;var l=window.getComputedStyle(t).visibility;return\"collapse\"!=l&&\"hidden\"!=l&&(!!n(t)&&(!(!e&&0==f(t))&&(!!r(t)&&!i(t))))}function E(t){var e=x(t);return{left:e.left,right:e.left+e.width,top:e.top,bottom:e.top+e.height}}function D(t){return t.parentElement}function C(t){function e(t){function e(t){if(t==u)return!0;var e=window.getComputedStyle(t),n=e.display;return 0!=n.indexOf(\"inline\")&&\"contents\"!=n&&(\"absolute\"!=r||\"static\"!=e.position)}var r=window.getComputedStyle(t).position;if(\"fixed\"==r)return i=!0,t==u?null:u;for(var n=D(t);n&&!e(n);)n=D(n);return n}function n(t){var e=t;if(\"visible\"==d)if(t==u&&l)e=l;else if(t==l)return{x:\"visible\",y:\"visible\"};var n=window.getComputedStyle(e),r={x:n[\"overflow-x\"],y:n[\"overflow-y\"]};return t==u&&(r.x=\"visible\"==r.x?\"auto\":r.x,r.y=\"visible\"==r.y?\"auto\":r.y),r}function r(t){return t==u?{x:window.scrollX,y:window.scrollY}:{x:t.scrollLeft,y:t.scrollTop}}for(var i,o=E(t),a=t.ownerDocument,u=a.documentElement,l=a.body,d=window.getComputedStyle(u).overflow,f=e(t);f;f=e(f)){var h=n(f);if(\"visible\"!=h.x||\"visible\"!=h.y){var s=x(f);if(0==s.width||0==s.height)return T.HIDDEN;var p=o.right<s.left,c=o.bottom<s.top;if(p&&\"hidden\"==h.x||c&&\"hidden\"==h.y)return T.HIDDEN;if(p&&\"visible\"!=h.x||c&&\"visible\"!=h.y){var v=r(f),g=o.right<s.left-v.x,w=o.bottom<s.top-v.y;return g&&\"visible\"!=h.x||w&&\"visible\"!=h.x?T.HIDDEN:C(f)==T.HIDDEN?T.HIDDEN:T.SCROLL}var N=o.left>=s.left+s.width,m=o.top>=s.top+s.height;if(N&&\"hidden\"==h.x||m&&\"hidden\"==h.y)return T.HIDDEN;if(N&&\"visible\"!=h.x||m&&\"visible\"!=h.y){if(i){var y=r(f);if(o.left>=u.scrollWidth-y.x||o.right>=u.scrollHeight-y.y)return T.HIDDEN}return C(f)==T.HIDDEN?T.HIDDEN:T.SCROLL}}}return T.NONE}function o(t){var e=t.document.documentElement;return{width:e.clientWidth,height:e.clientHeight}}function p(t,e,n,r){return{left:t,top:e,width:n,height:r}}function x(t){var e,n=s(t);if(n)return n.rect;if(\"HTML\"==t.tagName.toUpperCase()){t.ownerDocument;var r=o(window);return p(0,0,r.width,r.height)}try{e=t.getBoundingClientRect()}catch(i){return p(0,0,0,0)}return p(e.left,e.top,e.right-e.left,e.bottom-e.top)}function f(t){var e=1,n=window.getComputedStyle(t).opacity;n&&(e=Number(n));var r=D(t);return r&&r.nodeType==Node.ELEMENT_NODE&&(e*=f(r)),e}function h(t){var e=t.shape.toLowerCase(),n=t.coords.split(\",\");if(\"rect\"==e&&4==n.length){var r=n[0],i=n[1];return p(r,i,n[2]-r,n[3]-i)}if(\"circle\"==e&&3==n.length){var o=n[0],a=n[1],u=n[2];return p(o-u,a-u,2*u,2*u)}if(\"poly\"==e&&2<n.length){for(var l=n[0],d=n[1],f=l,h=d,s=2;s+1<n.length;s+=2)l=Math.min(l,n[s]),f=Math.max(f,n[s]),d=Math.min(d,n[s+1]),h=Math.max(h,n[s+1]);return p(l,d,f-l,h-d)}return p(0,0,0,0)}function s(t){var e=t.tagName.toUpperCase(),n=\"MAP\"==e;if(!n&&\"AREA\"!=e)return null;var r=n?t:\"MAP\"==D(t).tagName.toUpperCase()?D(t):null,i=null,o=null;if(r&&r.name&&((i=r.ownerDocument.querySelector(\"*[usemap='#\"+r.name+\"']\"))&&(o=x(i),!n&&\"default\"!=t.shape.toLowerCase()))){var a=h(t),u=Math.min(Math.max(a.left,0),o.width),l=Math.min(Math.max(a.top,0),o.height),d=Math.min(a.width,o.width-u),f=Math.min(a.height,o.height-l);o=p(u+o.left,l+o.top,d,f)}return{image:i,rect:o||p(0,0,0,0)}}function c(t,e){for(t&&(t=D(t));t;){if(e(t))return t;t=D(t)}return null}function r(t){var e=t.parentNode;if(e&&e.shadowRoot&&t.assignedSlot!==undefined)return t.assignedSlot?t.assignedSlot.parentNode:null;if(t.getDestinationInsertionPoints){var n=t.getDestinationInsertionPoints();if(0<n.length)return n[n.length-1]}return e}var T={NONE:\"none\",HIDDEN:\"hidden\",SCROLL:\"scroll\"};return function i(t,e){function n(t){if(\"none\"==window.getComputedStyle(t).display)return!1;var e=r(t);if(\"function\"==typeof ShadowRoot&&e instanceof ShadowRoot){if(e.host.shadowRoot!==e)return!1;e=e.host}return!(!e||e.nodeType!=Node.DOCUMENT_NODE&&e.nodeType!=Node.DOCUMENT_FRAGMENT_NODE)||!(e&&e.tagName&&\"DETAILS\"==e.tagName.toUpperCase()&&!e.open&&\"SUMMARY\"!=t.tagName)&&(e&&n(e))}return d(t,!!e,n)}})()).apply(null, arguments)","args":[{"element-6066-11e4-a52e-4f735466cecf":"3ee60202-8a43-4802-aeb4-cbce72d2339e"}]}
2020-01-13T12:09:04.805Z [info] 	23 Sending element request to http://localhost:9516/session/6f1a36575061047fe925240fd88eae2a:  {"using":"xpath","value":"//p[text()='Track Your Order']"}
2020-01-13T12:09:04.807Z [info] 	23 Element locator: {"value":"//p[text()='Track Your Order']","using":"xpath","fromTa":false}
2020-01-13T12:09:05.070Z [info] 	Element response: {"value":[]}
2020-01-13T12:09:05.088Z [info] 	24 Sending element request to http://localhost:9516/session/6f1a36575061047fe925240fd88eae2a:  {"using":"xpath","value":"//p[text()='Track Your Order']"}
2020-01-13T12:09:05.090Z [info] 	24 Element locator: {"value":"//p[text()='Track Your Order']","using":"xpath","fromTa":false}
2020-01-13T12:09:05.347Z [info] 	Element response: {"value":[]}
2020-01-13T12:09:05.365Z [info] 	25 Sending element request to http://localhost:9516/session/6f1a36575061047fe925240fd88eae2a:  {"using":"xpath","value":"//p[text()='Track Your Order']"}
2020-01-13T12:09:05.367Z [info] 	25 Element locator: {"value":"//p[text()='Track Your Order']","using":"xpath","fromTa":false}
2020-01-13T12:09:05.621Z [info] 	Element response: {"value":[]}
2020-01-13T12:09:05.638Z [info] 	26 Sending element request to http://localhost:9516/session/6f1a36575061047fe925240fd88eae2a:  {"using":"xpath","value":"//p[text()='Track Your Order']"}
2020-01-13T12:09:05.640Z [info] 	26 Element locator: {"value":"//p[text()='Track Your Order']","using":"xpath","fromTa":false}
2020-01-13T12:09:05.887Z [info] 	Element response: {"value":[]}
2020-01-13T12:09:05.903Z [info] 	27 Sending element request to http://localhost:9516/session/6f1a36575061047fe925240fd88eae2a:  {"using":"xpath","value":"//p[text()='Track Your Order']"}
2020-01-13T12:09:05.905Z [info] 	27 Element locator: {"value":"//p[text()='Track Your Order']","using":"xpath","fromTa":false}
2020-01-13T12:09:06.163Z [info] 	Element response: {"value":[]}
2020-01-13T12:09:06.180Z [info] 	28 Sending element request to http://localhost:9516/session/6f1a36575061047fe925240fd88eae2a:  {"using":"xpath","value":"//p[text()='Track Your Order']"}
2020-01-13T12:09:06.182Z [info] 	28 Element locator: {"value":"//p[text()='Track Your Order']","using":"xpath","fromTa":false}
2020-01-13T12:09:06.434Z [info] 	Element response: {"value":[]}
2020-01-13T12:09:06.453Z [info] 	29 Sending element request to http://localhost:9516/session/6f1a36575061047fe925240fd88eae2a:  {"using":"xpath","value":"//p[text()='Track Your Order']"}
2020-01-13T12:09:06.455Z [info] 	29 Element locator: {"value":"//p[text()='Track Your Order']","using":"xpath","fromTa":false}
2020-01-13T12:09:06.807Z [info] 	Element response: {"value":[]}
2020-01-13T12:09:06.827Z [info] 	30 Sending element request to http://localhost:9516/session/6f1a36575061047fe925240fd88eae2a:  {"using":"xpath","value":"//p[text()='Track Your Order']"}
2020-01-13T12:09:06.828Z [info] 	30 Element locator: {"value":"//p[text()='Track Your Order']","using":"xpath","fromTa":false}
2020-01-13T12:09:07.081Z [info] 	Element response: {"value":[]}
2020-01-13T12:09:07.098Z [info] 	31 Sending element request to http://localhost:9516/session/6f1a36575061047fe925240fd88eae2a:  {"using":"xpath","value":"//p[text()='Track Your Order']"}
2020-01-13T12:09:07.100Z [info] 	31 Element locator: {"value":"//p[text()='Track Your Order']","using":"xpath","fromTa":false}
2020-01-13T12:09:07.349Z [info] 	Element response: {"value":[]}
2020-01-13T12:09:07.367Z [info] 	32 Sending element request to http://localhost:9516/session/6f1a36575061047fe925240fd88eae2a:  {"using":"xpath","value":"//p[text()='Track Your Order']"}
2020-01-13T12:09:07.369Z [info] 	32 Element locator: {"value":"//p[text()='Track Your Order']","using":"xpath","fromTa":false}
2020-01-13T12:09:07.626Z [info] 	Element response: {"value":[]}
2020-01-13T12:09:07.645Z [info] 	33 Sending element request to http://localhost:9516/session/6f1a36575061047fe925240fd88eae2a:  {"using":"xpath","value":"//p[text()='Track Your Order']"}
2020-01-13T12:09:07.647Z [info] 	33 Element locator: {"value":"//p[text()='Track Your Order']","using":"xpath","fromTa":false}
2020-01-13T12:09:07.903Z [info] 	Element response: {"value":[]}
2020-01-13T12:09:07.923Z [info] 	34 Sending element request to http://localhost:9516/session/6f1a36575061047fe925240fd88eae2a:  {"using":"xpath","value":"//p[text()='Track Your Order']"}
2020-01-13T12:09:07.924Z [info] 	34 Element locator: {"value":"//p[text()='Track Your Order']","using":"xpath","fromTa":false}
2020-01-13T12:09:08.168Z [info] 	Element response: {"value":[]}
2020-01-13T12:09:08.186Z [info] 	35 Sending element request to http://localhost:9516/session/6f1a36575061047fe925240fd88eae2a:  {"using":"xpath","value":"//p[text()='Track Your Order']"}
2020-01-13T12:09:08.188Z [info] 	35 Element locator: {"value":"//p[text()='Track Your Order']","using":"xpath","fromTa":false}
2020-01-13T12:09:08.443Z [info] 	Element response: {"value":[]}
2020-01-13T12:09:08.463Z [info] 	36 Sending element request to http://localhost:9516/session/6f1a36575061047fe925240fd88eae2a:  {"using":"xpath","value":"//p[text()='Track Your Order']"}
2020-01-13T12:09:08.465Z [info] 	36 Element locator: {"value":"//p[text()='Track Your Order']","using":"xpath","fromTa":false}
2020-01-13T12:09:08.719Z [info] 	Element response: {"value":[]}
2020-01-13T12:09:08.738Z [info] 	37 Sending element request to http://localhost:9516/session/6f1a36575061047fe925240fd88eae2a:  {"using":"xpath","value":"//p[text()='Track Your Order']"}
2020-01-13T12:09:08.740Z [info] 	37 Element locator: {"value":"//p[text()='Track Your Order']","using":"xpath","fromTa":false}
2020-01-13T12:09:08.993Z [info] 	Element response: {"value":[]}
2020-01-13T12:09:09.011Z [info] 	38 Sending element request to http://localhost:9516/session/6f1a36575061047fe925240fd88eae2a:  {"using":"xpath","value":"//p[text()='Track Your Order']"}
2020-01-13T12:09:09.013Z [info] 	38 Element locator: {"value":"//p[text()='Track Your Order']","using":"xpath","fromTa":false}
2020-01-13T12:09:09.268Z [info] 	Element response: {"value":[]}
2020-01-13T12:09:09.284Z [info] 	39 Sending element request to http://localhost:9516/session/6f1a36575061047fe925240fd88eae2a:  {"using":"xpath","value":"//p[text()='Track Your Order']"}
2020-01-13T12:09:09.287Z [info] 	39 Element locator: {"value":"//p[text()='Track Your Order']","using":"xpath","fromTa":false}
2020-01-13T12:09:09.545Z [info] 	Element response: {"value":[]}
2020-01-13T12:09:09.564Z [info] 	40 Sending element request to http://localhost:9516/session/6f1a36575061047fe925240fd88eae2a:  {"using":"xpath","value":"//p[text()='Track Your Order']"}
2020-01-13T12:09:09.565Z [info] 	40 Element locator: {"value":"//p[text()='Track Your Order']","using":"xpath","fromTa":false}
2020-01-13T12:09:09.815Z [info] 	Element response: {"value":[]}
2020-01-13T12:09:09.833Z [info] 	41 Sending element request to http://localhost:9516/session/6f1a36575061047fe925240fd88eae2a:  {"using":"xpath","value":"//p[text()='Track Your Order']"}
2020-01-13T12:09:09.835Z [info] 	41 Element locator: {"value":"//p[text()='Track Your Order']","using":"xpath","fromTa":false}
2020-01-13T12:09:10.088Z [info] 	Element response: {"value":[]}
2020-01-13T12:09:10.105Z [info] 	42 Sending element request to http://localhost:9516/session/6f1a36575061047fe925240fd88eae2a:  {"using":"xpath","value":"//p[text()='Track Your Order']"}
2020-01-13T12:09:10.106Z [info] 	42 Element locator: {"value":"//p[text()='Track Your Order']","using":"xpath","fromTa":false}
2020-01-13T12:09:10.356Z [info] 	Element response: {"value":[]}
2020-01-13T12:09:10.373Z [info] 	43 Sending element request to http://localhost:9516/session/6f1a36575061047fe925240fd88eae2a:  {"using":"xpath","value":"//p[text()='Track Your Order']"}
2020-01-13T12:09:10.375Z [info] 	43 Element locator: {"value":"//p[text()='Track Your Order']","using":"xpath","fromTa":false}
2020-01-13T12:09:10.619Z [info] 	Element response: {"value":[]}
2020-01-13T12:09:10.639Z [info] 	44 Sending element request to http://localhost:9516/session/6f1a36575061047fe925240fd88eae2a:  {"using":"xpath","value":"//p[text()='Track Your Order']"}
2020-01-13T12:09:10.640Z [info] 	44 Element locator: {"value":"//p[text()='Track Your Order']","using":"xpath","fromTa":false}
2020-01-13T12:09:10.897Z [info] 	Element response: {"value":[]}
2020-01-13T12:09:10.914Z [info] 	45 Sending element request to http://localhost:9516/session/6f1a36575061047fe925240fd88eae2a:  {"using":"xpath","value":"//p[text()='Track Your Order']"}
2020-01-13T12:09:10.916Z [info] 	45 Element locator: {"value":"//p[text()='Track Your Order']","using":"xpath","fromTa":false}
2020-01-13T12:09:11.171Z [info] 	Element response: {"value":[]}
2020-01-13T12:09:11.189Z [info] 	46 Sending element request to http://localhost:9516/session/6f1a36575061047fe925240fd88eae2a:  {"using":"xpath","value":"//p[text()='Track Your Order']"}
2020-01-13T12:09:11.191Z [info] 	46 Element locator: {"value":"//p[text()='Track Your Order']","using":"xpath","fromTa":false}
2020-01-13T12:09:11.445Z [info] 	Element response: {"value":[]}
2020-01-13T12:09:11.464Z [info] 	47 Sending element request to http://localhost:9516/session/6f1a36575061047fe925240fd88eae2a:  {"using":"xpath","value":"//p[text()='Track Your Order']"}
2020-01-13T12:09:11.465Z [info] 	47 Element locator: {"value":"//p[text()='Track Your Order']","using":"xpath","fromTa":false}
2020-01-13T12:09:11.723Z [info] 	Element response: {"value":[]}
2020-01-13T12:09:11.740Z [info] 	48 Sending element request to http://localhost:9516/session/6f1a36575061047fe925240fd88eae2a:  {"using":"xpath","value":"//p[text()='Track Your Order']"}
2020-01-13T12:09:11.741Z [info] 	48 Element locator: {"value":"//p[text()='Track Your Order']","using":"xpath","fromTa":false}
2020-01-13T12:09:11.995Z [info] 	Element response: {"value":[]}
2020-01-13T12:09:12.014Z [info] 	49 Sending element request to http://localhost:9516/session/6f1a36575061047fe925240fd88eae2a:  {"using":"xpath","value":"//p[text()='Track Your Order']"}
2020-01-13T12:09:12.016Z [info] 	49 Element locator: {"value":"//p[text()='Track Your Order']","using":"xpath","fromTa":false}
2020-01-13T12:09:12.267Z [info] 	Element response: {"value":[]}
2020-01-13T12:09:12.284Z [info] 	50 Sending element request to http://localhost:9516/session/6f1a36575061047fe925240fd88eae2a:  {"using":"xpath","value":"//p[text()='Track Your Order']"}
2020-01-13T12:09:12.286Z [info] 	50 Element locator: {"value":"//p[text()='Track Your Order']","using":"xpath","fromTa":false}
2020-01-13T12:09:12.543Z [info] 	Element response: {"value":[]}
2020-01-13T12:09:12.559Z [info] 	51 Sending element request to http://localhost:9516/session/6f1a36575061047fe925240fd88eae2a:  {"using":"xpath","value":"//p[text()='Track Your Order']"}
2020-01-13T12:09:12.562Z [info] 	51 Element locator: {"value":"//p[text()='Track Your Order']","using":"xpath","fromTa":false}
2020-01-13T12:09:12.820Z [info] 	Element response: {"value":[]}
2020-01-13T12:09:12.837Z [info] 	52 Sending element request to http://localhost:9516/session/6f1a36575061047fe925240fd88eae2a:  {"using":"xpath","value":"//p[text()='Track Your Order']"}
2020-01-13T12:09:12.839Z [info] 	52 Element locator: {"value":"//p[text()='Track Your Order']","using":"xpath","fromTa":false}
2020-01-13T12:09:13.095Z [info] 	Element response: {"value":[]}
2020-01-13T12:09:13.113Z [info] 	53 Sending element request to http://localhost:9516/session/6f1a36575061047fe925240fd88eae2a:  {"using":"xpath","value":"//p[text()='Track Your Order']"}
2020-01-13T12:09:13.115Z [info] 	53 Element locator: {"value":"//p[text()='Track Your Order']","using":"xpath","fromTa":false}
2020-01-13T12:09:13.369Z [info] 	Element response: {"value":[]}
2020-01-13T12:09:13.391Z [info] 	54 Sending element request to http://localhost:9516/session/6f1a36575061047fe925240fd88eae2a:  {"using":"xpath","value":"//p[text()='Track Your Order']"}
2020-01-13T12:09:13.393Z [info] 	54 Element locator: {"value":"//p[text()='Track Your Order']","using":"xpath","fromTa":false}
2020-01-13T12:09:13.647Z [info] 	Element response: {"value":[]}
2020-01-13T12:09:13.666Z [info] 	55 Sending element request to http://localhost:9516/session/6f1a36575061047fe925240fd88eae2a:  {"using":"xpath","value":"//p[text()='Track Your Order']"}
2020-01-13T12:09:13.668Z [info] 	55 Element locator: {"value":"//p[text()='Track Your Order']","using":"xpath","fromTa":false}
2020-01-13T12:09:13.921Z [info] 	Element response: {"value":[]}
2020-01-13T12:09:13.939Z [info] 	56 Sending element request to http://localhost:9516/session/6f1a36575061047fe925240fd88eae2a:  {"using":"xpath","value":"//p[text()='Track Your Order']"}
2020-01-13T12:09:13.940Z [info] 	56 Element locator: {"value":"//p[text()='Track Your Order']","using":"xpath","fromTa":false}
2020-01-13T12:09:14.194Z [info] 	Element response: {"value":[]}
2020-01-13T12:09:14.213Z [info] 	57 Sending element request to http://localhost:9516/session/6f1a36575061047fe925240fd88eae2a:  {"using":"xpath","value":"//p[text()='Track Your Order']"}
2020-01-13T12:09:14.215Z [info] 	57 Element locator: {"value":"//p[text()='Track Your Order']","using":"xpath","fromTa":false}
2020-01-13T12:09:14.472Z [info] 	Element response: {"value":[]}
2020-01-13T12:09:14.489Z [info] 	58 Sending element request to http://localhost:9516/session/6f1a36575061047fe925240fd88eae2a:  {"using":"xpath","value":"//p[text()='Track Your Order']"}
2020-01-13T12:09:14.490Z [info] 	58 Element locator: {"value":"//p[text()='Track Your Order']","using":"xpath","fromTa":false}
2020-01-13T12:09:14.747Z [info] 	Element response: {"value":[]}
2020-01-13T12:09:14.764Z [info] 	59 Sending element request to http://localhost:9516/session/6f1a36575061047fe925240fd88eae2a:  {"using":"xpath","value":"//p[text()='Track Your Order']"}
2020-01-13T12:09:14.766Z [info] 	59 Element locator: {"value":"//p[text()='Track Your Order']","using":"xpath","fromTa":false}
2020-01-13T12:09:15.024Z [info] 	Element response: {"value":[]}
2020-01-13T12:09:15.039Z [info] 	60 Sending element request to http://localhost:9516/session/6f1a36575061047fe925240fd88eae2a:  {"using":"xpath","value":"//p[text()='Track Your Order']"}
2020-01-13T12:09:15.041Z [info] 	60 Element locator: {"value":"//p[text()='Track Your Order']","using":"xpath","fromTa":false}
2020-01-13T12:09:15.295Z [info] 	Element response: {"value":[]}
2020-01-13T12:09:15.312Z [info] 	61 Sending element request to http://localhost:9516/session/6f1a36575061047fe925240fd88eae2a:  {"using":"xpath","value":"//p[text()='Track Your Order']"}
2020-01-13T12:09:15.313Z [info] 	61 Element locator: {"value":"//p[text()='Track Your Order']","using":"xpath","fromTa":false}
2020-01-13T12:09:15.567Z [info] 	Element response: {"value":[]}
2020-01-13T12:09:15.585Z [info] 	62 Sending element request to http://localhost:9516/session/6f1a36575061047fe925240fd88eae2a:  {"using":"xpath","value":"//p[text()='Track Your Order']"}
2020-01-13T12:09:15.586Z [info] 	62 Element locator: {"value":"//p[text()='Track Your Order']","using":"xpath","fromTa":false}
2020-01-13T12:09:15.842Z [info] 	Element response: {"value":[]}
2020-01-13T12:09:15.859Z [info] 	63 Sending element request to http://localhost:9516/session/6f1a36575061047fe925240fd88eae2a:  {"using":"xpath","value":"//p[text()='Track Your Order']"}
2020-01-13T12:09:15.860Z [info] 	63 Element locator: {"value":"//p[text()='Track Your Order']","using":"xpath","fromTa":false}
2020-01-13T12:09:16.112Z [info] 	Element response: {"value":[]}
2020-01-13T12:09:16.128Z [info] 	64 Sending element request to http://localhost:9516/session/6f1a36575061047fe925240fd88eae2a:  {"using":"xpath","value":"//p[text()='Track Your Order']"}
2020-01-13T12:09:16.129Z [info] 	64 Element locator: {"value":"//p[text()='Track Your Order']","using":"xpath","fromTa":false}
2020-01-13T12:09:16.384Z [info] 	Element response: {"value":[]}
2020-01-13T12:09:16.401Z [info] 	65 Sending element request to http://localhost:9516/session/6f1a36575061047fe925240fd88eae2a:  {"using":"xpath","value":"//p[text()='Track Your Order']"}
2020-01-13T12:09:16.403Z [info] 	65 Element locator: {"value":"//p[text()='Track Your Order']","using":"xpath","fromTa":false}
2020-01-13T12:09:16.652Z [info] 	Element response: {"value":[]}
2020-01-13T12:09:16.670Z [info] 	66 Sending element request to http://localhost:9516/session/6f1a36575061047fe925240fd88eae2a:  {"using":"xpath","value":"//p[text()='Track Your Order']"}
2020-01-13T12:09:16.672Z [info] 	66 Element locator: {"value":"//p[text()='Track Your Order']","using":"xpath","fromTa":false}
2020-01-13T12:09:16.925Z [info] 	Element response: {"value":[]}
2020-01-13T12:09:16.930Z [info] 	66 Sending GET request to http://localhost:9516/session/6f1a36575061047fe925240fd88eae2a/screenshot:  {}
2020-01-13T12:09:17.513Z [info] 	67 Sending GET request to http://localhost:9516/session/6f1a36575061047fe925240fd88eae2a/window/handles:  {}
2020-01-13T12:09:17.517Z [info] 	68 Sending POST request to http://localhost:9516/session/6f1a36575061047fe925240fd88eae2a/window:  {"handle":"CDwindow-DC32C99597333E44EE684F863233C0FD"}
2020-01-13T12:09:17.522Z [info] 	69 Sending GET request to http://localhost:9516/session/6f1a36575061047fe925240fd88eae2a/window/handles:  {}
2020-01-13T12:09:17.525Z [info] 	70 Sending POST request to http://localhost:9516/session/6f1a36575061047fe925240fd88eae2a/url:  {"url":"about:blank"}
2020-01-13T12:09:17.619Z [info] 	72 Sending element request to http://localhost:9516/session/6f1a36575061047fe925240fd88eae2a:  {"using":"xpath","value":"/html/body/*"}
2020-01-13T12:09:17.620Z [info] 	72 Element locator: {"value":"/html/body/*","using":"xpath","fromTa":false}
2020-01-13T12:09:17.870Z [info] 	Element response: {"value":[]}
2020-01-13T12:09:17.873Z [info] 	72 Sending POST request to http://localhost:9516/session/6f1a36575061047fe925240fd88eae2a/goog/cdp/execute:  {"cmd":"Storage.clearDataForOrigin","params":{"origin":"*","storageTypes":"cookies,local_storage"}}
