2020-01-13T13:13:17.182Z [info] 	TrueAutomation.IO Client is listening on port 9515
2020-01-13T13:13:18.188Z [info] 	Starting TrueAutomation.IO client
2020-01-13T13:13:18.189Z [info] 	API key: 8ceb34cf-4ee4-46dd-8ccb-9f733013341a
2020-01-13T13:13:18.189Z [info] 	Project name: newnewnew
2020-01-13T13:13:18.189Z [info] 	Cloud server: http://app-dev.trueautomation.io
2020-01-13T13:13:18.190Z [info] 	Starting chromeDriver /Users/juliaarapova/.trueautomation/chromedriver/chromedriver_mac64_79.0.3945.36 on port 9516...
2020-01-13T13:13:20.466Z [info] 	1 Create session response: {"value":{"capabilities":{"acceptInsecureCerts":false,"browserName":"chrome","browserVersion":"79.0.3945.117","chrome":{"chromedriverVersion":"79.0.3945.36 (3582db32b33893869b8c1339e8f4d9ed1816f143-refs/branch-heads/3945@{#614})","userDataDir":"/var/folders/vv/_x0x6cds6_l48m8ntvvw30sw0000gn/T/.com.google.Chrome.izyEHP"},"goog:chromeOptions":{"debuggerAddress":"localhost:64182"},"networkConnectionEnabled":false,"pageLoadStrategy":"normal","platformName":"mac os x","proxy":{},"setWindowRect":true,"strictFileInteractability":false,"timeouts":{"implicit":0,"pageLoad":300000,"script":30000},"unhandledPromptBehavior":"dismiss and notify"},"sessionId":"a2f40be17f3a1bd5e303ce0fceda4daa"}}
2020-01-13T13:13:20.491Z [info] 	1 Sending POST request to http://localhost:9516/session/a2f40be17f3a1bd5e303ce0fceda4daa/url:  {"url":"https://mw-dev.ariat.com/"}
2020-01-13T13:13:25.378Z [info] 	3 Sending element request to http://localhost:9516/session/a2f40be17f3a1bd5e303ce0fceda4daa:  {"using":"xpath","value":"(//*[contains(@aria-label, 'Search')]) | (//*[contains(@aria-label, 'search')])"}
2020-01-13T13:13:25.381Z [info] 	3 Element locator: {"value":"(//*[contains(@aria-label, 'Search')]) | (//*[contains(@aria-label, 'search')])","using":"xpath","fromTa":false}
2020-01-13T13:13:25.395Z [info] 	Element response: {"value":[{"element-6066-11e4-a52e-4f735466cecf":"eb2f1ecc-1581-46df-8d26-5c80c34876fc"}]}
2020-01-13T13:13:25.401Z [info] 	3 Sending POST request to http://localhost:9516/session/a2f40be17f3a1bd5e303ce0fceda4daa/execute/sync:  {"script":"return ((function(){function d(t,e,n){function r(t){var e=x(t);if(0<e.height&&0<e.width)return!0;if(\"PATH\"==t.tagName.toUpperCase()&&(0<e.height||0<e.width)){var n=window.getComputedStyle(t)[\"stroke-width\"];return!!n&&0<parseInt(n,10)}return\"hidden\"!=window.getComputedStyle(t).overflow&&Array.prototype.slice.call(t.childNodes).some(function(t){return t.nodeType==Node.TEXT_NODE||t.nodeType==Node.ELEMENT_NODE&&r(t)})}function i(t){return C(t)==T.HIDDEN&&Array.prototype.slice.call(t.childNodes).every(function(t){return t.nodeType!=Node.ELEMENT_NODE||i(t)||!r(t)})}var o=t.tagName.toUpperCase();if(\"BODY\"==o)return!0;if(\"OPTION\"==o||\"OPTGROUP\"==o){var a=c(t,function(t){return\"SELECT\"==t.tagName.toUpperCase()});return!!a&&d(a,!0,n)}var u=s(t);if(u)return!!u.image&&0<u.rect.width&&0<u.rect.height&&d(u.image,e,n);if(\"INPUT\"==o&&\"hidden\"==t.type.toLowerCase())return!1;if(\"NOSCRIPT\"==o)return!1;var l=window.getComputedStyle(t).visibility;return\"collapse\"!=l&&\"hidden\"!=l&&(!!n(t)&&(!(!e&&0==f(t))&&(!!r(t)&&!i(t))))}function E(t){var e=x(t);return{left:e.left,right:e.left+e.width,top:e.top,bottom:e.top+e.height}}function D(t){return t.parentElement}function C(t){function e(t){function e(t){if(t==u)return!0;var e=window.getComputedStyle(t),n=e.display;return 0!=n.indexOf(\"inline\")&&\"contents\"!=n&&(\"absolute\"!=r||\"static\"!=e.position)}var r=window.getComputedStyle(t).position;if(\"fixed\"==r)return i=!0,t==u?null:u;for(var n=D(t);n&&!e(n);)n=D(n);return n}function n(t){var e=t;if(\"visible\"==d)if(t==u&&l)e=l;else if(t==l)return{x:\"visible\",y:\"visible\"};var n=window.getComputedStyle(e),r={x:n[\"overflow-x\"],y:n[\"overflow-y\"]};return t==u&&(r.x=\"visible\"==r.x?\"auto\":r.x,r.y=\"visible\"==r.y?\"auto\":r.y),r}function r(t){return t==u?{x:window.scrollX,y:window.scrollY}:{x:t.scrollLeft,y:t.scrollTop}}for(var i,o=E(t),a=t.ownerDocument,u=a.documentElement,l=a.body,d=window.getComputedStyle(u).overflow,f=e(t);f;f=e(f)){var h=n(f);if(\"visible\"!=h.x||\"visible\"!=h.y){var s=x(f);if(0==s.width||0==s.height)return T.HIDDEN;var p=o.right<s.left,c=o.bottom<s.top;if(p&&\"hidden\"==h.x||c&&\"hidden\"==h.y)return T.HIDDEN;if(p&&\"visible\"!=h.x||c&&\"visible\"!=h.y){var v=r(f),g=o.right<s.left-v.x,w=o.bottom<s.top-v.y;return g&&\"visible\"!=h.x||w&&\"visible\"!=h.x?T.HIDDEN:C(f)==T.HIDDEN?T.HIDDEN:T.SCROLL}var N=o.left>=s.left+s.width,m=o.top>=s.top+s.height;if(N&&\"hidden\"==h.x||m&&\"hidden\"==h.y)return T.HIDDEN;if(N&&\"visible\"!=h.x||m&&\"visible\"!=h.y){if(i){var y=r(f);if(o.left>=u.scrollWidth-y.x||o.right>=u.scrollHeight-y.y)return T.HIDDEN}return C(f)==T.HIDDEN?T.HIDDEN:T.SCROLL}}}return T.NONE}function o(t){var e=t.document.documentElement;return{width:e.clientWidth,height:e.clientHeight}}function p(t,e,n,r){return{left:t,top:e,width:n,height:r}}function x(t){var e,n=s(t);if(n)return n.rect;if(\"HTML\"==t.tagName.toUpperCase()){t.ownerDocument;var r=o(window);return p(0,0,r.width,r.height)}try{e=t.getBoundingClientRect()}catch(i){return p(0,0,0,0)}return p(e.left,e.top,e.right-e.left,e.bottom-e.top)}function f(t){var e=1,n=window.getComputedStyle(t).opacity;n&&(e=Number(n));var r=D(t);return r&&r.nodeType==Node.ELEMENT_NODE&&(e*=f(r)),e}function h(t){var e=t.shape.toLowerCase(),n=t.coords.split(\",\");if(\"rect\"==e&&4==n.length){var r=n[0],i=n[1];return p(r,i,n[2]-r,n[3]-i)}if(\"circle\"==e&&3==n.length){var o=n[0],a=n[1],u=n[2];return p(o-u,a-u,2*u,2*u)}if(\"poly\"==e&&2<n.length){for(var l=n[0],d=n[1],f=l,h=d,s=2;s+1<n.length;s+=2)l=Math.min(l,n[s]),f=Math.max(f,n[s]),d=Math.min(d,n[s+1]),h=Math.max(h,n[s+1]);return p(l,d,f-l,h-d)}return p(0,0,0,0)}function s(t){var e=t.tagName.toUpperCase(),n=\"MAP\"==e;if(!n&&\"AREA\"!=e)return null;var r=n?t:\"MAP\"==D(t).tagName.toUpperCase()?D(t):null,i=null,o=null;if(r&&r.name&&((i=r.ownerDocument.querySelector(\"*[usemap='#\"+r.name+\"']\"))&&(o=x(i),!n&&\"default\"!=t.shape.toLowerCase()))){var a=h(t),u=Math.min(Math.max(a.left,0),o.width),l=Math.min(Math.max(a.top,0),o.height),d=Math.min(a.width,o.width-u),f=Math.min(a.height,o.height-l);o=p(u+o.left,l+o.top,d,f)}return{image:i,rect:o||p(0,0,0,0)}}function c(t,e){for(t&&(t=D(t));t;){if(e(t))return t;t=D(t)}return null}function r(t){var e=t.parentNode;if(e&&e.shadowRoot&&t.assignedSlot!==undefined)return t.assignedSlot?t.assignedSlot.parentNode:null;if(t.getDestinationInsertionPoints){var n=t.getDestinationInsertionPoints();if(0<n.length)return n[n.length-1]}return e}var T={NONE:\"none\",HIDDEN:\"hidden\",SCROLL:\"scroll\"};return function i(t,e){function n(t){if(\"none\"==window.getComputedStyle(t).display)return!1;var e=r(t);if(\"function\"==typeof ShadowRoot&&e instanceof ShadowRoot){if(e.host.shadowRoot!==e)return!1;e=e.host}return!(!e||e.nodeType!=Node.DOCUMENT_NODE&&e.nodeType!=Node.DOCUMENT_FRAGMENT_NODE)||!(e&&e.tagName&&\"DETAILS\"==e.tagName.toUpperCase()&&!e.open&&\"SUMMARY\"!=t.tagName)&&(e&&n(e))}return d(t,!!e,n)}})()).apply(null, arguments)","args":[{"element-6066-11e4-a52e-4f735466cecf":"eb2f1ecc-1581-46df-8d26-5c80c34876fc"}]}
2020-01-13T13:13:25.412Z [info] 	4 Sending POST request to http://localhost:9516/session/a2f40be17f3a1bd5e303ce0fceda4daa/element/eb2f1ecc-1581-46df-8d26-5c80c34876fc/click:  {}
2020-01-13T13:13:26.545Z [info] 	6 Sending element request to http://localhost:9516/session/a2f40be17f3a1bd5e303ce0fceda4daa:  {"using":"xpath","value":"//*[@role='presentation']//*[*[contains(@rel, 'clear')]]__ta__ariat:header:search:clear_button__ta__"}
2020-01-13T13:13:27.292Z [info] 	6 Element not found
2020-01-13T13:13:27.293Z [info] 	6 Element locator: {"error":"NOT_FOUND"}
2020-01-13T13:13:27.310Z [info] 	7 Sending element request to http://localhost:9516/session/a2f40be17f3a1bd5e303ce0fceda4daa:  {"using":"xpath","value":"//*[@role='presentation']//*[*[contains(@rel, 'clear')]]__ta__ariat:header:search:clear_button__ta__"}
2020-01-13T13:13:28.011Z [info] 	7 Element not found
2020-01-13T13:13:28.011Z [info] 	7 Element locator: {"error":"NOT_FOUND"}
2020-01-13T13:13:28.030Z [info] 	8 Sending element request to http://localhost:9516/session/a2f40be17f3a1bd5e303ce0fceda4daa:  {"using":"xpath","value":"//*[@role='presentation']//*[*[contains(@rel, 'clear')]]__ta__ariat:header:search:clear_button__ta__"}
2020-01-13T13:13:28.724Z [info] 	8 Element not found
2020-01-13T13:13:28.724Z [info] 	8 Element locator: {"error":"NOT_FOUND"}
2020-01-13T13:13:28.742Z [info] 	9 Sending element request to http://localhost:9516/session/a2f40be17f3a1bd5e303ce0fceda4daa:  {"using":"xpath","value":"//*[@role='presentation']//*[*[contains(@rel, 'clear')]]__ta__ariat:header:search:clear_button__ta__"}
2020-01-13T13:13:30.300Z [info] 	9 Element not found
2020-01-13T13:13:30.300Z [info] 	9 Element locator: {"error":"NOT_FOUND"}
2020-01-13T13:13:30.350Z [info] 	10 Sending element request to http://localhost:9516/session/a2f40be17f3a1bd5e303ce0fceda4daa:  {"using":"xpath","value":"//*[@role='presentation']//*[*[contains(@rel, 'clear')]]__ta__ariat:header:search:clear_button__ta__"}
2020-01-13T13:13:31.466Z [info] 	10 Element not found
2020-01-13T13:13:31.466Z [info] 	10 Element locator: {"error":"NOT_FOUND"}
2020-01-13T13:13:31.482Z [info] 	11 Sending element request to http://localhost:9516/session/a2f40be17f3a1bd5e303ce0fceda4daa:  {"using":"xpath","value":"//*[@role='presentation']//*[*[contains(@rel, 'clear')]]__ta__ariat:header:search:clear_button__ta__"}
2020-01-13T13:13:32.298Z [info] 	11 Element not found
2020-01-13T13:13:32.298Z [info] 	11 Element locator: {"error":"NOT_FOUND"}
2020-01-13T13:13:32.316Z [info] 	12 Sending element request to http://localhost:9516/session/a2f40be17f3a1bd5e303ce0fceda4daa:  {"using":"xpath","value":"//*[@role='presentation']//*[*[contains(@rel, 'clear')]]__ta__ariat:header:search:clear_button__ta__"}
2020-01-13T13:13:33.066Z [info] 	12 Element not found
2020-01-13T13:13:33.067Z [info] 	12 Element locator: {"error":"NOT_FOUND"}
2020-01-13T13:13:33.088Z [info] 	13 Sending element request to http://localhost:9516/session/a2f40be17f3a1bd5e303ce0fceda4daa:  {"using":"xpath","value":"//*[@role='presentation']//*[*[contains(@rel, 'clear')]]__ta__ariat:header:search:clear_button__ta__"}
2020-01-13T13:13:33.783Z [info] 	13 Element not found
2020-01-13T13:13:33.783Z [info] 	13 Element locator: {"error":"NOT_FOUND"}
2020-01-13T13:13:33.801Z [info] 	14 Sending element request to http://localhost:9516/session/a2f40be17f3a1bd5e303ce0fceda4daa:  {"using":"xpath","value":"//*[@role='presentation']//*[*[contains(@rel, 'clear')]]__ta__ariat:header:search:clear_button__ta__"}
2020-01-13T13:13:34.524Z [info] 	14 Element not found
2020-01-13T13:13:34.524Z [info] 	14 Element locator: {"error":"NOT_FOUND"}
2020-01-13T13:13:34.541Z [info] 	15 Sending element request to http://localhost:9516/session/a2f40be17f3a1bd5e303ce0fceda4daa:  {"using":"xpath","value":"//*[@role='presentation']//*[*[contains(@rel, 'clear')]]__ta__ariat:header:search:clear_button__ta__"}
2020-01-13T13:13:35.294Z [info] 	15 Element not found
2020-01-13T13:13:35.294Z [info] 	15 Element locator: {"error":"NOT_FOUND"}
2020-01-13T13:13:35.311Z [info] 	16 Sending element request to http://localhost:9516/session/a2f40be17f3a1bd5e303ce0fceda4daa:  {"using":"xpath","value":"//*[@role='presentation']//*[*[contains(@rel, 'clear')]]__ta__ariat:header:search:clear_button__ta__"}
2020-01-13T13:13:36.104Z [info] 	16 Element not found
2020-01-13T13:13:36.104Z [info] 	16 Element locator: {"error":"NOT_FOUND"}
2020-01-13T13:13:36.120Z [info] 	17 Sending element request to http://localhost:9516/session/a2f40be17f3a1bd5e303ce0fceda4daa:  {"using":"xpath","value":"//*[@role='presentation']//*[*[contains(@rel, 'clear')]]__ta__ariat:header:search:clear_button__ta__"}
2020-01-13T13:13:36.950Z [info] 	17 Element not found
2020-01-13T13:13:36.951Z [info] 	17 Element locator: {"error":"NOT_FOUND"}
2020-01-13T13:13:36.967Z [info] 	18 Sending element request to http://localhost:9516/session/a2f40be17f3a1bd5e303ce0fceda4daa:  {"using":"xpath","value":"//*[@role='presentation']//*[*[contains(@rel, 'clear')]]__ta__ariat:header:search:clear_button__ta__"}
2020-01-13T13:13:37.786Z [info] 	18 Element not found
2020-01-13T13:13:37.786Z [info] 	18 Element locator: {"error":"NOT_FOUND"}
2020-01-13T13:13:37.802Z [info] 	19 Sending element request to http://localhost:9516/session/a2f40be17f3a1bd5e303ce0fceda4daa:  {"using":"xpath","value":"//*[@role='presentation']//*[*[contains(@rel, 'clear')]]__ta__ariat:header:search:clear_button__ta__"}
2020-01-13T13:13:38.554Z [info] 	19 Element not found
2020-01-13T13:13:38.555Z [info] 	19 Element locator: {"error":"NOT_FOUND"}
2020-01-13T13:13:38.562Z [info] 	19 Sending GET request to http://localhost:9516/session/a2f40be17f3a1bd5e303ce0fceda4daa/screenshot:  {}
2020-01-13T13:13:39.019Z [info] 	20 Sending GET request to http://localhost:9516/session/a2f40be17f3a1bd5e303ce0fceda4daa/window/handles:  {}
2020-01-13T13:13:39.024Z [info] 	21 Sending POST request to http://localhost:9516/session/a2f40be17f3a1bd5e303ce0fceda4daa/window:  {"handle":"CDwindow-3E6610F82306D1FB2986F66B08845B27"}
2020-01-13T13:13:39.029Z [info] 	22 Sending GET request to http://localhost:9516/session/a2f40be17f3a1bd5e303ce0fceda4daa/window/handles:  {}
2020-01-13T13:13:39.033Z [info] 	23 Sending POST request to http://localhost:9516/session/a2f40be17f3a1bd5e303ce0fceda4daa/url:  {"url":"about:blank"}
2020-01-13T13:13:39.106Z [info] 	25 Sending element request to http://localhost:9516/session/a2f40be17f3a1bd5e303ce0fceda4daa:  {"using":"xpath","value":"/html/body/*"}
2020-01-13T13:13:39.108Z [info] 	25 Element locator: {"value":"/html/body/*","using":"xpath","fromTa":false}
2020-01-13T13:13:39.361Z [info] 	Element response: {"value":[]}
2020-01-13T13:13:39.361Z [info] 	25 Element locator: {"value":"/html/body/*","using":"xpath","fromTa":false}
2020-01-13T13:13:39.615Z [info] 	Element response: {"value":[]}
2020-01-13T13:13:39.618Z [info] 	25 Sending POST request to http://localhost:9516/session/a2f40be17f3a1bd5e303ce0fceda4daa/goog/cdp/execute:  {"cmd":"Storage.clearDataForOrigin","params":{"origin":"*","storageTypes":"cookies,local_storage"}}
