2020-01-13T11:53:22.135Z [info] 	TrueAutomation.IO Client is listening on port 9515
2020-01-13T11:53:22.983Z [info] 	Starting TrueAutomation.IO client
2020-01-13T11:53:22.983Z [info] 	API key: 8ceb34cf-4ee4-46dd-8ccb-9f733013341a
2020-01-13T11:53:22.983Z [info] 	Project name: newnewnew
2020-01-13T11:53:22.983Z [info] 	Cloud server: http://app-dev.trueautomation.io
2020-01-13T11:53:22.983Z [info] 	Starting chromeDriver /Users/juliaarapova/.trueautomation/chromedriver/chromedriver_mac64_79.0.3945.36 on port 9516...
2020-01-13T11:53:25.080Z [info] 	1 Create session response: {"value":{"capabilities":{"acceptInsecureCerts":false,"browserName":"chrome","browserVersion":"79.0.3945.117","chrome":{"chromedriverVersion":"79.0.3945.36 (3582db32b33893869b8c1339e8f4d9ed1816f143-refs/branch-heads/3945@{#614})","userDataDir":"/var/folders/vv/_x0x6cds6_l48m8ntvvw30sw0000gn/T/.com.google.Chrome.C8Ug9W"},"goog:chromeOptions":{"debuggerAddress":"localhost:49958"},"networkConnectionEnabled":false,"pageLoadStrategy":"normal","platformName":"mac os x","proxy":{},"setWindowRect":true,"strictFileInteractability":false,"timeouts":{"implicit":0,"pageLoad":300000,"script":30000},"unhandledPromptBehavior":"dismiss and notify"},"sessionId":"e96e4dc8d997b526fd233cd480d04871"}}
2020-01-13T11:53:25.102Z [info] 	1 Sending POST request to http://localhost:9516/session/e96e4dc8d997b526fd233cd480d04871/url:  {"url":"https://mw-dev.ariat.com/"}
2020-01-13T11:53:26.104Z [info] 	2 Sending POST request to http://localhost:9516/session/e96e4dc8d997b526fd233cd480d04871/execute/sync:  {"script":"window.scrollTo(0,document.body.scrollHeight*0.0);","args":[]}
2020-01-13T11:53:26.653Z [info] 	3 Sending POST request to http://localhost:9516/session/e96e4dc8d997b526fd233cd480d04871/execute/sync:  {"script":"window.scrollTo(0,document.body.scrollHeight*0.1);","args":[]}
2020-01-13T11:53:27.168Z [info] 	4 Sending POST request to http://localhost:9516/session/e96e4dc8d997b526fd233cd480d04871/execute/sync:  {"script":"window.scrollTo(0,document.body.scrollHeight*0.2);","args":[]}
2020-01-13T11:53:27.683Z [info] 	5 Sending POST request to http://localhost:9516/session/e96e4dc8d997b526fd233cd480d04871/execute/sync:  {"script":"window.scrollTo(0,document.body.scrollHeight*0.3);","args":[]}
2020-01-13T11:53:28.196Z [info] 	6 Sending POST request to http://localhost:9516/session/e96e4dc8d997b526fd233cd480d04871/execute/sync:  {"script":"window.scrollTo(0,document.body.scrollHeight*0.4);","args":[]}
2020-01-13T11:53:28.706Z [info] 	7 Sending POST request to http://localhost:9516/session/e96e4dc8d997b526fd233cd480d04871/execute/sync:  {"script":"window.scrollTo(0,document.body.scrollHeight*0.5);","args":[]}
2020-01-13T11:53:29.221Z [info] 	8 Sending POST request to http://localhost:9516/session/e96e4dc8d997b526fd233cd480d04871/execute/sync:  {"script":"window.scrollTo(0,document.body.scrollHeight*0.6);","args":[]}
2020-01-13T11:53:29.733Z [info] 	9 Sending POST request to http://localhost:9516/session/e96e4dc8d997b526fd233cd480d04871/execute/sync:  {"script":"window.scrollTo(0,document.body.scrollHeight*0.7);","args":[]}
2020-01-13T11:53:30.247Z [info] 	10 Sending POST request to http://localhost:9516/session/e96e4dc8d997b526fd233cd480d04871/execute/sync:  {"script":"window.scrollTo(0,document.body.scrollHeight*0.8);","args":[]}
2020-01-13T11:53:30.760Z [info] 	11 Sending POST request to http://localhost:9516/session/e96e4dc8d997b526fd233cd480d04871/execute/sync:  {"script":"window.scrollTo(0,document.body.scrollHeight*0.9);","args":[]}
2020-01-13T11:53:31.273Z [info] 	12 Sending POST request to http://localhost:9516/session/e96e4dc8d997b526fd233cd480d04871/execute/sync:  {"script":"window.scrollTo(0,document.body.scrollHeight*1.0);","args":[]}
2020-01-13T11:53:31.790Z [info] 	14 Sending element request to http://localhost:9516/session/e96e4dc8d997b526fd233cd480d04871:  {"using":"xpath","value":"*[text() = 'SUPPORT']"}
2020-01-13T11:53:31.793Z [info] 	14 Element locator: {"value":"*[text() = 'SUPPORT']","using":"xpath","fromTa":false}
2020-01-13T11:53:32.052Z [info] 	Element response: {"value":[]}
2020-01-13T11:53:32.070Z [info] 	15 Sending element request to http://localhost:9516/session/e96e4dc8d997b526fd233cd480d04871:  {"using":"xpath","value":"*[text() = 'SUPPORT']"}
2020-01-13T11:53:32.072Z [info] 	15 Element locator: {"value":"*[text() = 'SUPPORT']","using":"xpath","fromTa":false}
2020-01-13T11:53:32.328Z [info] 	Element response: {"value":[]}
2020-01-13T11:53:32.346Z [info] 	16 Sending element request to http://localhost:9516/session/e96e4dc8d997b526fd233cd480d04871:  {"using":"xpath","value":"*[text() = 'SUPPORT']"}
2020-01-13T11:53:32.348Z [info] 	16 Element locator: {"value":"*[text() = 'SUPPORT']","using":"xpath","fromTa":false}
2020-01-13T11:53:32.604Z [info] 	Element response: {"value":[]}
2020-01-13T11:53:32.623Z [info] 	17 Sending element request to http://localhost:9516/session/e96e4dc8d997b526fd233cd480d04871:  {"using":"xpath","value":"*[text() = 'SUPPORT']"}
2020-01-13T11:53:32.625Z [info] 	17 Element locator: {"value":"*[text() = 'SUPPORT']","using":"xpath","fromTa":false}
2020-01-13T11:53:32.881Z [info] 	Element response: {"value":[]}
2020-01-13T11:53:32.903Z [info] 	18 Sending element request to http://localhost:9516/session/e96e4dc8d997b526fd233cd480d04871:  {"using":"xpath","value":"*[text() = 'SUPPORT']"}
2020-01-13T11:53:32.905Z [info] 	18 Element locator: {"value":"*[text() = 'SUPPORT']","using":"xpath","fromTa":false}
2020-01-13T11:53:33.161Z [info] 	Element response: {"value":[]}
2020-01-13T11:53:33.179Z [info] 	19 Sending element request to http://localhost:9516/session/e96e4dc8d997b526fd233cd480d04871:  {"using":"xpath","value":"*[text() = 'SUPPORT']"}
2020-01-13T11:53:33.180Z [info] 	19 Element locator: {"value":"*[text() = 'SUPPORT']","using":"xpath","fromTa":false}
2020-01-13T11:53:33.434Z [info] 	Element response: {"value":[]}
2020-01-13T11:53:33.451Z [info] 	20 Sending element request to http://localhost:9516/session/e96e4dc8d997b526fd233cd480d04871:  {"using":"xpath","value":"*[text() = 'SUPPORT']"}
2020-01-13T11:53:33.453Z [info] 	20 Element locator: {"value":"*[text() = 'SUPPORT']","using":"xpath","fromTa":false}
2020-01-13T11:53:33.706Z [info] 	Element response: {"value":[]}
2020-01-13T11:53:33.722Z [info] 	21 Sending element request to http://localhost:9516/session/e96e4dc8d997b526fd233cd480d04871:  {"using":"xpath","value":"*[text() = 'SUPPORT']"}
2020-01-13T11:53:33.724Z [info] 	21 Element locator: {"value":"*[text() = 'SUPPORT']","using":"xpath","fromTa":false}
2020-01-13T11:53:33.983Z [info] 	Element response: {"value":[]}
2020-01-13T11:53:34.000Z [info] 	22 Sending element request to http://localhost:9516/session/e96e4dc8d997b526fd233cd480d04871:  {"using":"xpath","value":"*[text() = 'SUPPORT']"}
2020-01-13T11:53:34.002Z [info] 	22 Element locator: {"value":"*[text() = 'SUPPORT']","using":"xpath","fromTa":false}
2020-01-13T11:53:34.280Z [info] 	Element response: {"value":[]}
2020-01-13T11:53:34.296Z [info] 	23 Sending element request to http://localhost:9516/session/e96e4dc8d997b526fd233cd480d04871:  {"using":"xpath","value":"*[text() = 'SUPPORT']"}
2020-01-13T11:53:34.297Z [info] 	23 Element locator: {"value":"*[text() = 'SUPPORT']","using":"xpath","fromTa":false}
2020-01-13T11:53:34.544Z [info] 	Element response: {"value":[]}
2020-01-13T11:53:34.588Z [info] 	24 Sending element request to http://localhost:9516/session/e96e4dc8d997b526fd233cd480d04871:  {"using":"xpath","value":"*[text() = 'SUPPORT']"}
2020-01-13T11:53:34.600Z [info] 	24 Element locator: {"value":"*[text() = 'SUPPORT']","using":"xpath","fromTa":false}
2020-01-13T11:53:35.031Z [info] 	Element response: {"value":[]}
2020-01-13T11:53:35.049Z [info] 	25 Sending element request to http://localhost:9516/session/e96e4dc8d997b526fd233cd480d04871:  {"using":"xpath","value":"*[text() = 'SUPPORT']"}
2020-01-13T11:53:35.051Z [info] 	25 Element locator: {"value":"*[text() = 'SUPPORT']","using":"xpath","fromTa":false}
2020-01-13T11:53:35.321Z [info] 	Element response: {"value":[]}
2020-01-13T11:53:35.341Z [info] 	26 Sending element request to http://localhost:9516/session/e96e4dc8d997b526fd233cd480d04871:  {"using":"xpath","value":"*[text() = 'SUPPORT']"}
2020-01-13T11:53:35.345Z [info] 	26 Element locator: {"value":"*[text() = 'SUPPORT']","using":"xpath","fromTa":false}
2020-01-13T11:53:35.602Z [info] 	Element response: {"value":[]}
2020-01-13T11:53:35.618Z [info] 	27 Sending element request to http://localhost:9516/session/e96e4dc8d997b526fd233cd480d04871:  {"using":"xpath","value":"*[text() = 'SUPPORT']"}
2020-01-13T11:53:35.619Z [info] 	27 Element locator: {"value":"*[text() = 'SUPPORT']","using":"xpath","fromTa":false}
2020-01-13T11:53:35.867Z [info] 	Element response: {"value":[]}
2020-01-13T11:53:35.883Z [info] 	28 Sending element request to http://localhost:9516/session/e96e4dc8d997b526fd233cd480d04871:  {"using":"xpath","value":"*[text() = 'SUPPORT']"}
2020-01-13T11:53:35.884Z [info] 	28 Element locator: {"value":"*[text() = 'SUPPORT']","using":"xpath","fromTa":false}
2020-01-13T11:53:36.139Z [info] 	Element response: {"value":[]}
2020-01-13T11:53:36.155Z [info] 	29 Sending element request to http://localhost:9516/session/e96e4dc8d997b526fd233cd480d04871:  {"using":"xpath","value":"*[text() = 'SUPPORT']"}
2020-01-13T11:53:36.157Z [info] 	29 Element locator: {"value":"*[text() = 'SUPPORT']","using":"xpath","fromTa":false}
2020-01-13T11:53:36.410Z [info] 	Element response: {"value":[]}
2020-01-13T11:53:36.427Z [info] 	30 Sending element request to http://localhost:9516/session/e96e4dc8d997b526fd233cd480d04871:  {"using":"xpath","value":"*[text() = 'SUPPORT']"}
2020-01-13T11:53:36.429Z [info] 	30 Element locator: {"value":"*[text() = 'SUPPORT']","using":"xpath","fromTa":false}
2020-01-13T11:53:36.683Z [info] 	Element response: {"value":[]}
2020-01-13T11:53:36.700Z [info] 	31 Sending element request to http://localhost:9516/session/e96e4dc8d997b526fd233cd480d04871:  {"using":"xpath","value":"*[text() = 'SUPPORT']"}
2020-01-13T11:53:36.701Z [info] 	31 Element locator: {"value":"*[text() = 'SUPPORT']","using":"xpath","fromTa":false}
2020-01-13T11:53:36.953Z [info] 	Element response: {"value":[]}
2020-01-13T11:53:36.971Z [info] 	32 Sending element request to http://localhost:9516/session/e96e4dc8d997b526fd233cd480d04871:  {"using":"xpath","value":"*[text() = 'SUPPORT']"}
2020-01-13T11:53:36.973Z [info] 	32 Element locator: {"value":"*[text() = 'SUPPORT']","using":"xpath","fromTa":false}
2020-01-13T11:53:37.229Z [info] 	Element response: {"value":[]}
2020-01-13T11:53:37.245Z [info] 	33 Sending element request to http://localhost:9516/session/e96e4dc8d997b526fd233cd480d04871:  {"using":"xpath","value":"*[text() = 'SUPPORT']"}
2020-01-13T11:53:37.246Z [info] 	33 Element locator: {"value":"*[text() = 'SUPPORT']","using":"xpath","fromTa":false}
2020-01-13T11:53:37.506Z [info] 	Element response: {"value":[]}
2020-01-13T11:53:37.523Z [info] 	34 Sending element request to http://localhost:9516/session/e96e4dc8d997b526fd233cd480d04871:  {"using":"xpath","value":"*[text() = 'SUPPORT']"}
2020-01-13T11:53:37.525Z [info] 	34 Element locator: {"value":"*[text() = 'SUPPORT']","using":"xpath","fromTa":false}
2020-01-13T11:53:37.782Z [info] 	Element response: {"value":[]}
2020-01-13T11:53:37.801Z [info] 	35 Sending element request to http://localhost:9516/session/e96e4dc8d997b526fd233cd480d04871:  {"using":"xpath","value":"*[text() = 'SUPPORT']"}
2020-01-13T11:53:37.803Z [info] 	35 Element locator: {"value":"*[text() = 'SUPPORT']","using":"xpath","fromTa":false}
2020-01-13T11:53:38.058Z [info] 	Element response: {"value":[]}
2020-01-13T11:53:38.077Z [info] 	36 Sending element request to http://localhost:9516/session/e96e4dc8d997b526fd233cd480d04871:  {"using":"xpath","value":"*[text() = 'SUPPORT']"}
2020-01-13T11:53:38.080Z [info] 	36 Element locator: {"value":"*[text() = 'SUPPORT']","using":"xpath","fromTa":false}
2020-01-13T11:53:38.341Z [info] 	Element response: {"value":[]}
2020-01-13T11:53:38.360Z [info] 	37 Sending element request to http://localhost:9516/session/e96e4dc8d997b526fd233cd480d04871:  {"using":"xpath","value":"*[text() = 'SUPPORT']"}
2020-01-13T11:53:38.362Z [info] 	37 Element locator: {"value":"*[text() = 'SUPPORT']","using":"xpath","fromTa":false}
2020-01-13T11:53:38.614Z [info] 	Element response: {"value":[]}
2020-01-13T11:53:38.631Z [info] 	38 Sending element request to http://localhost:9516/session/e96e4dc8d997b526fd233cd480d04871:  {"using":"xpath","value":"*[text() = 'SUPPORT']"}
2020-01-13T11:53:38.633Z [info] 	38 Element locator: {"value":"*[text() = 'SUPPORT']","using":"xpath","fromTa":false}
2020-01-13T11:53:38.887Z [info] 	Element response: {"value":[]}
2020-01-13T11:53:38.906Z [info] 	39 Sending element request to http://localhost:9516/session/e96e4dc8d997b526fd233cd480d04871:  {"using":"xpath","value":"*[text() = 'SUPPORT']"}
2020-01-13T11:53:38.908Z [info] 	39 Element locator: {"value":"*[text() = 'SUPPORT']","using":"xpath","fromTa":false}
2020-01-13T11:53:39.164Z [info] 	Element response: {"value":[]}
2020-01-13T11:53:39.184Z [info] 	40 Sending element request to http://localhost:9516/session/e96e4dc8d997b526fd233cd480d04871:  {"using":"xpath","value":"*[text() = 'SUPPORT']"}
2020-01-13T11:53:39.185Z [info] 	40 Element locator: {"value":"*[text() = 'SUPPORT']","using":"xpath","fromTa":false}
2020-01-13T11:53:39.440Z [info] 	Element response: {"value":[]}
2020-01-13T11:53:39.457Z [info] 	41 Sending element request to http://localhost:9516/session/e96e4dc8d997b526fd233cd480d04871:  {"using":"xpath","value":"*[text() = 'SUPPORT']"}
2020-01-13T11:53:39.460Z [info] 	41 Element locator: {"value":"*[text() = 'SUPPORT']","using":"xpath","fromTa":false}
2020-01-13T11:53:39.717Z [info] 	Element response: {"value":[]}
2020-01-13T11:53:39.733Z [info] 	42 Sending element request to http://localhost:9516/session/e96e4dc8d997b526fd233cd480d04871:  {"using":"xpath","value":"*[text() = 'SUPPORT']"}
2020-01-13T11:53:39.734Z [info] 	42 Element locator: {"value":"*[text() = 'SUPPORT']","using":"xpath","fromTa":false}
2020-01-13T11:53:39.988Z [info] 	Element response: {"value":[]}
2020-01-13T11:53:40.008Z [info] 	43 Sending element request to http://localhost:9516/session/e96e4dc8d997b526fd233cd480d04871:  {"using":"xpath","value":"*[text() = 'SUPPORT']"}
2020-01-13T11:53:40.010Z [info] 	43 Element locator: {"value":"*[text() = 'SUPPORT']","using":"xpath","fromTa":false}
2020-01-13T11:53:40.260Z [info] 	Element response: {"value":[]}
2020-01-13T11:53:40.278Z [info] 	44 Sending element request to http://localhost:9516/session/e96e4dc8d997b526fd233cd480d04871:  {"using":"xpath","value":"*[text() = 'SUPPORT']"}
2020-01-13T11:53:40.280Z [info] 	44 Element locator: {"value":"*[text() = 'SUPPORT']","using":"xpath","fromTa":false}
2020-01-13T11:53:40.529Z [info] 	Element response: {"value":[]}
2020-01-13T11:53:40.546Z [info] 	45 Sending element request to http://localhost:9516/session/e96e4dc8d997b526fd233cd480d04871:  {"using":"xpath","value":"*[text() = 'SUPPORT']"}
2020-01-13T11:53:40.548Z [info] 	45 Element locator: {"value":"*[text() = 'SUPPORT']","using":"xpath","fromTa":false}
2020-01-13T11:53:40.800Z [info] 	Element response: {"value":[]}
2020-01-13T11:53:40.816Z [info] 	46 Sending element request to http://localhost:9516/session/e96e4dc8d997b526fd233cd480d04871:  {"using":"xpath","value":"*[text() = 'SUPPORT']"}
2020-01-13T11:53:40.818Z [info] 	46 Element locator: {"value":"*[text() = 'SUPPORT']","using":"xpath","fromTa":false}
2020-01-13T11:53:41.068Z [info] 	Element response: {"value":[]}
2020-01-13T11:53:41.083Z [info] 	47 Sending element request to http://localhost:9516/session/e96e4dc8d997b526fd233cd480d04871:  {"using":"xpath","value":"*[text() = 'SUPPORT']"}
2020-01-13T11:53:41.084Z [info] 	47 Element locator: {"value":"*[text() = 'SUPPORT']","using":"xpath","fromTa":false}
2020-01-13T11:53:41.333Z [info] 	Element response: {"value":[]}
2020-01-13T11:53:41.350Z [info] 	48 Sending element request to http://localhost:9516/session/e96e4dc8d997b526fd233cd480d04871:  {"using":"xpath","value":"*[text() = 'SUPPORT']"}
2020-01-13T11:53:41.353Z [info] 	48 Element locator: {"value":"*[text() = 'SUPPORT']","using":"xpath","fromTa":false}
2020-01-13T11:53:41.605Z [info] 	Element response: {"value":[]}
2020-01-13T11:53:41.627Z [info] 	49 Sending element request to http://localhost:9516/session/e96e4dc8d997b526fd233cd480d04871:  {"using":"xpath","value":"*[text() = 'SUPPORT']"}
2020-01-13T11:53:41.629Z [info] 	49 Element locator: {"value":"*[text() = 'SUPPORT']","using":"xpath","fromTa":false}
2020-01-13T11:53:41.886Z [info] 	Element response: {"value":[]}
2020-01-13T11:53:41.903Z [info] 	50 Sending element request to http://localhost:9516/session/e96e4dc8d997b526fd233cd480d04871:  {"using":"xpath","value":"*[text() = 'SUPPORT']"}
2020-01-13T11:53:41.904Z [info] 	50 Element locator: {"value":"*[text() = 'SUPPORT']","using":"xpath","fromTa":false}
2020-01-13T11:53:42.158Z [info] 	Element response: {"value":[]}
2020-01-13T11:53:42.175Z [info] 	51 Sending element request to http://localhost:9516/session/e96e4dc8d997b526fd233cd480d04871:  {"using":"xpath","value":"*[text() = 'SUPPORT']"}
2020-01-13T11:53:42.177Z [info] 	51 Element locator: {"value":"*[text() = 'SUPPORT']","using":"xpath","fromTa":false}
2020-01-13T11:53:42.434Z [info] 	Element response: {"value":[]}
2020-01-13T11:53:42.452Z [info] 	52 Sending element request to http://localhost:9516/session/e96e4dc8d997b526fd233cd480d04871:  {"using":"xpath","value":"*[text() = 'SUPPORT']"}
2020-01-13T11:53:42.453Z [info] 	52 Element locator: {"value":"*[text() = 'SUPPORT']","using":"xpath","fromTa":false}
2020-01-13T11:53:42.709Z [info] 	Element response: {"value":[]}
2020-01-13T11:53:42.729Z [info] 	53 Sending element request to http://localhost:9516/session/e96e4dc8d997b526fd233cd480d04871:  {"using":"xpath","value":"*[text() = 'SUPPORT']"}
2020-01-13T11:53:42.730Z [info] 	53 Element locator: {"value":"*[text() = 'SUPPORT']","using":"xpath","fromTa":false}
2020-01-13T11:53:42.980Z [info] 	Element response: {"value":[]}
2020-01-13T11:53:42.997Z [info] 	54 Sending element request to http://localhost:9516/session/e96e4dc8d997b526fd233cd480d04871:  {"using":"xpath","value":"*[text() = 'SUPPORT']"}
2020-01-13T11:53:42.998Z [info] 	54 Element locator: {"value":"*[text() = 'SUPPORT']","using":"xpath","fromTa":false}
2020-01-13T11:53:43.252Z [info] 	Element response: {"value":[]}
2020-01-13T11:53:43.267Z [info] 	55 Sending element request to http://localhost:9516/session/e96e4dc8d997b526fd233cd480d04871:  {"using":"xpath","value":"*[text() = 'SUPPORT']"}
2020-01-13T11:53:43.269Z [info] 	55 Element locator: {"value":"*[text() = 'SUPPORT']","using":"xpath","fromTa":false}
2020-01-13T11:53:43.521Z [info] 	Element response: {"value":[]}
2020-01-13T11:53:43.539Z [info] 	56 Sending element request to http://localhost:9516/session/e96e4dc8d997b526fd233cd480d04871:  {"using":"xpath","value":"*[text() = 'SUPPORT']"}
2020-01-13T11:53:43.540Z [info] 	56 Element locator: {"value":"*[text() = 'SUPPORT']","using":"xpath","fromTa":false}
2020-01-13T11:53:43.795Z [info] 	Element response: {"value":[]}
2020-01-13T11:53:43.801Z [info] 	56 Sending GET request to http://localhost:9516/session/e96e4dc8d997b526fd233cd480d04871/screenshot:  {}
2020-01-13T11:53:44.583Z [info] 	57 Sending GET request to http://localhost:9516/session/e96e4dc8d997b526fd233cd480d04871/window/handles:  {}
2020-01-13T11:53:44.588Z [info] 	58 Sending POST request to http://localhost:9516/session/e96e4dc8d997b526fd233cd480d04871/window:  {"handle":"CDwindow-3C7167E5024D3CD074B9CA3B6E9D8653"}
2020-01-13T11:53:44.597Z [info] 	59 Sending GET request to http://localhost:9516/session/e96e4dc8d997b526fd233cd480d04871/window/handles:  {}
2020-01-13T11:53:44.601Z [info] 	60 Sending POST request to http://localhost:9516/session/e96e4dc8d997b526fd233cd480d04871/url:  {"url":"about:blank"}
2020-01-13T11:53:44.704Z [info] 	62 Sending element request to http://localhost:9516/session/e96e4dc8d997b526fd233cd480d04871:  {"using":"xpath","value":"/html/body/*"}
2020-01-13T11:53:44.710Z [info] 	62 Element locator: {"value":"/html/body/*","using":"xpath","fromTa":false}
2020-01-13T11:53:44.962Z [info] 	Element response: {"value":[]}
2020-01-13T11:53:44.965Z [info] 	62 Sending POST request to http://localhost:9516/session/e96e4dc8d997b526fd233cd480d04871/goog/cdp/execute:  {"cmd":"Storage.clearDataForOrigin","params":{"origin":"*","storageTypes":"cookies,local_storage"}}
